{"/home/tommy/Documents/gdonkey-proj/gdonkey-extension/background/src/enums/ActionType.ts": {"path":"/home/tommy/Documents/gdonkey-proj/gdonkey-extension/background/src/enums/ActionType.ts","statementMap":{"0":{"start":{"line":1,"column":0},"end":{"line":1,"column":null}},"1":{"start":{"line":2,"column":2},"end":{"line":2,"column":null}},"2":{"start":{"line":3,"column":2},"end":{"line":3,"column":null}},"3":{"start":{"line":4,"column":2},"end":{"line":4,"column":null}},"4":{"start":{"line":7,"column":0},"end":{"line":7,"column":26}}},"fnMap":{"0":{"name":"(anonymous_0)","decl":{"start":{"line":1,"column":0},"end":{"line":1,"column":12}},"loc":{"start":{"line":1,"column":22},"end":{"line":5,"column":1}}}},"branchMap":{"0":{"loc":{"start":{"line":1,"column":12},"end":{"line":1,"column":22}},"type":"binary-expr","locations":[{"start":{"line":1,"column":12},"end":{"line":1,"column":22}},{"start":{"line":1,"column":12},"end":{"line":1,"column":null}}]}},"s":{"0":1,"1":1,"2":1,"3":1,"4":1},"f":{"0":1},"b":{"0":[1,1]}}
,"/home/tommy/Documents/gdonkey-proj/gdonkey-extension/background/src/enums/BlindSize.ts": {"path":"/home/tommy/Documents/gdonkey-proj/gdonkey-extension/background/src/enums/BlindSize.ts","statementMap":{"0":{"start":{"line":1,"column":0},"end":{"line":1,"column":null}},"1":{"start":{"line":2,"column":2},"end":{"line":2,"column":null}},"2":{"start":{"line":3,"column":2},"end":{"line":3,"column":null}},"3":{"start":{"line":6,"column":0},"end":{"line":6,"column":25}}},"fnMap":{"0":{"name":"(anonymous_0)","decl":{"start":{"line":1,"column":0},"end":{"line":1,"column":5}},"loc":{"start":{"line":1,"column":14},"end":{"line":4,"column":1}}}},"branchMap":{"0":{"loc":{"start":{"line":1,"column":5},"end":{"line":1,"column":14}},"type":"binary-expr","locations":[{"start":{"line":1,"column":5},"end":{"line":1,"column":14}},{"start":{"line":1,"column":5},"end":{"line":1,"column":null}}]}},"s":{"0":1,"1":1,"2":1,"3":1},"f":{"0":1},"b":{"0":[1,1]}}
,"/home/tommy/Documents/gdonkey-proj/gdonkey-extension/background/src/enums/BlindType.ts": {"path":"/home/tommy/Documents/gdonkey-proj/gdonkey-extension/background/src/enums/BlindType.ts","statementMap":{"0":{"start":{"line":1,"column":0},"end":{"line":1,"column":null}},"1":{"start":{"line":2,"column":2},"end":{"line":2,"column":null}},"2":{"start":{"line":3,"column":2},"end":{"line":3,"column":null}},"3":{"start":{"line":6,"column":0},"end":{"line":6,"column":25}}},"fnMap":{"0":{"name":"(anonymous_0)","decl":{"start":{"line":1,"column":0},"end":{"line":1,"column":5}},"loc":{"start":{"line":1,"column":14},"end":{"line":4,"column":1}}}},"branchMap":{"0":{"loc":{"start":{"line":1,"column":5},"end":{"line":1,"column":14}},"type":"binary-expr","locations":[{"start":{"line":1,"column":5},"end":{"line":1,"column":14}},{"start":{"line":1,"column":5},"end":{"line":1,"column":null}}]}},"s":{"0":1,"1":1,"2":1,"3":1},"f":{"0":1},"b":{"0":[1,1]}}
,"/home/tommy/Documents/gdonkey-proj/gdonkey-extension/background/src/enums/CasinoName.ts": {"path":"/home/tommy/Documents/gdonkey-proj/gdonkey-extension/background/src/enums/CasinoName.ts","statementMap":{"0":{"start":{"line":1,"column":0},"end":{"line":1,"column":null}},"1":{"start":{"line":2,"column":2},"end":{"line":2,"column":null}},"2":{"start":{"line":3,"column":2},"end":{"line":3,"column":null}},"3":{"start":{"line":6,"column":0},"end":{"line":6,"column":26}}},"fnMap":{"0":{"name":"(anonymous_0)","decl":{"start":{"line":1,"column":0},"end":{"line":1,"column":5}},"loc":{"start":{"line":1,"column":15},"end":{"line":4,"column":1}}}},"branchMap":{"0":{"loc":{"start":{"line":1,"column":5},"end":{"line":1,"column":15}},"type":"binary-expr","locations":[{"start":{"line":1,"column":5},"end":{"line":1,"column":15}},{"start":{"line":1,"column":5},"end":{"line":1,"column":null}}]}},"s":{"0":1,"1":1,"2":1,"3":1},"f":{"0":1},"b":{"0":[1,1]}}
,"/home/tommy/Documents/gdonkey-proj/gdonkey-extension/background/src/enums/Protocol.ts": {"path":"/home/tommy/Documents/gdonkey-proj/gdonkey-extension/background/src/enums/Protocol.ts","statementMap":{"0":{"start":{"line":1,"column":0},"end":{"line":1,"column":null}},"1":{"start":{"line":2,"column":2},"end":{"line":2,"column":null}},"2":{"start":{"line":3,"column":2},"end":{"line":3,"column":null}},"3":{"start":{"line":6,"column":0},"end":{"line":6,"column":24}}},"fnMap":{"0":{"name":"(anonymous_0)","decl":{"start":{"line":1,"column":0},"end":{"line":1,"column":5}},"loc":{"start":{"line":1,"column":13},"end":{"line":4,"column":1}}}},"branchMap":{"0":{"loc":{"start":{"line":1,"column":5},"end":{"line":1,"column":13}},"type":"binary-expr","locations":[{"start":{"line":1,"column":5},"end":{"line":1,"column":13}},{"start":{"line":1,"column":5},"end":{"line":1,"column":null}}]}},"s":{"0":1,"1":1,"2":1,"3":1},"f":{"0":1},"b":{"0":[1,1]}}
,"/home/tommy/Documents/gdonkey-proj/gdonkey-extension/background/src/enums/Street.ts": {"path":"/home/tommy/Documents/gdonkey-proj/gdonkey-extension/background/src/enums/Street.ts","statementMap":{"0":{"start":{"line":1,"column":0},"end":{"line":1,"column":null}},"1":{"start":{"line":2,"column":2},"end":{"line":2,"column":null}},"2":{"start":{"line":3,"column":2},"end":{"line":3,"column":null}},"3":{"start":{"line":4,"column":2},"end":{"line":4,"column":null}},"4":{"start":{"line":5,"column":2},"end":{"line":5,"column":null}},"5":{"start":{"line":8,"column":0},"end":{"line":8,"column":22}}},"fnMap":{"0":{"name":"(anonymous_0)","decl":{"start":{"line":1,"column":0},"end":{"line":1,"column":5}},"loc":{"start":{"line":1,"column":11},"end":{"line":6,"column":1}}}},"branchMap":{"0":{"loc":{"start":{"line":1,"column":5},"end":{"line":1,"column":11}},"type":"binary-expr","locations":[{"start":{"line":1,"column":5},"end":{"line":1,"column":11}},{"start":{"line":1,"column":5},"end":{"line":1,"column":null}}]}},"s":{"0":1,"1":1,"2":1,"3":1,"4":1,"5":1},"f":{"0":1},"b":{"0":[1,1]}}
,"/home/tommy/Documents/gdonkey-proj/gdonkey-extension/background/src/enums/index.ts": {"path":"/home/tommy/Documents/gdonkey-proj/gdonkey-extension/background/src/enums/index.ts","statementMap":{"0":{"start":{"line":1,"column":0},"end":{"line":1,"column":9}},"1":{"start":{"line":1,"column":9},"end":{"line":1,"column":30}},"2":{"start":{"line":3,"column":0},"end":{"line":3,"column":9}},"3":{"start":{"line":3,"column":9},"end":{"line":3,"column":29}},"4":{"start":{"line":4,"column":0},"end":{"line":4,"column":9}},"5":{"start":{"line":4,"column":9},"end":{"line":4,"column":29}},"6":{"start":{"line":5,"column":0},"end":{"line":5,"column":9}},"7":{"start":{"line":5,"column":9},"end":{"line":5,"column":30}},"8":{"start":{"line":6,"column":0},"end":{"line":6,"column":9}},"9":{"start":{"line":6,"column":9},"end":{"line":6,"column":28}},"10":{"start":{"line":7,"column":0},"end":{"line":7,"column":9}},"11":{"start":{"line":7,"column":9},"end":{"line":7,"column":26}}},"fnMap":{"0":{"name":"(anonymous_1)","decl":{"start":{"line":1,"column":9},"end":{"line":1,"column":16}},"loc":{"start":{"line":1,"column":9},"end":{"line":1,"column":30}}},"1":{"name":"(anonymous_2)","decl":{"start":{"line":3,"column":9},"end":{"line":3,"column":16}},"loc":{"start":{"line":3,"column":9},"end":{"line":3,"column":29}}},"2":{"name":"(anonymous_3)","decl":{"start":{"line":4,"column":9},"end":{"line":4,"column":16}},"loc":{"start":{"line":4,"column":9},"end":{"line":4,"column":29}}},"3":{"name":"(anonymous_4)","decl":{"start":{"line":5,"column":9},"end":{"line":5,"column":16}},"loc":{"start":{"line":5,"column":9},"end":{"line":5,"column":30}}},"4":{"name":"(anonymous_5)","decl":{"start":{"line":6,"column":9},"end":{"line":6,"column":16}},"loc":{"start":{"line":6,"column":9},"end":{"line":6,"column":28}}},"5":{"name":"(anonymous_6)","decl":{"start":{"line":7,"column":9},"end":{"line":7,"column":16}},"loc":{"start":{"line":7,"column":9},"end":{"line":7,"column":26}}}},"branchMap":{},"s":{"0":1,"1":1,"2":1,"3":3,"4":1,"5":1,"6":1,"7":1,"8":1,"9":2,"10":1,"11":1},"f":{"0":0,"1":2,"2":0,"3":0,"4":1,"5":0},"b":{}}
,"/home/tommy/Documents/gdonkey-proj/gdonkey-extension/background/src/errors/index.ts": {"path":"/home/tommy/Documents/gdonkey-proj/gdonkey-extension/background/src/errors/index.ts","statementMap":{"0":{"start":{"line":1,"column":0},"end":{"line":1,"column":9}},"1":{"start":{"line":1,"column":9},"end":{"line":1,"column":41}},"2":{"start":{"line":2,"column":0},"end":{"line":2,"column":9}},"3":{"start":{"line":2,"column":9},"end":{"line":2,"column":37}},"4":{"start":{"line":3,"column":0},"end":{"line":3,"column":9}},"5":{"start":{"line":3,"column":9},"end":{"line":3,"column":38}},"6":{"start":{"line":4,"column":0},"end":{"line":4,"column":9}},"7":{"start":{"line":4,"column":9},"end":{"line":4,"column":36}},"8":{"start":{"line":5,"column":0},"end":{"line":5,"column":9}},"9":{"start":{"line":5,"column":9},"end":{"line":5,"column":37}},"10":{"start":{"line":6,"column":0},"end":{"line":6,"column":9}},"11":{"start":{"line":6,"column":9},"end":{"line":6,"column":40}},"12":{"start":{"line":7,"column":0},"end":{"line":7,"column":9}},"13":{"start":{"line":7,"column":9},"end":{"line":7,"column":40}},"14":{"start":{"line":8,"column":0},"end":{"line":8,"column":9}},"15":{"start":{"line":8,"column":9},"end":{"line":8,"column":38}},"16":{"start":{"line":9,"column":0},"end":{"line":9,"column":9}},"17":{"start":{"line":9,"column":9},"end":{"line":9,"column":40}},"18":{"start":{"line":10,"column":0},"end":{"line":10,"column":9}},"19":{"start":{"line":10,"column":9},"end":{"line":10,"column":38}},"20":{"start":{"line":11,"column":0},"end":{"line":11,"column":9}},"21":{"start":{"line":11,"column":9},"end":{"line":11,"column":39}},"22":{"start":{"line":12,"column":0},"end":{"line":12,"column":9}},"23":{"start":{"line":12,"column":9},"end":{"line":12,"column":39}}},"fnMap":{"0":{"name":"(anonymous_1)","decl":{"start":{"line":1,"column":9},"end":{"line":1,"column":16}},"loc":{"start":{"line":1,"column":9},"end":{"line":1,"column":41}}},"1":{"name":"(anonymous_2)","decl":{"start":{"line":2,"column":9},"end":{"line":2,"column":16}},"loc":{"start":{"line":2,"column":9},"end":{"line":2,"column":37}}},"2":{"name":"(anonymous_3)","decl":{"start":{"line":3,"column":9},"end":{"line":3,"column":16}},"loc":{"start":{"line":3,"column":9},"end":{"line":3,"column":38}}},"3":{"name":"(anonymous_4)","decl":{"start":{"line":4,"column":9},"end":{"line":4,"column":16}},"loc":{"start":{"line":4,"column":9},"end":{"line":4,"column":36}}},"4":{"name":"(anonymous_5)","decl":{"start":{"line":5,"column":9},"end":{"line":5,"column":16}},"loc":{"start":{"line":5,"column":9},"end":{"line":5,"column":37}}},"5":{"name":"(anonymous_6)","decl":{"start":{"line":6,"column":9},"end":{"line":6,"column":16}},"loc":{"start":{"line":6,"column":9},"end":{"line":6,"column":40}}},"6":{"name":"(anonymous_7)","decl":{"start":{"line":7,"column":9},"end":{"line":7,"column":16}},"loc":{"start":{"line":7,"column":9},"end":{"line":7,"column":40}}},"7":{"name":"(anonymous_8)","decl":{"start":{"line":8,"column":9},"end":{"line":8,"column":16}},"loc":{"start":{"line":8,"column":9},"end":{"line":8,"column":38}}},"8":{"name":"(anonymous_9)","decl":{"start":{"line":9,"column":9},"end":{"line":9,"column":16}},"loc":{"start":{"line":9,"column":9},"end":{"line":9,"column":40}}},"9":{"name":"(anonymous_10)","decl":{"start":{"line":10,"column":9},"end":{"line":10,"column":16}},"loc":{"start":{"line":10,"column":9},"end":{"line":10,"column":38}}},"10":{"name":"(anonymous_11)","decl":{"start":{"line":11,"column":9},"end":{"line":11,"column":16}},"loc":{"start":{"line":11,"column":9},"end":{"line":11,"column":39}}},"11":{"name":"(anonymous_12)","decl":{"start":{"line":12,"column":9},"end":{"line":12,"column":16}},"loc":{"start":{"line":12,"column":9},"end":{"line":12,"column":39}}}},"branchMap":{},"s":{"0":1,"1":1,"2":1,"3":1,"4":1,"5":1,"6":1,"7":1,"8":1,"9":1,"10":1,"11":1,"12":1,"13":1,"14":1,"15":1,"16":1,"17":1,"18":1,"19":1,"20":1,"21":1,"22":1,"23":1},"f":{"0":0,"1":0,"2":0,"3":0,"4":0,"5":0,"6":0,"7":0,"8":0,"9":0,"10":0,"11":0},"b":{}}
,"/home/tommy/Documents/gdonkey-proj/gdonkey-extension/background/src/models/curator/Curator.ts": {"path":"/home/tommy/Documents/gdonkey-proj/gdonkey-extension/background/src/models/curator/Curator.ts","statementMap":{"0":{"start":{"line":12,"column":0},"end":{"line":12,"column":null}},"1":{"start":{"line":17,"column":0},"end":{"line":17,"column":null}},"2":{"start":{"line":29,"column":0},"end":{"line":29,"column":53}},"3":{"start":{"line":31,"column":0},"end":{"line":31,"column":null}},"4":{"start":{"line":47,"column":22},"end":{"line":47,"column":41}},"5":{"start":{"line":47,"column":51},"end":{"line":47,"column":65}},"6":{"start":{"line":49,"column":4},"end":{"line":49,"column":22}},"7":{"start":{"line":50,"column":4},"end":{"line":50,"column":43}},"8":{"start":{"line":51,"column":4},"end":{"line":51,"column":35}},"9":{"start":{"line":52,"column":4},"end":{"line":52,"column":33}},"10":{"start":{"line":53,"column":4},"end":{"line":53,"column":34}},"11":{"start":{"line":54,"column":4},"end":{"line":54,"column":37}},"12":{"start":{"line":55,"column":4},"end":{"line":55,"column":40}},"13":{"start":{"line":56,"column":4},"end":{"line":56,"column":35}},"14":{"start":{"line":57,"column":4},"end":{"line":57,"column":21}},"15":{"start":{"line":60,"column":9},"end":{"line":63,"column":null}},"16":{"start":{"line":61,"column":4},"end":{"line":61,"column":21}},"17":{"start":{"line":62,"column":4},"end":{"line":62,"column":61}},"18":{"start":{"line":65,"column":9},"end":{"line":67,"column":null}},"19":{"start":{"line":66,"column":4},"end":{"line":66,"column":21}},"20":{"start":{"line":69,"column":9},"end":{"line":71,"column":null}},"21":{"start":{"line":70,"column":4},"end":{"line":70,"column":43}},"22":{"start":{"line":73,"column":9},"end":{"line":76,"column":null}},"23":{"start":{"line":74,"column":18},"end":{"line":74,"column":54}},"24":{"start":{"line":75,"column":4},"end":{"line":75,"column":34}},"25":{"start":{"line":75,"column":15},"end":{"line":75,"column":34}},"26":{"start":{"line":78,"column":9},"end":{"line":80,"column":null}},"27":{"start":{"line":79,"column":4},"end":{"line":79,"column":71}},"28":{"start":{"line":82,"column":9},"end":{"line":84,"column":null}},"29":{"start":{"line":83,"column":4},"end":{"line":83,"column":35}},"30":{"start":{"line":86,"column":9},"end":{"line":88,"column":null}},"31":{"start":{"line":87,"column":4},"end":{"line":87,"column":23}},"32":{"start":{"line":90,"column":9},"end":{"line":92,"column":null}},"33":{"start":{"line":91,"column":4},"end":{"line":91,"column":21}},"34":{"start":{"line":94,"column":9},"end":{"line":96,"column":null}},"35":{"start":{"line":95,"column":4},"end":{"line":95,"column":37}},"36":{"start":{"line":98,"column":9},"end":{"line":100,"column":null}},"37":{"start":{"line":99,"column":4},"end":{"line":99,"column":40}},"38":{"start":{"line":102,"column":15},"end":{"line":110,"column":null}},"39":{"start":{"line":103,"column":4},"end":{"line":103,"column":55}},"40":{"start":{"line":103,"column":22},"end":{"line":103,"column":55}},"41":{"start":{"line":104,"column":4},"end":{"line":104,"column":53}},"42":{"start":{"line":104,"column":21},"end":{"line":104,"column":53}},"43":{"start":{"line":105,"column":4},"end":{"line":105,"column":29}},"44":{"start":{"line":106,"column":4},"end":{"line":106,"column":50}},"45":{"start":{"line":107,"column":4},"end":{"line":107,"column":32}},"46":{"start":{"line":108,"column":4},"end":{"line":108,"column":30}},"47":{"start":{"line":109,"column":4},"end":{"line":109,"column":66}},"48":{"start":{"line":112,"column":9},"end":{"line":114,"column":null}},"49":{"start":{"line":113,"column":4},"end":{"line":113,"column":66}},"50":{"start":{"line":116,"column":9},"end":{"line":118,"column":null}},"51":{"start":{"line":117,"column":4},"end":{"line":117,"column":75}},"52":{"start":{"line":120,"column":9},"end":{"line":122,"column":null}},"53":{"start":{"line":121,"column":4},"end":{"line":121,"column":77}},"54":{"start":{"line":124,"column":9},"end":{"line":126,"column":null}},"55":{"start":{"line":124,"column":22},"end":{"line":124,"column":38}},"56":{"start":{"line":125,"column":4},"end":{"line":125,"column":30}},"57":{"start":{"line":128,"column":15},"end":{"line":135,"column":null}},"58":{"start":{"line":129,"column":4},"end":{"line":129,"column":68}},"59":{"start":{"line":129,"column":37},"end":{"line":129,"column":68}},"60":{"start":{"line":130,"column":4},"end":{"line":134,"column":7}},"61":{"start":{"line":137,"column":16},"end":{"line":148,"column":null}},"62":{"start":{"line":138,"column":4},"end":{"line":147,"column":6}},"63":{"start":{"line":139,"column":46},"end":{"line":146,"column":8}},"64":{"start":{"line":140,"column":8},"end":{"line":140,"column":30}},"65":{"start":{"line":140,"column":23},"end":{"line":140,"column":30}},"66":{"start":{"line":141,"column":14},"end":{"line":141,"column":47}},"67":{"start":{"line":142,"column":8},"end":{"line":142,"column":55}},"68":{"start":{"line":142,"column":21},"end":{"line":142,"column":55}},"69":{"start":{"line":143,"column":8},"end":{"line":143,"column":76}},"70":{"start":{"line":143,"column":43},"end":{"line":143,"column":76}},"71":{"start":{"line":144,"column":8},"end":{"line":144,"column":43}},"72":{"start":{"line":145,"column":8},"end":{"line":145,"column":42}},"73":{"start":{"line":150,"column":16},"end":{"line":166,"column":null}},"74":{"start":{"line":151,"column":4},"end":{"line":151,"column":68}},"75":{"start":{"line":151,"column":35},"end":{"line":151,"column":68}},"76":{"start":{"line":152,"column":10},"end":{"line":152,"column":64}},"77":{"start":{"line":153,"column":4},"end":{"line":165,"column":6}},"78":{"start":{"line":154,"column":46},"end":{"line":164,"column":8}},"79":{"start":{"line":155,"column":8},"end":{"line":155,"column":30}},"80":{"start":{"line":155,"column":23},"end":{"line":155,"column":30}},"81":{"start":{"line":156,"column":14},"end":{"line":156,"column":47}},"82":{"start":{"line":157,"column":14},"end":{"line":157,"column":45}},"83":{"start":{"line":158,"column":8},"end":{"line":158,"column":54}},"84":{"start":{"line":158,"column":20},"end":{"line":158,"column":54}},"85":{"start":{"line":159,"column":8},"end":{"line":159,"column":75}},"86":{"start":{"line":159,"column":38},"end":{"line":159,"column":75}},"87":{"start":{"line":160,"column":8},"end":{"line":160,"column":72}},"88":{"start":{"line":160,"column":41},"end":{"line":160,"column":72}},"89":{"start":{"line":161,"column":14},"end":{"line":161,"column":75}},"90":{"start":{"line":162,"column":8},"end":{"line":162,"column":58}},"91":{"start":{"line":163,"column":8},"end":{"line":163,"column":43}},"92":{"start":{"line":168,"column":16},"end":{"line":177,"column":null}},"93":{"start":{"line":169,"column":8},"end":{"line":169,"column":12}},"94":{"start":{"line":170,"column":6},"end":{"line":173,"column":9}},"95":{"start":{"line":175,"column":6},"end":{"line":175,"column":41}},"96":{"start":{"line":179,"column":16},"end":{"line":188,"column":null}},"97":{"start":{"line":180,"column":4},"end":{"line":187,"column":6}},"98":{"start":{"line":181,"column":34},"end":{"line":186,"column":8}},"99":{"start":{"line":182,"column":14},"end":{"line":182,"column":32}},"100":{"start":{"line":183,"column":14},"end":{"line":183,"column":49}},"101":{"start":{"line":184,"column":8},"end":{"line":184,"column":77}},"102":{"start":{"line":184,"column":42},"end":{"line":184,"column":77}},"103":{"start":{"line":185,"column":8},"end":{"line":185,"column":43}},"104":{"start":{"line":190,"column":16},"end":{"line":215,"column":null}},"105":{"start":{"line":191,"column":4},"end":{"line":191,"column":53}},"106":{"start":{"line":191,"column":21},"end":{"line":191,"column":53}},"107":{"start":{"line":192,"column":4},"end":{"line":192,"column":68}},"108":{"start":{"line":192,"column":35},"end":{"line":192,"column":68}},"109":{"start":{"line":193,"column":10},"end":{"line":193,"column":29}},"110":{"start":{"line":194,"column":10},"end":{"line":194,"column":64}},"111":{"start":{"line":195,"column":4},"end":{"line":214,"column":6}},"112":{"start":{"line":197,"column":8},"end":{"line":197,"column":30}},"113":{"start":{"line":197,"column":23},"end":{"line":197,"column":30}},"114":{"start":{"line":198,"column":25},"end":{"line":198,"column":41}},"115":{"start":{"line":199,"column":27},"end":{"line":199,"column":48}},"116":{"start":{"line":200,"column":8},"end":{"line":200,"column":77}},"117":{"start":{"line":200,"column":42},"end":{"line":200,"column":77}},"118":{"start":{"line":201,"column":8},"end":{"line":212,"column":null}},"119":{"start":{"line":202,"column":10},"end":{"line":204,"column":36}},"120":{"start":{"line":205,"column":15},"end":{"line":212,"column":null}},"121":{"start":{"line":209,"column":10},"end":{"line":211,"column":36}},"122":{"start":{"line":217,"column":16},"end":{"line":232,"column":null}},"123":{"start":{"line":218,"column":4},"end":{"line":218,"column":53}},"124":{"start":{"line":218,"column":21},"end":{"line":218,"column":53}},"125":{"start":{"line":219,"column":10},"end":{"line":219,"column":29}},"126":{"start":{"line":220,"column":4},"end":{"line":231,"column":6}},"127":{"start":{"line":222,"column":25},"end":{"line":222,"column":50}},"128":{"start":{"line":223,"column":27},"end":{"line":223,"column":48}},"129":{"start":{"line":224,"column":8},"end":{"line":224,"column":44}},"130":{"start":{"line":224,"column":37},"end":{"line":224,"column":44}},"131":{"start":{"line":225,"column":8},"end":{"line":225,"column":77}},"132":{"start":{"line":225,"column":42},"end":{"line":225,"column":77}},"133":{"start":{"line":226,"column":8},"end":{"line":228,"column":34}},"134":{"start":{"line":229,"column":8},"end":{"line":229,"column":45}},"135":{"start":{"line":234,"column":16},"end":{"line":242,"column":null}},"136":{"start":{"line":235,"column":4},"end":{"line":241,"column":6}},"137":{"start":{"line":236,"column":42},"end":{"line":240,"column":8}},"138":{"start":{"line":237,"column":14},"end":{"line":237,"column":49}},"139":{"start":{"line":238,"column":8},"end":{"line":238,"column":77}},"140":{"start":{"line":238,"column":42},"end":{"line":238,"column":77}},"141":{"start":{"line":239,"column":8},"end":{"line":239,"column":41}},"142":{"start":{"line":244,"column":16},"end":{"line":254,"column":null}},"143":{"start":{"line":245,"column":4},"end":{"line":253,"column":6}},"144":{"start":{"line":246,"column":36},"end":{"line":252,"column":8}},"145":{"start":{"line":247,"column":14},"end":{"line":247,"column":33}},"146":{"start":{"line":248,"column":14},"end":{"line":248,"column":49}},"147":{"start":{"line":249,"column":8},"end":{"line":250,"column":52}},"148":{"start":{"line":250,"column":10},"end":{"line":250,"column":52}},"149":{"start":{"line":251,"column":8},"end":{"line":251,"column":44}},"150":{"start":{"line":256,"column":10},"end":{"line":266,"column":null}},"151":{"start":{"line":257,"column":4},"end":{"line":257,"column":22}},"152":{"start":{"line":258,"column":4},"end":{"line":258,"column":43}},"153":{"start":{"line":259,"column":4},"end":{"line":259,"column":35}},"154":{"start":{"line":260,"column":4},"end":{"line":260,"column":33}},"155":{"start":{"line":261,"column":4},"end":{"line":261,"column":34}},"156":{"start":{"line":262,"column":4},"end":{"line":262,"column":37}},"157":{"start":{"line":263,"column":4},"end":{"line":263,"column":40}},"158":{"start":{"line":264,"column":4},"end":{"line":264,"column":35}},"159":{"start":{"line":265,"column":4},"end":{"line":265,"column":21}},"160":{"start":{"line":268,"column":10},"end":{"line":275,"column":null}},"161":{"start":{"line":269,"column":4},"end":{"line":269,"column":22}},"162":{"start":{"line":270,"column":4},"end":{"line":270,"column":43}},"163":{"start":{"line":271,"column":4},"end":{"line":271,"column":33}},"164":{"start":{"line":272,"column":4},"end":{"line":272,"column":37}},"165":{"start":{"line":273,"column":4},"end":{"line":273,"column":35}},"166":{"start":{"line":274,"column":4},"end":{"line":274,"column":21}},"167":{"start":{"line":276,"column":0},"end":{"line":276,"column":null}}},"fnMap":{"0":{"name":"(anonymous_13)","decl":{"start":{"line":31,"column":0},"end":{"line":31,"column":null}},"loc":{"start":{"line":31,"column":0},"end":{"line":276,"column":null}}},"1":{"name":"Curator","decl":{"start":{"line":47,"column":2},"end":{"line":47,"column":22}},"loc":{"start":{"line":47,"column":65},"end":{"line":58,"column":3}}},"2":{"name":"(anonymous_15)","decl":{"start":{"line":60,"column":2},"end":{"line":60,"column":9}},"loc":{"start":{"line":60,"column":2},"end":{"line":63,"column":3}}},"3":{"name":"(anonymous_16)","decl":{"start":{"line":65,"column":2},"end":{"line":65,"column":9}},"loc":{"start":{"line":65,"column":2},"end":{"line":67,"column":3}}},"4":{"name":"(anonymous_17)","decl":{"start":{"line":69,"column":2},"end":{"line":69,"column":9}},"loc":{"start":{"line":69,"column":32},"end":{"line":71,"column":3}}},"5":{"name":"(anonymous_18)","decl":{"start":{"line":73,"column":2},"end":{"line":73,"column":9}},"loc":{"start":{"line":73,"column":54},"end":{"line":76,"column":3}}},"6":{"name":"(anonymous_19)","decl":{"start":{"line":78,"column":2},"end":{"line":78,"column":9}},"loc":{"start":{"line":78,"column":55},"end":{"line":80,"column":3}}},"7":{"name":"(anonymous_20)","decl":{"start":{"line":82,"column":2},"end":{"line":82,"column":9}},"loc":{"start":{"line":82,"column":50},"end":{"line":84,"column":3}}},"8":{"name":"(anonymous_21)","decl":{"start":{"line":86,"column":2},"end":{"line":86,"column":9}},"loc":{"start":{"line":86,"column":36},"end":{"line":88,"column":3}}},"9":{"name":"(anonymous_22)","decl":{"start":{"line":90,"column":2},"end":{"line":90,"column":9}},"loc":{"start":{"line":90,"column":34},"end":{"line":92,"column":3}}},"10":{"name":"(anonymous_23)","decl":{"start":{"line":94,"column":2},"end":{"line":94,"column":9}},"loc":{"start":{"line":94,"column":34},"end":{"line":96,"column":3}}},"11":{"name":"(anonymous_24)","decl":{"start":{"line":98,"column":2},"end":{"line":98,"column":9}},"loc":{"start":{"line":98,"column":41},"end":{"line":100,"column":3}}},"12":{"name":"(anonymous_25)","decl":{"start":{"line":102,"column":2},"end":{"line":102,"column":15}},"loc":{"start":{"line":102,"column":2},"end":{"line":110,"column":null}}},"13":{"name":"(anonymous_28)","decl":{"start":{"line":112,"column":2},"end":{"line":112,"column":9}},"loc":{"start":{"line":112,"column":66},"end":{"line":114,"column":3}}},"14":{"name":"(anonymous_29)","decl":{"start":{"line":116,"column":2},"end":{"line":116,"column":9}},"loc":{"start":{"line":116,"column":60},"end":{"line":118,"column":3}}},"15":{"name":"(anonymous_30)","decl":{"start":{"line":120,"column":2},"end":{"line":120,"column":9}},"loc":{"start":{"line":120,"column":69},"end":{"line":122,"column":3}}},"16":{"name":"(anonymous_31)","decl":{"start":{"line":124,"column":2},"end":{"line":124,"column":9}},"loc":{"start":{"line":124,"column":2},"end":{"line":126,"column":3}}},"17":{"name":"(anonymous_32)","decl":{"start":{"line":128,"column":2},"end":{"line":128,"column":15}},"loc":{"start":{"line":128,"column":2},"end":{"line":135,"column":null}}},"18":{"name":"(anonymous_35)","decl":{"start":{"line":137,"column":2},"end":{"line":137,"column":16}},"loc":{"start":{"line":137,"column":2},"end":{"line":148,"column":null}}},"19":{"name":"(anonymous_38)","decl":{"start":{"line":139,"column":25},"end":{"line":139,"column":32}},"loc":{"start":{"line":139,"column":46},"end":{"line":146,"column":8}}},"20":{"name":"(anonymous_39)","decl":{"start":{"line":139,"column":46},"end":{"line":139,"column":null}},"loc":{"start":{"line":139,"column":46},"end":{"line":146,"column":8}}},"21":{"name":"(anonymous_41)","decl":{"start":{"line":150,"column":2},"end":{"line":150,"column":16}},"loc":{"start":{"line":150,"column":2},"end":{"line":166,"column":null}}},"22":{"name":"(anonymous_44)","decl":{"start":{"line":154,"column":25},"end":{"line":154,"column":32}},"loc":{"start":{"line":154,"column":46},"end":{"line":164,"column":8}}},"23":{"name":"(anonymous_45)","decl":{"start":{"line":154,"column":46},"end":{"line":154,"column":null}},"loc":{"start":{"line":154,"column":46},"end":{"line":164,"column":8}}},"24":{"name":"(anonymous_47)","decl":{"start":{"line":168,"column":2},"end":{"line":168,"column":16}},"loc":{"start":{"line":168,"column":2},"end":{"line":177,"column":null}}},"25":{"name":"(anonymous_50)","decl":{"start":{"line":179,"column":2},"end":{"line":179,"column":16}},"loc":{"start":{"line":179,"column":2},"end":{"line":188,"column":null}}},"26":{"name":"(anonymous_53)","decl":{"start":{"line":181,"column":22},"end":{"line":181,"column":29}},"loc":{"start":{"line":181,"column":34},"end":{"line":186,"column":8}}},"27":{"name":"(anonymous_54)","decl":{"start":{"line":181,"column":34},"end":{"line":181,"column":null}},"loc":{"start":{"line":181,"column":34},"end":{"line":186,"column":8}}},"28":{"name":"(anonymous_56)","decl":{"start":{"line":190,"column":2},"end":{"line":190,"column":16}},"loc":{"start":{"line":190,"column":2},"end":{"line":215,"column":null}}},"29":{"name":"(anonymous_59)","decl":{"start":{"line":196,"column":25},"end":{"line":196,"column":26}},"loc":{"start":{"line":196,"column":40},"end":{"line":213,"column":7}}},"30":{"name":"(anonymous_60)","decl":{"start":{"line":217,"column":2},"end":{"line":217,"column":16}},"loc":{"start":{"line":217,"column":2},"end":{"line":232,"column":null}}},"31":{"name":"(anonymous_63)","decl":{"start":{"line":221,"column":28},"end":{"line":221,"column":29}},"loc":{"start":{"line":221,"column":43},"end":{"line":230,"column":7}}},"32":{"name":"(anonymous_64)","decl":{"start":{"line":234,"column":2},"end":{"line":234,"column":16}},"loc":{"start":{"line":234,"column":2},"end":{"line":242,"column":null}}},"33":{"name":"(anonymous_67)","decl":{"start":{"line":236,"column":23},"end":{"line":236,"column":30}},"loc":{"start":{"line":236,"column":42},"end":{"line":240,"column":8}}},"34":{"name":"(anonymous_68)","decl":{"start":{"line":236,"column":42},"end":{"line":236,"column":null}},"loc":{"start":{"line":236,"column":42},"end":{"line":240,"column":8}}},"35":{"name":"(anonymous_70)","decl":{"start":{"line":244,"column":2},"end":{"line":244,"column":16}},"loc":{"start":{"line":244,"column":2},"end":{"line":254,"column":null}}},"36":{"name":"(anonymous_73)","decl":{"start":{"line":246,"column":23},"end":{"line":246,"column":30}},"loc":{"start":{"line":246,"column":36},"end":{"line":252,"column":8}}},"37":{"name":"(anonymous_74)","decl":{"start":{"line":246,"column":36},"end":{"line":246,"column":null}},"loc":{"start":{"line":246,"column":36},"end":{"line":252,"column":8}}},"38":{"name":"(anonymous_76)","decl":{"start":{"line":256,"column":2},"end":{"line":256,"column":10}},"loc":{"start":{"line":256,"column":2},"end":{"line":266,"column":3}}},"39":{"name":"(anonymous_77)","decl":{"start":{"line":268,"column":2},"end":{"line":268,"column":10}},"loc":{"start":{"line":268,"column":2},"end":{"line":275,"column":3}}}},"branchMap":{"0":{"loc":{"start":{"line":75,"column":4},"end":{"line":75,"column":34}},"type":"if","locations":[{"start":{"line":75,"column":4},"end":{"line":75,"column":34}},{"start":{"line":75,"column":4},"end":{"line":75,"column":34}}]},"1":{"loc":{"start":{"line":103,"column":4},"end":{"line":103,"column":55}},"type":"if","locations":[{"start":{"line":103,"column":4},"end":{"line":103,"column":55}},{"start":{"line":103,"column":4},"end":{"line":103,"column":55}}]},"2":{"loc":{"start":{"line":104,"column":4},"end":{"line":104,"column":53}},"type":"if","locations":[{"start":{"line":104,"column":4},"end":{"line":104,"column":53}},{"start":{"line":104,"column":4},"end":{"line":104,"column":53}}]},"3":{"loc":{"start":{"line":129,"column":4},"end":{"line":129,"column":68}},"type":"if","locations":[{"start":{"line":129,"column":4},"end":{"line":129,"column":68}},{"start":{"line":129,"column":4},"end":{"line":129,"column":68}}]},"4":{"loc":{"start":{"line":129,"column":17},"end":{"line":129,"column":19}},"type":"cond-expr","locations":[{"start":{"line":129,"column":17},"end":{"line":129,"column":19}},{"start":{"line":129,"column":17},"end":{"line":129,"column":21}}]},"5":{"loc":{"start":{"line":129,"column":8},"end":{"line":129,"column":19}},"type":"binary-expr","locations":[{"start":{"line":129,"column":8},"end":{"line":129,"column":19}},{"start":{"line":129,"column":17},"end":{"line":129,"column":19}}]},"6":{"loc":{"start":{"line":138,"column":4},"end":{"line":147,"column":6}},"type":"switch","locations":[{"start":{"line":138,"column":4},"end":{"line":147,"column":6}}]},"7":{"loc":{"start":{"line":140,"column":8},"end":{"line":140,"column":30}},"type":"if","locations":[{"start":{"line":140,"column":8},"end":{"line":140,"column":30}},{"start":{"line":140,"column":8},"end":{"line":140,"column":30}}]},"8":{"loc":{"start":{"line":142,"column":8},"end":{"line":142,"column":55}},"type":"if","locations":[{"start":{"line":142,"column":8},"end":{"line":142,"column":55}},{"start":{"line":142,"column":8},"end":{"line":142,"column":55}}]},"9":{"loc":{"start":{"line":143,"column":8},"end":{"line":143,"column":76}},"type":"if","locations":[{"start":{"line":143,"column":8},"end":{"line":143,"column":76}},{"start":{"line":143,"column":8},"end":{"line":143,"column":76}}]},"10":{"loc":{"start":{"line":143,"column":23},"end":{"line":143,"column":25}},"type":"cond-expr","locations":[{"start":{"line":143,"column":23},"end":{"line":143,"column":25}},{"start":{"line":143,"column":23},"end":{"line":143,"column":27}}]},"11":{"loc":{"start":{"line":143,"column":12},"end":{"line":143,"column":25}},"type":"binary-expr","locations":[{"start":{"line":143,"column":12},"end":{"line":143,"column":25}},{"start":{"line":143,"column":23},"end":{"line":143,"column":25}}]},"12":{"loc":{"start":{"line":151,"column":4},"end":{"line":151,"column":68}},"type":"if","locations":[{"start":{"line":151,"column":4},"end":{"line":151,"column":68}},{"start":{"line":151,"column":4},"end":{"line":151,"column":68}}]},"13":{"loc":{"start":{"line":155,"column":8},"end":{"line":155,"column":30}},"type":"if","locations":[{"start":{"line":155,"column":8},"end":{"line":155,"column":30}},{"start":{"line":155,"column":8},"end":{"line":155,"column":30}}]},"14":{"loc":{"start":{"line":158,"column":8},"end":{"line":158,"column":54}},"type":"if","locations":[{"start":{"line":158,"column":8},"end":{"line":158,"column":54}},{"start":{"line":158,"column":8},"end":{"line":158,"column":54}}]},"15":{"loc":{"start":{"line":159,"column":8},"end":{"line":159,"column":75}},"type":"if","locations":[{"start":{"line":159,"column":8},"end":{"line":159,"column":75}},{"start":{"line":159,"column":8},"end":{"line":159,"column":75}}]},"16":{"loc":{"start":{"line":159,"column":18},"end":{"line":159,"column":20}},"type":"cond-expr","locations":[{"start":{"line":159,"column":18},"end":{"line":159,"column":20}},{"start":{"line":159,"column":12},"end":{"line":159,"column":22}}]},"17":{"loc":{"start":{"line":159,"column":12},"end":{"line":159,"column":20}},"type":"binary-expr","locations":[{"start":{"line":159,"column":12},"end":{"line":159,"column":20}},{"start":{"line":159,"column":12},"end":{"line":159,"column":20}}]},"18":{"loc":{"start":{"line":160,"column":8},"end":{"line":160,"column":72}},"type":"if","locations":[{"start":{"line":160,"column":8},"end":{"line":160,"column":72}},{"start":{"line":160,"column":8},"end":{"line":160,"column":72}}]},"19":{"loc":{"start":{"line":160,"column":21},"end":{"line":160,"column":23}},"type":"cond-expr","locations":[{"start":{"line":160,"column":21},"end":{"line":160,"column":23}},{"start":{"line":160,"column":21},"end":{"line":160,"column":25}}]},"20":{"loc":{"start":{"line":160,"column":12},"end":{"line":160,"column":23}},"type":"binary-expr","locations":[{"start":{"line":160,"column":12},"end":{"line":160,"column":23}},{"start":{"line":160,"column":21},"end":{"line":160,"column":23}}]},"21":{"loc":{"start":{"line":175,"column":6},"end":{"line":175,"column":41}},"type":"switch","locations":[{"start":{"line":175,"column":6},"end":{"line":175,"column":41}}]},"22":{"loc":{"start":{"line":169,"column":8},"end":{"line":169,"column":12}},"type":"if","locations":[{"start":{"line":169,"column":8},"end":{"line":169,"column":12}},{"start":{"line":169,"column":8},"end":{"line":169,"column":12}}]},"23":{"loc":{"start":{"line":180,"column":4},"end":{"line":187,"column":6}},"type":"switch","locations":[{"start":{"line":180,"column":4},"end":{"line":187,"column":6}}]},"24":{"loc":{"start":{"line":184,"column":8},"end":{"line":184,"column":77}},"type":"if","locations":[{"start":{"line":184,"column":8},"end":{"line":184,"column":77}},{"start":{"line":184,"column":8},"end":{"line":184,"column":77}}]},"25":{"loc":{"start":{"line":184,"column":22},"end":{"line":184,"column":24}},"type":"cond-expr","locations":[{"start":{"line":184,"column":22},"end":{"line":184,"column":24}},{"start":{"line":184,"column":12},"end":{"line":184,"column":26}}]},"26":{"loc":{"start":{"line":184,"column":12},"end":{"line":184,"column":24}},"type":"binary-expr","locations":[{"start":{"line":184,"column":12},"end":{"line":184,"column":24}},{"start":{"line":184,"column":12},"end":{"line":184,"column":24}}]},"27":{"loc":{"start":{"line":191,"column":4},"end":{"line":191,"column":53}},"type":"if","locations":[{"start":{"line":191,"column":4},"end":{"line":191,"column":53}},{"start":{"line":191,"column":4},"end":{"line":191,"column":53}}]},"28":{"loc":{"start":{"line":192,"column":4},"end":{"line":192,"column":68}},"type":"if","locations":[{"start":{"line":192,"column":4},"end":{"line":192,"column":68}},{"start":{"line":192,"column":4},"end":{"line":192,"column":68}}]},"29":{"loc":{"start":{"line":197,"column":8},"end":{"line":197,"column":30}},"type":"if","locations":[{"start":{"line":197,"column":8},"end":{"line":197,"column":30}},{"start":{"line":197,"column":8},"end":{"line":197,"column":30}}]},"30":{"loc":{"start":{"line":200,"column":8},"end":{"line":200,"column":77}},"type":"if","locations":[{"start":{"line":200,"column":8},"end":{"line":200,"column":77}},{"start":{"line":200,"column":8},"end":{"line":200,"column":77}}]},"31":{"loc":{"start":{"line":200,"column":22},"end":{"line":200,"column":24}},"type":"cond-expr","locations":[{"start":{"line":200,"column":22},"end":{"line":200,"column":24}},{"start":{"line":200,"column":12},"end":{"line":200,"column":26}}]},"32":{"loc":{"start":{"line":200,"column":12},"end":{"line":200,"column":24}},"type":"binary-expr","locations":[{"start":{"line":200,"column":12},"end":{"line":200,"column":24}},{"start":{"line":200,"column":12},"end":{"line":200,"column":24}}]},"33":{"loc":{"start":{"line":201,"column":8},"end":{"line":212,"column":null}},"type":"if","locations":[{"start":{"line":201,"column":8},"end":{"line":212,"column":null}},{"start":{"line":201,"column":8},"end":{"line":212,"column":null}}]},"34":{"loc":{"start":{"line":201,"column":13},"end":{"line":201,"column":40}},"type":"binary-expr","locations":[{"start":{"line":201,"column":13},"end":{"line":201,"column":40}},{"start":{"line":201,"column":44},"end":{"line":201,"column":58}},{"start":{"line":201,"column":63},"end":{"line":201,"column":77}}]},"35":{"loc":{"start":{"line":205,"column":15},"end":{"line":212,"column":null}},"type":"if","locations":[{"start":{"line":205,"column":15},"end":{"line":212,"column":null}},{"start":{"line":205,"column":15},"end":{"line":212,"column":null}}]},"36":{"loc":{"start":{"line":206,"column":11},"end":{"line":206,"column":38}},"type":"binary-expr","locations":[{"start":{"line":206,"column":11},"end":{"line":206,"column":38}},{"start":{"line":206,"column":42},"end":{"line":206,"column":56}},{"start":{"line":207,"column":10},"end":{"line":207,"column":24}}]},"37":{"loc":{"start":{"line":218,"column":4},"end":{"line":218,"column":53}},"type":"if","locations":[{"start":{"line":218,"column":4},"end":{"line":218,"column":53}},{"start":{"line":218,"column":4},"end":{"line":218,"column":53}}]},"38":{"loc":{"start":{"line":224,"column":8},"end":{"line":224,"column":44}},"type":"if","locations":[{"start":{"line":224,"column":8},"end":{"line":224,"column":44}},{"start":{"line":224,"column":8},"end":{"line":224,"column":44}}]},"39":{"loc":{"start":{"line":224,"column":14},"end":{"line":224,"column":22}},"type":"binary-expr","locations":[{"start":{"line":224,"column":14},"end":{"line":224,"column":22}},{"start":{"line":224,"column":26},"end":{"line":224,"column":34}}]},"40":{"loc":{"start":{"line":225,"column":8},"end":{"line":225,"column":77}},"type":"if","locations":[{"start":{"line":225,"column":8},"end":{"line":225,"column":77}},{"start":{"line":225,"column":8},"end":{"line":225,"column":77}}]},"41":{"loc":{"start":{"line":225,"column":22},"end":{"line":225,"column":24}},"type":"cond-expr","locations":[{"start":{"line":225,"column":22},"end":{"line":225,"column":24}},{"start":{"line":225,"column":12},"end":{"line":225,"column":26}}]},"42":{"loc":{"start":{"line":225,"column":12},"end":{"line":225,"column":24}},"type":"binary-expr","locations":[{"start":{"line":225,"column":12},"end":{"line":225,"column":24}},{"start":{"line":225,"column":12},"end":{"line":225,"column":24}}]},"43":{"loc":{"start":{"line":235,"column":4},"end":{"line":241,"column":6}},"type":"switch","locations":[{"start":{"line":235,"column":4},"end":{"line":241,"column":6}}]},"44":{"loc":{"start":{"line":238,"column":8},"end":{"line":238,"column":77}},"type":"if","locations":[{"start":{"line":238,"column":8},"end":{"line":238,"column":77}},{"start":{"line":238,"column":8},"end":{"line":238,"column":77}}]},"45":{"loc":{"start":{"line":238,"column":22},"end":{"line":238,"column":24}},"type":"cond-expr","locations":[{"start":{"line":238,"column":22},"end":{"line":238,"column":24}},{"start":{"line":238,"column":12},"end":{"line":238,"column":26}}]},"46":{"loc":{"start":{"line":238,"column":12},"end":{"line":238,"column":24}},"type":"binary-expr","locations":[{"start":{"line":238,"column":12},"end":{"line":238,"column":24}},{"start":{"line":238,"column":12},"end":{"line":238,"column":24}}]},"47":{"loc":{"start":{"line":245,"column":4},"end":{"line":253,"column":6}},"type":"switch","locations":[{"start":{"line":245,"column":4},"end":{"line":253,"column":6}}]},"48":{"loc":{"start":{"line":249,"column":8},"end":{"line":250,"column":52}},"type":"if","locations":[{"start":{"line":249,"column":8},"end":{"line":250,"column":52}},{"start":{"line":249,"column":8},"end":{"line":250,"column":52}}]},"49":{"loc":{"start":{"line":249,"column":22},"end":{"line":249,"column":24}},"type":"cond-expr","locations":[{"start":{"line":249,"column":22},"end":{"line":249,"column":24}},{"start":{"line":249,"column":12},"end":{"line":249,"column":26}}]},"50":{"loc":{"start":{"line":249,"column":12},"end":{"line":249,"column":24}},"type":"binary-expr","locations":[{"start":{"line":249,"column":12},"end":{"line":249,"column":24}},{"start":{"line":249,"column":12},"end":{"line":249,"column":24}}]}},"s":{"0":1,"1":1,"2":1,"3":1,"4":1,"5":1,"6":1,"7":1,"8":1,"9":1,"10":1,"11":1,"12":1,"13":1,"14":1,"15":1,"16":1,"17":1,"18":1,"19":1,"20":1,"21":1,"22":1,"23":2,"24":2,"25":2,"26":1,"27":3,"28":1,"29":3,"30":1,"31":1,"32":1,"33":1,"34":1,"35":2,"36":1,"37":0,"38":1,"39":1,"40":0,"41":1,"42":0,"43":1,"44":0,"45":0,"46":0,"47":0,"48":1,"49":0,"50":1,"51":0,"52":1,"53":0,"54":1,"55":0,"56":0,"57":1,"58":0,"59":0,"60":0,"61":1,"62":0,"63":0,"64":0,"65":0,"66":0,"67":0,"68":0,"69":0,"70":0,"71":0,"72":0,"73":1,"74":0,"75":0,"76":0,"77":0,"78":0,"79":0,"80":0,"81":0,"82":0,"83":0,"84":0,"85":0,"86":0,"87":0,"88":0,"89":0,"90":0,"91":0,"92":1,"93":0,"94":0,"95":0,"96":1,"97":0,"98":0,"99":0,"100":0,"101":0,"102":0,"103":0,"104":1,"105":0,"106":0,"107":0,"108":0,"109":0,"110":0,"111":0,"112":0,"113":0,"114":0,"115":0,"116":0,"117":0,"118":0,"119":0,"120":0,"121":0,"122":1,"123":0,"124":0,"125":0,"126":0,"127":0,"128":0,"129":0,"130":0,"131":0,"132":0,"133":0,"134":0,"135":1,"136":0,"137":0,"138":0,"139":0,"140":0,"141":0,"142":1,"143":0,"144":0,"145":0,"146":0,"147":0,"148":0,"149":0,"150":1,"151":1,"152":1,"153":1,"154":1,"155":1,"156":1,"157":1,"158":1,"159":1,"160":1,"161":1,"162":1,"163":1,"164":1,"165":1,"166":1,"167":1},"f":{"0":1,"1":1,"2":1,"3":1,"4":1,"5":2,"6":3,"7":3,"8":1,"9":1,"10":2,"11":0,"12":1,"13":0,"14":0,"15":0,"16":0,"17":0,"18":0,"19":0,"20":0,"21":0,"22":0,"23":0,"24":0,"25":0,"26":0,"27":0,"28":0,"29":0,"30":0,"31":0,"32":0,"33":0,"34":0,"35":0,"36":0,"37":0,"38":1,"39":1},"b":{"0":[2,0],"1":[0,1],"2":[0,1],"3":[0,0],"4":[0,0],"5":[0,0],"6":[0],"7":[0,0],"8":[0,0],"9":[0,0],"10":[0,0],"11":[0,0],"12":[0,0],"13":[0,0],"14":[0,0],"15":[0,0],"16":[0,0],"17":[0,0],"18":[0,0],"19":[0,0],"20":[0,0],"21":[0],"22":[0,0],"23":[0],"24":[0,0],"25":[0,0],"26":[0,0],"27":[0,0],"28":[0,0],"29":[0,0],"30":[0,0],"31":[0,0],"32":[0,0],"33":[0,0],"34":[0,0,0],"35":[0,0],"36":[0,0,0],"37":[0,0],"38":[0,0],"39":[0,0],"40":[0,0],"41":[0,0],"42":[0,0],"43":[0],"44":[0,0],"45":[0,0],"46":[0,0],"47":[0],"48":[0,0],"49":[0,0],"50":[0,0]}}
,"/home/tommy/Documents/gdonkey-proj/gdonkey-extension/background/src/models/curator/tests/mockedConfig.ts": {"path":"/home/tommy/Documents/gdonkey-proj/gdonkey-extension/background/src/models/curator/tests/mockedConfig.ts","statementMap":{"0":{"start":{"line":1,"column":0},"end":{"line":1,"column":42}},"1":{"start":{"line":3,"column":0},"end":{"line":8,"column":2}}},"fnMap":{},"branchMap":{},"s":{"0":1,"1":1},"f":{},"b":{}}
,"/home/tommy/Documents/gdonkey-proj/gdonkey-extension/background/src/models/curator/tests/mockedRepos.ts": {"path":"/home/tommy/Documents/gdonkey-proj/gdonkey-extension/background/src/models/curator/tests/mockedRepos.ts","statementMap":{"0":{"start":{"line":1,"column":0},"end":{"line":50,"column":2}},"1":{"start":{"line":4,"column":6},"end":{"line":4,"column":null}},"2":{"start":{"line":9,"column":6},"end":{"line":9,"column":null}},"3":{"start":{"line":14,"column":6},"end":{"line":14,"column":null}},"4":{"start":{"line":19,"column":6},"end":{"line":19,"column":null}},"5":{"start":{"line":24,"column":6},"end":{"line":24,"column":null}},"6":{"start":{"line":29,"column":6},"end":{"line":29,"column":null}},"7":{"start":{"line":34,"column":6},"end":{"line":34,"column":null}},"8":{"start":{"line":39,"column":6},"end":{"line":39,"column":null}},"9":{"start":{"line":44,"column":6},"end":{"line":44,"column":null}},"10":{"start":{"line":47,"column":6},"end":{"line":47,"column":null}}},"fnMap":{"0":{"name":"(anonymous_0)","decl":{"start":{"line":3,"column":20},"end":{"line":3,"column":null}},"loc":{"start":{"line":3,"column":20},"end":{"line":5,"column":5}}},"1":{"name":"(anonymous_1)","decl":{"start":{"line":8,"column":20},"end":{"line":8,"column":null}},"loc":{"start":{"line":8,"column":20},"end":{"line":10,"column":5}}},"2":{"name":"(anonymous_2)","decl":{"start":{"line":13,"column":20},"end":{"line":13,"column":null}},"loc":{"start":{"line":13,"column":20},"end":{"line":15,"column":5}}},"3":{"name":"(anonymous_3)","decl":{"start":{"line":18,"column":20},"end":{"line":18,"column":null}},"loc":{"start":{"line":18,"column":20},"end":{"line":20,"column":5}}},"4":{"name":"(anonymous_4)","decl":{"start":{"line":23,"column":20},"end":{"line":23,"column":null}},"loc":{"start":{"line":23,"column":20},"end":{"line":25,"column":5}}},"5":{"name":"(anonymous_5)","decl":{"start":{"line":28,"column":20},"end":{"line":28,"column":null}},"loc":{"start":{"line":28,"column":20},"end":{"line":30,"column":5}}},"6":{"name":"(anonymous_6)","decl":{"start":{"line":33,"column":20},"end":{"line":33,"column":null}},"loc":{"start":{"line":33,"column":20},"end":{"line":35,"column":5}}},"7":{"name":"(anonymous_7)","decl":{"start":{"line":38,"column":20},"end":{"line":38,"column":null}},"loc":{"start":{"line":38,"column":20},"end":{"line":40,"column":5}}},"8":{"name":"(anonymous_8)","decl":{"start":{"line":43,"column":19},"end":{"line":43,"column":null}},"loc":{"start":{"line":43,"column":19},"end":{"line":45,"column":5}}},"9":{"name":"(anonymous_9)","decl":{"start":{"line":46,"column":20},"end":{"line":46,"column":null}},"loc":{"start":{"line":46,"column":20},"end":{"line":48,"column":5}}}},"branchMap":{},"s":{"0":1,"1":0,"2":0,"3":3,"4":1,"5":1,"6":3,"7":0,"8":0,"9":2,"10":0},"f":{"0":0,"1":0,"2":3,"3":1,"4":1,"5":3,"6":0,"7":0,"8":2,"9":0},"b":{}}
,"/home/tommy/Documents/gdonkey-proj/gdonkey-extension/background/src/utils/index.ts": {"path":"/home/tommy/Documents/gdonkey-proj/gdonkey-extension/background/src/utils/index.ts","statementMap":{"0":{"start":{"line":1,"column":0},"end":{"line":1,"column":9}},"1":{"start":{"line":1,"column":9},"end":{"line":1,"column":31}},"2":{"start":{"line":2,"column":0},"end":{"line":2,"column":9}},"3":{"start":{"line":2,"column":9},"end":{"line":2,"column":29}}},"fnMap":{"0":{"name":"(anonymous_1)","decl":{"start":{"line":1,"column":9},"end":{"line":1,"column":16}},"loc":{"start":{"line":1,"column":9},"end":{"line":1,"column":31}}},"1":{"name":"(anonymous_2)","decl":{"start":{"line":2,"column":9},"end":{"line":2,"column":16}},"loc":{"start":{"line":2,"column":9},"end":{"line":2,"column":29}}}},"branchMap":{},"s":{"0":1,"1":1,"2":1,"3":16},"f":{"0":0,"1":15},"b":{}}
,"/home/tommy/Documents/gdonkey-proj/gdonkey-extension/background/src/utils/position-map/PositionMap.ts": {"path":"/home/tommy/Documents/gdonkey-proj/gdonkey-extension/background/src/utils/position-map/PositionMap.ts","statementMap":{"0":{"start":{"line":1,"column":0},"end":{"line":1,"column":48}},"1":{"start":{"line":2,"column":0},"end":{"line":2,"column":63}},"2":{"start":{"line":3,"column":0},"end":{"line":3,"column":38}},"3":{"start":{"line":5,"column":0},"end":{"line":5,"column":null}},"4":{"start":{"line":9,"column":4},"end":{"line":9,"column":69}},"5":{"start":{"line":9,"column":34},"end":{"line":9,"column":69}},"6":{"start":{"line":10,"column":22},"end":{"line":10,"column":23}},"7":{"start":{"line":11,"column":35},"end":{"line":11,"column":50}},"8":{"start":{"line":12,"column":4},"end":{"line":18,"column":null}},"9":{"start":{"line":12,"column":17},"end":{"line":12,"column":18}},"10":{"start":{"line":13,"column":27},"end":{"line":13,"column":43}},"11":{"start":{"line":14,"column":6},"end":{"line":17,"column":null}},"12":{"start":{"line":15,"column":8},"end":{"line":15,"column":45}},"13":{"start":{"line":16,"column":8},"end":{"line":16,"column":22}},"14":{"start":{"line":19,"column":4},"end":{"line":19,"column":21}},"15":{"start":{"line":22,"column":9},"end":{"line":26,"column":null}},"16":{"start":{"line":23,"column":21},"end":{"line":23,"column":42}},"17":{"start":{"line":24,"column":4},"end":{"line":24,"column":66}},"18":{"start":{"line":24,"column":32},"end":{"line":24,"column":66}},"19":{"start":{"line":25,"column":4},"end":{"line":25,"column":20}},"20":{"start":{"line":27,"column":0},"end":{"line":27,"column":null}}},"fnMap":{"0":{"name":"(anonymous_1)","decl":{"start":{"line":5,"column":0},"end":{"line":5,"column":null}},"loc":{"start":{"line":5,"column":0},"end":{"line":27,"column":null}}},"1":{"name":"PositionMap","decl":{"start":{"line":8,"column":2},"end":{"line":8,"column":14}},"loc":{"start":{"line":8,"column":59},"end":{"line":20,"column":3}}},"2":{"name":"(anonymous_3)","decl":{"start":{"line":22,"column":2},"end":{"line":22,"column":9}},"loc":{"start":{"line":22,"column":25},"end":{"line":26,"column":3}}}},"branchMap":{"0":{"loc":{"start":{"line":9,"column":4},"end":{"line":9,"column":69}},"type":"if","locations":[{"start":{"line":9,"column":4},"end":{"line":9,"column":69}},{"start":{"line":9,"column":4},"end":{"line":9,"column":69}}]},"1":{"loc":{"start":{"line":9,"column":8},"end":{"line":9,"column":18}},"type":"binary-expr","locations":[{"start":{"line":9,"column":8},"end":{"line":9,"column":18}},{"start":{"line":9,"column":22},"end":{"line":9,"column":32}}]},"2":{"loc":{"start":{"line":14,"column":6},"end":{"line":17,"column":null}},"type":"if","locations":[{"start":{"line":14,"column":6},"end":{"line":17,"column":null}},{"start":{"line":14,"column":6},"end":{"line":17,"column":null}}]},"3":{"loc":{"start":{"line":24,"column":4},"end":{"line":24,"column":66}},"type":"if","locations":[{"start":{"line":24,"column":4},"end":{"line":24,"column":66}},{"start":{"line":24,"column":4},"end":{"line":24,"column":66}}]}},"s":{"0":1,"1":1,"2":1,"3":1,"4":0,"5":0,"6":0,"7":0,"8":0,"9":0,"10":0,"11":0,"12":0,"13":0,"14":0,"15":1,"16":0,"17":0,"18":0,"19":0,"20":1},"f":{"0":1,"1":0,"2":0},"b":{"0":[0,0],"1":[0,0],"2":[0,0],"3":[0,0]}}
,"/home/tommy/Documents/gdonkey-proj/gdonkey-extension/background/src/utils/position-map/index.ts": {"path":"/home/tommy/Documents/gdonkey-proj/gdonkey-extension/background/src/utils/position-map/index.ts","statementMap":{"0":{"start":{"line":1,"column":0},"end":{"line":1,"column":9}},"1":{"start":{"line":1,"column":9},"end":{"line":1,"column":40}}},"fnMap":{"0":{"name":"(anonymous_1)","decl":{"start":{"line":1,"column":9},"end":{"line":1,"column":16}},"loc":{"start":{"line":1,"column":9},"end":{"line":1,"column":40}}}},"branchMap":{},"s":{"0":1,"1":1},"f":{"0":0},"b":{}}
,"/home/tommy/Documents/gdonkey-proj/gdonkey-extension/background/src/utils/seat-chart/SeatChart.ts": {"path":"/home/tommy/Documents/gdonkey-proj/gdonkey-extension/background/src/utils/seat-chart/SeatChart.ts","statementMap":{"0":{"start":{"line":1,"column":0},"end":{"line":1,"column":28}},"1":{"start":{"line":2,"column":0},"end":{"line":2,"column":61}},"2":{"start":{"line":4,"column":0},"end":{"line":4,"column":null}},"3":{"start":{"line":8,"column":4},"end":{"line":8,"column":20}},"4":{"start":{"line":11,"column":2},"end":{"line":13,"column":null}},"5":{"start":{"line":12,"column":4},"end":{"line":12,"column":54}},"6":{"start":{"line":12,"column":40},"end":{"line":12,"column":51}},"7":{"start":{"line":15,"column":9},"end":{"line":18,"column":null}},"8":{"start":{"line":16,"column":4},"end":{"line":16,"column":63}},"9":{"start":{"line":16,"column":30},"end":{"line":16,"column":63}},"10":{"start":{"line":17,"column":4},"end":{"line":17,"column":28}},"11":{"start":{"line":20,"column":9},"end":{"line":23,"column":null}},"12":{"start":{"line":21,"column":4},"end":{"line":21,"column":63}},"13":{"start":{"line":21,"column":30},"end":{"line":21,"column":63}},"14":{"start":{"line":22,"column":4},"end":{"line":22,"column":28}},"15":{"start":{"line":25,"column":9},"end":{"line":28,"column":null}},"16":{"start":{"line":26,"column":4},"end":{"line":26,"column":63}},"17":{"start":{"line":26,"column":30},"end":{"line":26,"column":63}},"18":{"start":{"line":27,"column":4},"end":{"line":27,"column":28}},"19":{"start":{"line":30,"column":9},"end":{"line":32,"column":null}},"20":{"start":{"line":30,"column":2},"end":{"line":30,"column":9}},"21":{"start":{"line":31,"column":4},"end":{"line":31,"column":61}},"22":{"start":{"line":31,"column":33},"end":{"line":31,"column":60}},"23":{"start":{"line":34,"column":9},"end":{"line":36,"column":null}},"24":{"start":{"line":34,"column":2},"end":{"line":34,"column":9}},"25":{"start":{"line":35,"column":4},"end":{"line":35,"column":64}},"26":{"start":{"line":35,"column":36},"end":{"line":35,"column":63}},"27":{"start":{"line":38,"column":9},"end":{"line":46,"column":null}},"28":{"start":{"line":38,"column":2},"end":{"line":38,"column":9}},"29":{"start":{"line":42,"column":4},"end":{"line":45,"column":6}},"30":{"start":{"line":43,"column":19},"end":{"line":43,"column":null}},"31":{"start":{"line":47,"column":0},"end":{"line":47,"column":null}}},"fnMap":{"0":{"name":"(anonymous_7)","decl":{"start":{"line":4,"column":0},"end":{"line":4,"column":null}},"loc":{"start":{"line":4,"column":0},"end":{"line":47,"column":null}}},"1":{"name":"SeatChart","decl":{"start":{"line":7,"column":2},"end":{"line":7,"column":null}},"loc":{"start":{"line":7,"column":2},"end":{"line":9,"column":3}}},"2":{"name":"(anonymous_9)","decl":{"start":{"line":11,"column":2},"end":{"line":11,"column":13}},"loc":{"start":{"line":11,"column":2},"end":{"line":13,"column":3}}},"3":{"name":"(anonymous_10)","decl":{"start":{"line":12,"column":29},"end":{"line":12,"column":30}},"loc":{"start":{"line":12,"column":35},"end":{"line":12,"column":45}}},"4":{"name":"(anonymous_11)","decl":{"start":{"line":15,"column":2},"end":{"line":15,"column":9}},"loc":{"start":{"line":15,"column":27},"end":{"line":18,"column":3}}},"5":{"name":"(anonymous_12)","decl":{"start":{"line":20,"column":2},"end":{"line":20,"column":9}},"loc":{"start":{"line":20,"column":26},"end":{"line":23,"column":3}}},"6":{"name":"(anonymous_13)","decl":{"start":{"line":25,"column":2},"end":{"line":25,"column":9}},"loc":{"start":{"line":25,"column":36},"end":{"line":28,"column":3}}},"7":{"name":"(anonymous_14)","decl":{"start":{"line":30,"column":2},"end":{"line":30,"column":9}},"loc":{"start":{"line":30,"column":59},"end":{"line":32,"column":3}}},"8":{"name":"(anonymous_15)","decl":{"start":{"line":31,"column":26},"end":{"line":31,"column":27}},"loc":{"start":{"line":31,"column":28},"end":{"line":31,"column":41}}},"9":{"name":"(anonymous_16)","decl":{"start":{"line":34,"column":2},"end":{"line":34,"column":9}},"loc":{"start":{"line":34,"column":55},"end":{"line":36,"column":3}}},"10":{"name":"(anonymous_17)","decl":{"start":{"line":35,"column":29},"end":{"line":35,"column":30}},"loc":{"start":{"line":35,"column":31},"end":{"line":35,"column":44}}},"11":{"name":"(anonymous_18)","decl":{"start":{"line":38,"column":2},"end":{"line":38,"column":9}},"loc":{"start":{"line":40,"column":11},"end":{"line":46,"column":3}}},"12":{"name":"(anonymous_19)","decl":{"start":{"line":43,"column":6},"end":{"line":43,"column":7}},"loc":{"start":{"line":43,"column":14},"end":{"line":43,"column":27}}}},"branchMap":{"0":{"loc":{"start":{"line":16,"column":4},"end":{"line":16,"column":63}},"type":"if","locations":[{"start":{"line":16,"column":4},"end":{"line":16,"column":63}},{"start":{"line":16,"column":4},"end":{"line":16,"column":63}}]},"1":{"loc":{"start":{"line":16,"column":8},"end":{"line":16,"column":16}},"type":"binary-expr","locations":[{"start":{"line":16,"column":8},"end":{"line":16,"column":16}},{"start":{"line":16,"column":20},"end":{"line":16,"column":28}}]},"2":{"loc":{"start":{"line":21,"column":4},"end":{"line":21,"column":63}},"type":"if","locations":[{"start":{"line":21,"column":4},"end":{"line":21,"column":63}},{"start":{"line":21,"column":4},"end":{"line":21,"column":63}}]},"3":{"loc":{"start":{"line":21,"column":8},"end":{"line":21,"column":16}},"type":"binary-expr","locations":[{"start":{"line":21,"column":8},"end":{"line":21,"column":16}},{"start":{"line":21,"column":20},"end":{"line":21,"column":28}}]},"4":{"loc":{"start":{"line":26,"column":4},"end":{"line":26,"column":63}},"type":"if","locations":[{"start":{"line":26,"column":4},"end":{"line":26,"column":63}},{"start":{"line":26,"column":4},"end":{"line":26,"column":63}}]},"5":{"loc":{"start":{"line":26,"column":8},"end":{"line":26,"column":16}},"type":"binary-expr","locations":[{"start":{"line":26,"column":8},"end":{"line":26,"column":16}},{"start":{"line":26,"column":20},"end":{"line":26,"column":28}}]}},"s":{"0":1,"1":1,"2":1,"3":15,"4":1,"5":0,"6":0,"7":1,"8":0,"9":0,"10":0,"11":1,"12":0,"13":0,"14":0,"15":1,"16":8,"17":0,"18":8,"19":1,"20":0,"21":0,"22":0,"23":1,"24":0,"25":0,"26":0,"27":1,"28":0,"29":0,"30":0,"31":1},"f":{"0":1,"1":15,"2":0,"3":0,"4":0,"5":0,"6":8,"7":0,"8":0,"9":0,"10":0,"11":0,"12":0},"b":{"0":[0,0],"1":[0,0],"2":[0,0],"3":[0,0],"4":[0,8],"5":[8,8]}}
,"/home/tommy/Documents/gdonkey-proj/gdonkey-extension/background/src/utils/seat-chart/index.ts": {"path":"/home/tommy/Documents/gdonkey-proj/gdonkey-extension/background/src/utils/seat-chart/index.ts","statementMap":{"0":{"start":{"line":1,"column":0},"end":{"line":1,"column":9}},"1":{"start":{"line":1,"column":9},"end":{"line":1,"column":38}}},"fnMap":{"0":{"name":"(anonymous_1)","decl":{"start":{"line":1,"column":9},"end":{"line":1,"column":16}},"loc":{"start":{"line":1,"column":9},"end":{"line":1,"column":38}}}},"branchMap":{},"s":{"0":1,"1":16},"f":{"0":15},"b":{}}
}
