{"/home/tommy/Documents/gdonkey-proj/gdonkey-extension/src/background/src/container.ts": {"path":"/home/tommy/Documents/gdonkey-proj/gdonkey-extension/src/background/src/container.ts","statementMap":{"0":{"start":{"line":1,"column":0},"end":{"line":1,"column":31}},"1":{"start":{"line":2,"column":0},"end":{"line":2,"column":38}},"2":{"start":{"line":3,"column":0},"end":{"line":3,"column":51}},"3":{"start":{"line":4,"column":0},"end":{"line":4,"column":54}},"4":{"start":{"line":5,"column":0},"end":{"line":5,"column":46}},"5":{"start":{"line":6,"column":0},"end":{"line":6,"column":66}},"6":{"start":{"line":7,"column":0},"end":{"line":7,"column":71}},"7":{"start":{"line":8,"column":0},"end":{"line":8,"column":28}},"8":{"start":{"line":9,"column":0},"end":{"line":9,"column":46}},"9":{"start":{"line":13,"column":18},"end":{"line":13,"column":33}},"10":{"start":{"line":15,"column":16},"end":{"line":17,"column":34}},"11":{"start":{"line":18,"column":0},"end":{"line":18,"column":54}},"12":{"start":{"line":19,"column":0},"end":{"line":22,"column":3}},"13":{"start":{"line":20,"column":2},"end":{"line":20,"column":15}},"14":{"start":{"line":21,"column":2},"end":{"line":21,"column":31}},"15":{"start":{"line":24,"column":0},"end":{"line":26,"column":54}},"16":{"start":{"line":27,"column":0},"end":{"line":27,"column":51}},"17":{"start":{"line":28,"column":0},"end":{"line":30,"column":3}},"18":{"start":{"line":29,"column":2},"end":{"line":29,"column":42}},"19":{"start":{"line":31,"column":0},"end":{"line":31,"column":46}},"20":{"start":{"line":32,"column":0},"end":{"line":32,"column":42}},"21":{"start":{"line":33,"column":0},"end":{"line":35,"column":3}},"22":{"start":{"line":34,"column":2},"end":{"line":34,"column":48}},"23":{"start":{"line":36,"column":0},"end":{"line":36,"column":64}},"24":{"start":{"line":37,"column":0},"end":{"line":41,"column":3}},"25":{"start":{"line":38,"column":19},"end":{"line":38,"column":47}},"26":{"start":{"line":39,"column":2},"end":{"line":39,"column":89}},"27":{"start":{"line":39,"column":39},"end":{"line":39,"column":89}},"28":{"start":{"line":40,"column":2},"end":{"line":40,"column":17}},"29":{"start":{"line":42,"column":0},"end":{"line":42,"column":79}},"30":{"start":{"line":43,"column":0},"end":{"line":43,"column":55}},"31":{"start":{"line":45,"column":0},"end":{"line":45,"column":59}},"32":{"start":{"line":46,"column":0},"end":{"line":46,"column":55}},"33":{"start":{"line":48,"column":0},"end":{"line":48,"column":57}},"34":{"start":{"line":49,"column":0},"end":{"line":49,"column":63}},"35":{"start":{"line":50,"column":0},"end":{"line":50,"column":46}},"36":{"start":{"line":51,"column":37},"end":{"line":51,"column":68}},"37":{"start":{"line":52,"column":0},"end":{"line":54,"column":null}},"38":{"start":{"line":55,"column":2},"end":{"line":55,"column":19}},"39":{"start":{"line":12,"column":0},"end":{"line":12,"column":24}}},"fnMap":{"0":{"name":"getContainer","decl":{"start":{"line":12,"column":24},"end":{"line":12,"column":36}},"loc":{"start":{"line":12,"column":68},"end":{"line":56,"column":1}}},"1":{"name":"(anonymous_8)","decl":{"start":{"line":17,"column":4},"end":{"line":17,"column":33}},"loc":{"start":{"line":17,"column":4},"end":{"line":17,"column":34}}},"2":{"name":"(anonymous_9)","decl":{"start":{"line":19,"column":48},"end":{"line":19,"column":49}},"loc":{"start":{"line":19,"column":59},"end":{"line":22,"column":1}}},"3":{"name":"(anonymous_10)","decl":{"start":{"line":28,"column":74},"end":{"line":28,"column":75}},"loc":{"start":{"line":28,"column":89},"end":{"line":30,"column":1}}},"4":{"name":"(anonymous_11)","decl":{"start":{"line":33,"column":64},"end":{"line":33,"column":65}},"loc":{"start":{"line":33,"column":82},"end":{"line":35,"column":1}}},"5":{"name":"(anonymous_12)","decl":{"start":{"line":37,"column":110},"end":{"line":37,"column":111}},"loc":{"start":{"line":37,"column":128},"end":{"line":41,"column":1}}},"6":{"name":"(anonymous_13)","decl":{"start":{"line":39,"column":19},"end":{"line":39,"column":20}},"loc":{"start":{"line":39,"column":34},"end":{"line":39,"column":48}}}},"branchMap":{"0":{"loc":{"start":{"line":16,"column":4},"end":{"line":16,"column":10}},"type":"cond-expr","locations":[{"start":{"line":16,"column":4},"end":{"line":16,"column":10}},{"start":{"line":17,"column":4},"end":{"line":17,"column":34}}]}},"s":{"0":2,"1":2,"2":2,"3":2,"4":2,"5":2,"6":2,"7":2,"8":2,"9":2,"10":2,"11":2,"12":2,"13":0,"14":0,"15":2,"16":2,"17":2,"18":2,"19":2,"20":2,"21":2,"22":2,"23":2,"24":2,"25":2,"26":2,"27":4,"28":2,"29":2,"30":2,"31":2,"32":2,"33":2,"34":2,"35":2,"36":2,"37":2,"38":2,"39":2},"f":{"0":2,"1":355,"2":0,"3":2,"4":2,"5":2,"6":4},"b":{"0":[0,2]}}
,"/home/tommy/Documents/gdonkey-proj/gdonkey-extension/src/background/src/init.ts": {"path":"/home/tommy/Documents/gdonkey-proj/gdonkey-extension/src/background/src/init.ts","statementMap":{"0":{"start":{"line":2,"column":0},"end":{"line":2,"column":76}},"1":{"start":{"line":5,"column":0},"end":{"line":5,"column":44}},"2":{"start":{"line":6,"column":0},"end":{"line":6,"column":28}},"3":{"start":{"line":9,"column":0},"end":{"line":53,"column":2}},"4":{"start":{"line":9,"column":42},"end":{"line":53,"column":2}},"5":{"start":{"line":10,"column":8},"end":{"line":10,"column":71}},"6":{"start":{"line":12,"column":8},"end":{"line":12,"column":60}},"7":{"start":{"line":13,"column":8},"end":{"line":13,"column":56}},"8":{"start":{"line":15,"column":8},"end":{"line":15,"column":56}},"9":{"start":{"line":16,"column":8},"end":{"line":18,"column":4}},"10":{"start":{"line":20,"column":8},"end":{"line":20,"column":69}},"11":{"start":{"line":21,"column":8},"end":{"line":21,"column":75}},"12":{"start":{"line":23,"column":2},"end":{"line":23,"column":26}},"13":{"start":{"line":25,"column":8},"end":{"line":35,"column":4}},"14":{"start":{"line":27,"column":21},"end":{"line":27,"column":34}},"15":{"start":{"line":28,"column":25},"end":{"line":28,"column":128}},"16":{"start":{"line":29,"column":25},"end":{"line":29,"column":135}},"17":{"start":{"line":30,"column":6},"end":{"line":33,"column":8}},"18":{"start":{"line":32,"column":20},"end":{"line":32,"column":null}},"19":{"start":{"line":37,"column":8},"end":{"line":45,"column":4}},"20":{"start":{"line":38,"column":23},"end":{"line":38,"column":60}},"21":{"start":{"line":39,"column":4},"end":{"line":39,"column":28}},"22":{"start":{"line":39,"column":21},"end":{"line":39,"column":28}},"23":{"start":{"line":40,"column":4},"end":{"line":44,"column":null}},"24":{"start":{"line":41,"column":6},"end":{"line":41,"column":37}},"25":{"start":{"line":43,"column":6},"end":{"line":43,"column":23}},"26":{"start":{"line":47,"column":2},"end":{"line":47,"column":19}},"27":{"start":{"line":48,"column":2},"end":{"line":48,"column":17}},"28":{"start":{"line":50,"column":2},"end":{"line":52,"column":5}},"29":{"start":{"line":51,"column":4},"end":{"line":51,"column":29}}},"fnMap":{"0":{"name":"(anonymous_14)","decl":{"start":{"line":9,"column":15},"end":{"line":9,"column":22}},"loc":{"start":{"line":9,"column":42},"end":{"line":53,"column":2}}},"1":{"name":"(anonymous_15)","decl":{"start":{"line":9,"column":42},"end":{"line":9,"column":null}},"loc":{"start":{"line":9,"column":42},"end":{"line":53,"column":2}}},"2":{"name":"(anonymous_17)","decl":{"start":{"line":26,"column":31},"end":{"line":26,"column":32}},"loc":{"start":{"line":26,"column":38},"end":{"line":34,"column":5}}},"3":{"name":"(anonymous_18)","decl":{"start":{"line":32,"column":14},"end":{"line":32,"column":20}},"loc":{"start":{"line":32,"column":14},"end":{"line":32,"column":30}}},"4":{"name":"(anonymous_19)","decl":{"start":{"line":37,"column":16},"end":{"line":37,"column":17}},"loc":{"start":{"line":37,"column":36},"end":{"line":45,"column":3}}},"5":{"name":"(anonymous_20)","decl":{"start":{"line":50,"column":37},"end":{"line":50,"column":38}},"loc":{"start":{"line":50,"column":43},"end":{"line":52,"column":3}}}},"branchMap":{"0":{"loc":{"start":{"line":39,"column":4},"end":{"line":39,"column":28}},"type":"if","locations":[{"start":{"line":39,"column":4},"end":{"line":39,"column":28}},{"start":{"line":39,"column":4},"end":{"line":39,"column":28}}]}},"s":{"0":2,"1":2,"2":2,"3":2,"4":2,"5":2,"6":2,"7":2,"8":2,"9":2,"10":2,"11":2,"12":4,"13":2,"14":4,"15":4,"16":4,"17":4,"18":2,"19":2,"20":34,"21":34,"22":0,"23":34,"24":34,"25":0,"26":2,"27":2,"28":2,"29":0},"f":{"0":2,"1":2,"2":4,"3":2,"4":34,"5":0},"b":{"0":[0,34]}}
,"/home/tommy/Documents/gdonkey-proj/gdonkey-extension/src/background/src/types.ts": {"path":"/home/tommy/Documents/gdonkey-proj/gdonkey-extension/src/background/src/types.ts","statementMap":{"0":{"start":{"line":1,"column":0},"end":{"line":21,"column":2}}},"fnMap":{},"branchMap":{},"s":{"0":5},"f":{},"b":{}}
,"/home/tommy/Documents/gdonkey-proj/gdonkey-extension/src/background/src/entities/Action.ts": {"path":"/home/tommy/Documents/gdonkey-proj/gdonkey-extension/src/background/src/entities/Action.ts","statementMap":{"0":{"start":{"line":2,"column":0},"end":{"line":2,"column":50}},"1":{"start":{"line":5,"column":0},"end":{"line":5,"column":30}},"2":{"start":{"line":7,"column":0},"end":{"line":7,"column":null}},"3":{"start":{"line":7,"column":36},"end":{"line":7,"column":42}},"4":{"start":{"line":14,"column":4},"end":{"line":14,"column":null}},"5":{"start":{"line":9,"column":12},"end":{"line":9,"column":22}},"6":{"start":{"line":10,"column":20},"end":{"line":10,"column":32}},"7":{"start":{"line":11,"column":12},"end":{"line":11,"column":28}},"8":{"start":{"line":12,"column":12},"end":{"line":12,"column":38}},"9":{"start":{"line":17,"column":15},"end":{"line":35,"column":null}},"10":{"start":{"line":23,"column":4},"end":{"line":23,"column":68}},"11":{"start":{"line":23,"column":17},"end":{"line":23,"column":68}},"12":{"start":{"line":24,"column":24},"end":{"line":33,"column":null}},"13":{"start":{"line":24,"column":10},"end":{"line":33,"column":null}},"14":{"start":{"line":34,"column":4},"end":{"line":34,"column":25}},"15":{"start":{"line":36,"column":0},"end":{"line":36,"column":null}}},"fnMap":{"0":{"name":"(anonymous_20)","decl":{"start":{"line":7,"column":0},"end":{"line":7,"column":36}},"loc":{"start":{"line":7,"column":0},"end":{"line":36,"column":null}}},"1":{"name":"Action","decl":{"start":{"line":8,"column":2},"end":{"line":8,"column":null}},"loc":{"start":{"line":12,"column":38},"end":{"line":15,"column":3}}},"2":{"name":"(anonymous_22)","decl":{"start":{"line":17,"column":2},"end":{"line":17,"column":15}},"loc":{"start":{"line":21,"column":17},"end":{"line":35,"column":null}}}},"branchMap":{"0":{"loc":{"start":{"line":14,"column":4},"end":{"line":14,"column":11}},"type":"binary-expr","locations":[{"start":{"line":14,"column":4},"end":{"line":14,"column":11}},{"start":{"line":14,"column":11},"end":{"line":14,"column":null}}]},"1":{"loc":{"start":{"line":23,"column":4},"end":{"line":23,"column":68}},"type":"if","locations":[{"start":{"line":23,"column":4},"end":{"line":23,"column":68}},{"start":{"line":23,"column":4},"end":{"line":23,"column":68}}]}},"s":{"0":3,"1":3,"2":3,"3":3,"4":17,"5":17,"6":17,"7":17,"8":17,"9":3,"10":18,"11":1,"12":17,"13":17,"14":17,"15":3},"f":{"0":3,"1":17,"2":18},"b":{"0":[17,17],"1":[1,17]}}
,"/home/tommy/Documents/gdonkey-proj/gdonkey-extension/src/background/src/entities/Blind.ts": {"path":"/home/tommy/Documents/gdonkey-proj/gdonkey-extension/src/background/src/entities/Blind.ts","statementMap":{"0":{"start":{"line":1,"column":0},"end":{"line":1,"column":45}},"1":{"start":{"line":2,"column":0},"end":{"line":2,"column":50}},"2":{"start":{"line":5,"column":0},"end":{"line":5,"column":30}},"3":{"start":{"line":7,"column":0},"end":{"line":7,"column":null}},"4":{"start":{"line":7,"column":35},"end":{"line":7,"column":41}},"5":{"start":{"line":14,"column":4},"end":{"line":14,"column":null}},"6":{"start":{"line":9,"column":12},"end":{"line":9,"column":22}},"7":{"start":{"line":10,"column":20},"end":{"line":10,"column":32}},"8":{"start":{"line":11,"column":12},"end":{"line":11,"column":27}},"9":{"start":{"line":12,"column":12},"end":{"line":12,"column":26}},"10":{"start":{"line":17,"column":15},"end":{"line":28,"column":null}},"11":{"start":{"line":18,"column":4},"end":{"line":18,"column":68}},"12":{"start":{"line":18,"column":17},"end":{"line":18,"column":68}},"13":{"start":{"line":19,"column":24},"end":{"line":26,"column":null}},"14":{"start":{"line":19,"column":10},"end":{"line":26,"column":null}},"15":{"start":{"line":27,"column":4},"end":{"line":27,"column":25}},"16":{"start":{"line":29,"column":0},"end":{"line":29,"column":null}}},"fnMap":{"0":{"name":"(anonymous_20)","decl":{"start":{"line":7,"column":0},"end":{"line":7,"column":35}},"loc":{"start":{"line":7,"column":0},"end":{"line":29,"column":null}}},"1":{"name":"Blind","decl":{"start":{"line":8,"column":2},"end":{"line":8,"column":null}},"loc":{"start":{"line":12,"column":26},"end":{"line":15,"column":3}}},"2":{"name":"(anonymous_22)","decl":{"start":{"line":17,"column":2},"end":{"line":17,"column":15}},"loc":{"start":{"line":17,"column":37},"end":{"line":28,"column":null}}}},"branchMap":{"0":{"loc":{"start":{"line":14,"column":4},"end":{"line":14,"column":11}},"type":"binary-expr","locations":[{"start":{"line":14,"column":4},"end":{"line":14,"column":11}},{"start":{"line":14,"column":11},"end":{"line":14,"column":null}}]},"1":{"loc":{"start":{"line":18,"column":4},"end":{"line":18,"column":68}},"type":"if","locations":[{"start":{"line":18,"column":4},"end":{"line":18,"column":68}},{"start":{"line":18,"column":4},"end":{"line":18,"column":68}}]}},"s":{"0":3,"1":3,"2":3,"3":3,"4":3,"5":5,"6":5,"7":5,"8":5,"9":5,"10":3,"11":6,"12":1,"13":5,"14":5,"15":5,"16":3},"f":{"0":3,"1":5,"2":6},"b":{"0":[5,5],"1":[1,5]}}
,"/home/tommy/Documents/gdonkey-proj/gdonkey-extension/src/background/src/entities/Board.ts": {"path":"/home/tommy/Documents/gdonkey-proj/gdonkey-extension/src/background/src/entities/Board.ts","statementMap":{"0":{"start":{"line":1,"column":0},"end":{"line":1,"column":34}},"1":{"start":{"line":5,"column":0},"end":{"line":5,"column":null}},"2":{"start":{"line":8,"column":22},"end":{"line":8,"column":32}},"3":{"start":{"line":9,"column":4},"end":{"line":9,"column":20}},"4":{"start":{"line":12,"column":2},"end":{"line":22,"column":null}},"5":{"start":{"line":13,"column":4},"end":{"line":21,"column":null}},"6":{"start":{"line":14,"column":6},"end":{"line":14,"column":28}},"7":{"start":{"line":15,"column":11},"end":{"line":21,"column":null}},"8":{"start":{"line":16,"column":6},"end":{"line":16,"column":25}},"9":{"start":{"line":17,"column":11},"end":{"line":21,"column":null}},"10":{"start":{"line":18,"column":6},"end":{"line":18,"column":25}},"11":{"start":{"line":20,"column":6},"end":{"line":20,"column":26}},"12":{"start":{"line":24,"column":9},"end":{"line":26,"column":null}},"13":{"start":{"line":24,"column":14},"end":{"line":24,"column":30}},"14":{"start":{"line":25,"column":4},"end":{"line":25,"column":30}},"15":{"start":{"line":28,"column":15},"end":{"line":50,"column":null}},"16":{"start":{"line":29,"column":8},"end":{"line":29,"column":12}},"17":{"start":{"line":30,"column":6},"end":{"line":34,"column":9}},"18":{"start":{"line":36,"column":8},"end":{"line":36,"column":12}},"19":{"start":{"line":37,"column":6},"end":{"line":41,"column":9}},"20":{"start":{"line":43,"column":8},"end":{"line":43,"column":12}},"21":{"start":{"line":44,"column":6},"end":{"line":48,"column":9}},"22":{"start":{"line":51,"column":0},"end":{"line":51,"column":null}}},"fnMap":{"0":{"name":"(anonymous_13)","decl":{"start":{"line":5,"column":0},"end":{"line":5,"column":null}},"loc":{"start":{"line":5,"column":0},"end":{"line":51,"column":null}}},"1":{"name":"Board","decl":{"start":{"line":8,"column":2},"end":{"line":8,"column":22}},"loc":{"start":{"line":8,"column":32},"end":{"line":10,"column":3}}},"2":{"name":"(anonymous_15)","decl":{"start":{"line":12,"column":2},"end":{"line":12,"column":6}},"loc":{"start":{"line":12,"column":2},"end":{"line":22,"column":3}}},"3":{"name":"(anonymous_16)","decl":{"start":{"line":24,"column":2},"end":{"line":24,"column":9}},"loc":{"start":{"line":24,"column":2},"end":{"line":26,"column":3}}},"4":{"name":"(anonymous_17)","decl":{"start":{"line":28,"column":2},"end":{"line":28,"column":15}},"loc":{"start":{"line":28,"column":34},"end":{"line":50,"column":null}}}},"branchMap":{"0":{"loc":{"start":{"line":13,"column":4},"end":{"line":21,"column":null}},"type":"if","locations":[{"start":{"line":13,"column":4},"end":{"line":21,"column":null}},{"start":{"line":13,"column":4},"end":{"line":21,"column":null}}]},"1":{"loc":{"start":{"line":15,"column":11},"end":{"line":21,"column":null}},"type":"if","locations":[{"start":{"line":15,"column":11},"end":{"line":21,"column":null}},{"start":{"line":15,"column":11},"end":{"line":21,"column":null}}]},"2":{"loc":{"start":{"line":17,"column":11},"end":{"line":21,"column":null}},"type":"if","locations":[{"start":{"line":17,"column":11},"end":{"line":21,"column":null}},{"start":{"line":17,"column":11},"end":{"line":21,"column":null}}]},"3":{"loc":{"start":{"line":29,"column":8},"end":{"line":29,"column":12}},"type":"if","locations":[{"start":{"line":29,"column":8},"end":{"line":29,"column":12}},{"start":{"line":29,"column":8},"end":{"line":29,"column":12}}]},"4":{"loc":{"start":{"line":36,"column":8},"end":{"line":36,"column":12}},"type":"if","locations":[{"start":{"line":36,"column":8},"end":{"line":36,"column":12}},{"start":{"line":36,"column":8},"end":{"line":36,"column":12}}]},"5":{"loc":{"start":{"line":43,"column":8},"end":{"line":43,"column":12}},"type":"if","locations":[{"start":{"line":43,"column":8},"end":{"line":43,"column":12}},{"start":{"line":43,"column":8},"end":{"line":43,"column":12}}]}},"s":{"0":3,"1":3,"2":3,"3":3,"4":3,"5":20,"6":5,"7":15,"8":5,"9":10,"10":5,"11":5,"12":3,"13":33,"14":9,"15":3,"16":11,"17":18,"18":14,"19":12,"20":17,"21":6,"22":3},"f":{"0":3,"1":3,"2":20,"3":9,"4":10},"b":{"0":[5,15],"1":[5,10],"2":[5,5],"3":[1,9],"4":[4,6],"5":[7,3]}}
,"/home/tommy/Documents/gdonkey-proj/gdonkey-extension/src/background/src/entities/Casino.ts": {"path":"/home/tommy/Documents/gdonkey-proj/gdonkey-extension/src/background/src/entities/Casino.ts","statementMap":{"0":{"start":{"line":1,"column":0},"end":{"line":1,"column":28}},"1":{"start":{"line":2,"column":0},"end":{"line":2,"column":30}},"2":{"start":{"line":3,"column":0},"end":{"line":3,"column":47}},"3":{"start":{"line":7,"column":0},"end":{"line":7,"column":null}},"4":{"start":{"line":7,"column":36},"end":{"line":7,"column":42}},"5":{"start":{"line":9,"column":4},"end":{"line":9,"column":null}},"6":{"start":{"line":8,"column":22},"end":{"line":8,"column":32}},"7":{"start":{"line":8,"column":50},"end":{"line":8,"column":62}},"8":{"start":{"line":12,"column":15},"end":{"line":17,"column":null}},"9":{"start":{"line":13,"column":27},"end":{"line":13,"column":null}},"10":{"start":{"line":13,"column":10},"end":{"line":13,"column":null}},"11":{"start":{"line":14,"column":10},"end":{"line":14,"column":56}},"12":{"start":{"line":15,"column":4},"end":{"line":15,"column":57}},"13":{"start":{"line":15,"column":17},"end":{"line":15,"column":57}},"14":{"start":{"line":16,"column":4},"end":{"line":16,"column":25}},"15":{"start":{"line":18,"column":0},"end":{"line":18,"column":null}}},"fnMap":{"0":{"name":"(anonymous_26)","decl":{"start":{"line":7,"column":0},"end":{"line":7,"column":36}},"loc":{"start":{"line":7,"column":0},"end":{"line":18,"column":null}}},"1":{"name":"Casino","decl":{"start":{"line":8,"column":2},"end":{"line":8,"column":22}},"loc":{"start":{"line":8,"column":62},"end":{"line":10,"column":3}}},"2":{"name":"(anonymous_28)","decl":{"start":{"line":12,"column":2},"end":{"line":12,"column":15}},"loc":{"start":{"line":12,"column":2},"end":{"line":17,"column":null}}}},"branchMap":{"0":{"loc":{"start":{"line":9,"column":4},"end":{"line":9,"column":11}},"type":"binary-expr","locations":[{"start":{"line":9,"column":4},"end":{"line":9,"column":11}},{"start":{"line":9,"column":11},"end":{"line":9,"column":null}}]},"1":{"loc":{"start":{"line":13,"column":27},"end":{"line":13,"column":null}},"type":"switch","locations":[{"start":{"line":13,"column":27},"end":{"line":13,"column":null}}]},"2":{"loc":{"start":{"line":15,"column":4},"end":{"line":15,"column":57}},"type":"if","locations":[{"start":{"line":15,"column":4},"end":{"line":15,"column":57}},{"start":{"line":15,"column":4},"end":{"line":15,"column":57}}]}},"s":{"0":3,"1":3,"2":3,"3":3,"4":3,"5":6,"6":6,"7":6,"8":3,"9":4,"10":4,"11":4,"12":4,"13":1,"14":3,"15":3},"f":{"0":3,"1":6,"2":4},"b":{"0":[6,6],"1":[4],"2":[1,3]}}
,"/home/tommy/Documents/gdonkey-proj/gdonkey-extension/src/background/src/entities/Entity.ts": {"path":"/home/tommy/Documents/gdonkey-proj/gdonkey-extension/src/background/src/entities/Entity.ts","statementMap":{"0":{"start":{"line":1,"column":0},"end":{"line":1,"column":null}},"1":{"start":{"line":4,"column":2},"end":{"line":6,"column":null}},"2":{"start":{"line":5,"column":4},"end":{"line":5,"column":20}},"3":{"start":{"line":7,"column":0},"end":{"line":7,"column":null}}},"fnMap":{"0":{"name":"(anonymous_0)","decl":{"start":{"line":1,"column":0},"end":{"line":1,"column":null}},"loc":{"start":{"line":1,"column":0},"end":{"line":7,"column":null}}},"1":{"name":"(anonymous_2)","decl":{"start":{"line":4,"column":2},"end":{"line":4,"column":6}},"loc":{"start":{"line":4,"column":2},"end":{"line":6,"column":3}}}},"branchMap":{},"s":{"0":9,"1":9,"2":146,"3":9},"f":{"0":63,"1":146},"b":{}}
,"/home/tommy/Documents/gdonkey-proj/gdonkey-extension/src/background/src/entities/Game.ts": {"path":"/home/tommy/Documents/gdonkey-proj/gdonkey-extension/src/background/src/entities/Game.ts","statementMap":{"0":{"start":{"line":3,"column":0},"end":{"line":3,"column":30}},"1":{"start":{"line":5,"column":0},"end":{"line":5,"column":null}},"2":{"start":{"line":5,"column":34},"end":{"line":5,"column":40}},"3":{"start":{"line":10,"column":4},"end":{"line":10,"column":null}},"4":{"start":{"line":9,"column":22},"end":{"line":9,"column":32}},"5":{"start":{"line":9,"column":42},"end":{"line":9,"column":60}},"6":{"start":{"line":11,"column":4},"end":{"line":11,"column":46}},"7":{"start":{"line":14,"column":9},"end":{"line":16,"column":null}},"8":{"start":{"line":15,"column":4},"end":{"line":15,"column":44}},"9":{"start":{"line":18,"column":15},"end":{"line":36,"column":null}},"10":{"start":{"line":19,"column":8},"end":{"line":19,"column":9}},"11":{"start":{"line":20,"column":26},"end":{"line":27,"column":null}},"12":{"start":{"line":20,"column":12},"end":{"line":27,"column":null}},"13":{"start":{"line":28,"column":6},"end":{"line":28,"column":27}},"14":{"start":{"line":30,"column":6},"end":{"line":34,"column":9}},"15":{"start":{"line":37,"column":0},"end":{"line":37,"column":null}}},"fnMap":{"0":{"name":"(anonymous_20)","decl":{"start":{"line":5,"column":0},"end":{"line":5,"column":34}},"loc":{"start":{"line":5,"column":0},"end":{"line":37,"column":null}}},"1":{"name":"Game","decl":{"start":{"line":9,"column":2},"end":{"line":9,"column":22}},"loc":{"start":{"line":9,"column":60},"end":{"line":12,"column":3}}},"2":{"name":"(anonymous_22)","decl":{"start":{"line":14,"column":2},"end":{"line":14,"column":9}},"loc":{"start":{"line":14,"column":2},"end":{"line":16,"column":3}}},"3":{"name":"(anonymous_23)","decl":{"start":{"line":18,"column":2},"end":{"line":18,"column":15}},"loc":{"start":{"line":18,"column":35},"end":{"line":36,"column":null}}}},"branchMap":{"0":{"loc":{"start":{"line":10,"column":4},"end":{"line":10,"column":11}},"type":"binary-expr","locations":[{"start":{"line":10,"column":4},"end":{"line":10,"column":11}},{"start":{"line":10,"column":11},"end":{"line":10,"column":null}}]},"1":{"loc":{"start":{"line":19,"column":8},"end":{"line":19,"column":9}},"type":"if","locations":[{"start":{"line":19,"column":8},"end":{"line":19,"column":9}},{"start":{"line":19,"column":8},"end":{"line":19,"column":9}}]}},"s":{"0":3,"1":3,"2":3,"3":4,"4":4,"5":4,"6":4,"7":3,"8":4,"9":3,"10":10,"11":4,"12":4,"13":4,"14":3,"15":3},"f":{"0":3,"1":4,"2":4,"3":7},"b":{"0":[4,4],"1":[3,4]}}
,"/home/tommy/Documents/gdonkey-proj/gdonkey-extension/src/background/src/entities/Player.ts": {"path":"/home/tommy/Documents/gdonkey-proj/gdonkey-extension/src/background/src/entities/Player.ts","statementMap":{"0":{"start":{"line":3,"column":0},"end":{"line":3,"column":30}},"1":{"start":{"line":5,"column":0},"end":{"line":5,"column":null}},"2":{"start":{"line":5,"column":36},"end":{"line":5,"column":42}},"3":{"start":{"line":14,"column":4},"end":{"line":14,"column":null}},"4":{"start":{"line":9,"column":12},"end":{"line":9,"column":22}},"5":{"start":{"line":10,"column":20},"end":{"line":10,"column":32}},"6":{"start":{"line":11,"column":12},"end":{"line":11,"column":28}},"7":{"start":{"line":15,"column":4},"end":{"line":15,"column":27}},"8":{"start":{"line":18,"column":15},"end":{"line":37,"column":null}},"9":{"start":{"line":19,"column":4},"end":{"line":19,"column":24}},"10":{"start":{"line":19,"column":17},"end":{"line":19,"column":24}},"11":{"start":{"line":21,"column":6},"end":{"line":23,"column":null}},"12":{"start":{"line":20,"column":10},"end":{"line":24,"column":null}},"13":{"start":{"line":25,"column":8},"end":{"line":25,"column":15}},"14":{"start":{"line":26,"column":6},"end":{"line":26,"column":31}},"15":{"start":{"line":28,"column":26},"end":{"line":34,"column":null}},"16":{"start":{"line":28,"column":12},"end":{"line":34,"column":null}},"17":{"start":{"line":35,"column":6},"end":{"line":35,"column":27}},"18":{"start":{"line":38,"column":0},"end":{"line":38,"column":null}}},"fnMap":{"0":{"name":"(anonymous_20)","decl":{"start":{"line":5,"column":0},"end":{"line":5,"column":36}},"loc":{"start":{"line":5,"column":0},"end":{"line":38,"column":null}}},"1":{"name":"Player","decl":{"start":{"line":8,"column":2},"end":{"line":8,"column":null}},"loc":{"start":{"line":12,"column":20},"end":{"line":16,"column":3}}},"2":{"name":"(anonymous_22)","decl":{"start":{"line":18,"column":2},"end":{"line":18,"column":15}},"loc":{"start":{"line":18,"column":36},"end":{"line":37,"column":null}}}},"branchMap":{"0":{"loc":{"start":{"line":14,"column":4},"end":{"line":14,"column":11}},"type":"binary-expr","locations":[{"start":{"line":14,"column":4},"end":{"line":14,"column":11}},{"start":{"line":14,"column":11},"end":{"line":14,"column":null}}]},"1":{"loc":{"start":{"line":28,"column":26},"end":{"line":34,"column":null}},"type":"switch","locations":[{"start":{"line":28,"column":26},"end":{"line":34,"column":null}}]},"2":{"loc":{"start":{"line":19,"column":4},"end":{"line":19,"column":24}},"type":"if","locations":[{"start":{"line":19,"column":4},"end":{"line":19,"column":24}},{"start":{"line":19,"column":4},"end":{"line":19,"column":24}}]},"3":{"loc":{"start":{"line":25,"column":8},"end":{"line":25,"column":15}},"type":"if","locations":[{"start":{"line":25,"column":8},"end":{"line":25,"column":15}},{"start":{"line":25,"column":8},"end":{"line":25,"column":15}}]}},"s":{"0":3,"1":3,"2":3,"3":13,"4":13,"5":13,"6":13,"7":13,"8":3,"9":8,"10":2,"11":6,"12":6,"13":9,"14":3,"15":3,"16":3,"17":3,"18":3},"f":{"0":3,"1":13,"2":8},"b":{"0":[13,13],"1":[3],"2":[2,6],"3":[3,3]}}
,"/home/tommy/Documents/gdonkey-proj/gdonkey-extension/src/background/src/entities/Pocket.ts": {"path":"/home/tommy/Documents/gdonkey-proj/gdonkey-extension/src/background/src/entities/Pocket.ts","statementMap":{"0":{"start":{"line":4,"column":0},"end":{"line":4,"column":null}},"1":{"start":{"line":6,"column":12},"end":{"line":6,"column":22}},"2":{"start":{"line":7,"column":20},"end":{"line":7,"column":32}},"3":{"start":{"line":8,"column":12},"end":{"line":8,"column":23}},"4":{"start":{"line":9,"column":12},"end":{"line":9,"column":23}},"5":{"start":{"line":12,"column":15},"end":{"line":18,"column":null}},"6":{"start":{"line":13,"column":4},"end":{"line":17,"column":7}},"7":{"start":{"line":19,"column":0},"end":{"line":19,"column":null}}},"fnMap":{"0":{"name":"(anonymous_13)","decl":{"start":{"line":4,"column":0},"end":{"line":4,"column":null}},"loc":{"start":{"line":4,"column":0},"end":{"line":19,"column":null}}},"1":{"name":"Pocket","decl":{"start":{"line":5,"column":2},"end":{"line":5,"column":null}},"loc":{"start":{"line":9,"column":23},"end":{"line":10,"column":6}}},"2":{"name":"(anonymous_15)","decl":{"start":{"line":12,"column":2},"end":{"line":12,"column":15}},"loc":{"start":{"line":12,"column":34},"end":{"line":18,"column":null}}}},"branchMap":{"0":{"loc":{"start":{"line":13,"column":4},"end":{"line":17,"column":7}},"type":"switch","locations":[{"start":{"line":13,"column":4},"end":{"line":17,"column":7}}]}},"s":{"0":3,"1":1,"2":1,"3":1,"4":1,"5":3,"6":2,"7":3},"f":{"0":3,"1":1,"2":1},"b":{"0":[1]}}
,"/home/tommy/Documents/gdonkey-proj/gdonkey-extension/src/background/src/entities/Seat.ts": {"path":"/home/tommy/Documents/gdonkey-proj/gdonkey-extension/src/background/src/entities/Seat.ts","statementMap":{"0":{"start":{"line":1,"column":0},"end":{"line":1,"column":50}},"1":{"start":{"line":4,"column":0},"end":{"line":4,"column":30}},"2":{"start":{"line":6,"column":0},"end":{"line":6,"column":null}},"3":{"start":{"line":6,"column":34},"end":{"line":6,"column":40}},"4":{"start":{"line":12,"column":4},"end":{"line":12,"column":null}},"5":{"start":{"line":8,"column":12},"end":{"line":8,"column":22}},"6":{"start":{"line":9,"column":12},"end":{"line":9,"column":28}},"7":{"start":{"line":10,"column":12},"end":{"line":10,"column":25}},"8":{"start":{"line":15,"column":15},"end":{"line":26,"column":null}},"9":{"start":{"line":16,"column":4},"end":{"line":16,"column":66}},"10":{"start":{"line":16,"column":17},"end":{"line":16,"column":66}},"11":{"start":{"line":17,"column":24},"end":{"line":24,"column":null}},"12":{"start":{"line":17,"column":10},"end":{"line":24,"column":null}},"13":{"start":{"line":25,"column":4},"end":{"line":25,"column":25}},"14":{"start":{"line":27,"column":0},"end":{"line":27,"column":null}}},"fnMap":{"0":{"name":"(anonymous_20)","decl":{"start":{"line":6,"column":0},"end":{"line":6,"column":34}},"loc":{"start":{"line":6,"column":0},"end":{"line":27,"column":null}}},"1":{"name":"Seat","decl":{"start":{"line":7,"column":2},"end":{"line":7,"column":null}},"loc":{"start":{"line":10,"column":25},"end":{"line":13,"column":3}}},"2":{"name":"(anonymous_22)","decl":{"start":{"line":15,"column":2},"end":{"line":15,"column":15}},"loc":{"start":{"line":15,"column":55},"end":{"line":26,"column":null}}}},"branchMap":{"0":{"loc":{"start":{"line":12,"column":4},"end":{"line":12,"column":11}},"type":"binary-expr","locations":[{"start":{"line":12,"column":4},"end":{"line":12,"column":11}},{"start":{"line":12,"column":11},"end":{"line":12,"column":null}}]},"1":{"loc":{"start":{"line":16,"column":4},"end":{"line":16,"column":66}},"type":"if","locations":[{"start":{"line":16,"column":4},"end":{"line":16,"column":66}},{"start":{"line":16,"column":4},"end":{"line":16,"column":66}}]}},"s":{"0":3,"1":3,"2":3,"3":3,"4":5,"5":5,"6":5,"7":5,"8":3,"9":6,"10":1,"11":5,"12":5,"13":5,"14":3},"f":{"0":3,"1":5,"2":6},"b":{"0":[5,5],"1":[1,5]}}
,"/home/tommy/Documents/gdonkey-proj/gdonkey-extension/src/background/src/entities/Table.ts": {"path":"/home/tommy/Documents/gdonkey-proj/gdonkey-extension/src/background/src/entities/Table.ts","statementMap":{"0":{"start":{"line":1,"column":0},"end":{"line":1,"column":28}},"1":{"start":{"line":2,"column":0},"end":{"line":2,"column":30}},"2":{"start":{"line":5,"column":0},"end":{"line":5,"column":46}},"3":{"start":{"line":7,"column":0},"end":{"line":7,"column":null}},"4":{"start":{"line":7,"column":35},"end":{"line":7,"column":41}},"5":{"start":{"line":13,"column":4},"end":{"line":13,"column":null}},"6":{"start":{"line":9,"column":12},"end":{"line":9,"column":22}},"7":{"start":{"line":10,"column":20},"end":{"line":10,"column":36}},"8":{"start":{"line":11,"column":20},"end":{"line":11,"column":38}},"9":{"start":{"line":16,"column":15},"end":{"line":21,"column":null}},"10":{"start":{"line":17,"column":26},"end":{"line":17,"column":null}},"11":{"start":{"line":17,"column":10},"end":{"line":17,"column":null}},"12":{"start":{"line":18,"column":10},"end":{"line":18,"column":62}},"13":{"start":{"line":19,"column":4},"end":{"line":19,"column":69}},"14":{"start":{"line":19,"column":16},"end":{"line":19,"column":69}},"15":{"start":{"line":20,"column":4},"end":{"line":20,"column":24}},"16":{"start":{"line":22,"column":0},"end":{"line":22,"column":null}}},"fnMap":{"0":{"name":"(anonymous_26)","decl":{"start":{"line":7,"column":0},"end":{"line":7,"column":35}},"loc":{"start":{"line":7,"column":0},"end":{"line":22,"column":null}}},"1":{"name":"Table","decl":{"start":{"line":8,"column":2},"end":{"line":8,"column":null}},"loc":{"start":{"line":11,"column":38},"end":{"line":14,"column":3}}},"2":{"name":"(anonymous_28)","decl":{"start":{"line":16,"column":2},"end":{"line":16,"column":15}},"loc":{"start":{"line":16,"column":36},"end":{"line":21,"column":null}}}},"branchMap":{"0":{"loc":{"start":{"line":13,"column":4},"end":{"line":13,"column":11}},"type":"binary-expr","locations":[{"start":{"line":13,"column":4},"end":{"line":13,"column":11}},{"start":{"line":13,"column":11},"end":{"line":13,"column":null}}]},"1":{"loc":{"start":{"line":17,"column":26},"end":{"line":17,"column":null}},"type":"switch","locations":[{"start":{"line":17,"column":26},"end":{"line":17,"column":null}}]},"2":{"loc":{"start":{"line":19,"column":4},"end":{"line":19,"column":69}},"type":"if","locations":[{"start":{"line":19,"column":4},"end":{"line":19,"column":69}},{"start":{"line":19,"column":4},"end":{"line":19,"column":69}}]}},"s":{"0":3,"1":3,"2":3,"3":3,"4":3,"5":4,"6":4,"7":4,"8":4,"9":3,"10":4,"11":4,"12":4,"13":4,"14":1,"15":3,"16":3},"f":{"0":3,"1":4,"2":4},"b":{"0":[4,4],"1":[4],"2":[1,3]}}
,"/home/tommy/Documents/gdonkey-proj/gdonkey-extension/src/background/src/entities/index.ts": {"path":"/home/tommy/Documents/gdonkey-proj/gdonkey-extension/src/background/src/entities/index.ts","statementMap":{"0":{"start":{"line":1,"column":0},"end":{"line":1,"column":9}},"1":{"start":{"line":1,"column":9},"end":{"line":1,"column":26}},"2":{"start":{"line":2,"column":0},"end":{"line":2,"column":9}},"3":{"start":{"line":2,"column":9},"end":{"line":2,"column":25}},"4":{"start":{"line":3,"column":0},"end":{"line":3,"column":9}},"5":{"start":{"line":3,"column":9},"end":{"line":3,"column":25}},"6":{"start":{"line":4,"column":0},"end":{"line":4,"column":9}},"7":{"start":{"line":4,"column":9},"end":{"line":4,"column":26}},"8":{"start":{"line":5,"column":0},"end":{"line":5,"column":9}},"9":{"start":{"line":5,"column":9},"end":{"line":5,"column":24}},"10":{"start":{"line":6,"column":0},"end":{"line":6,"column":9}},"11":{"start":{"line":6,"column":9},"end":{"line":6,"column":26}},"12":{"start":{"line":7,"column":0},"end":{"line":7,"column":9}},"13":{"start":{"line":7,"column":9},"end":{"line":7,"column":26}},"14":{"start":{"line":8,"column":0},"end":{"line":8,"column":9}},"15":{"start":{"line":8,"column":9},"end":{"line":8,"column":24}},"16":{"start":{"line":9,"column":0},"end":{"line":9,"column":9}},"17":{"start":{"line":9,"column":9},"end":{"line":9,"column":25}}},"fnMap":{"0":{"name":"(anonymous_1)","decl":{"start":{"line":1,"column":9},"end":{"line":1,"column":16}},"loc":{"start":{"line":1,"column":9},"end":{"line":1,"column":26}}},"1":{"name":"(anonymous_2)","decl":{"start":{"line":2,"column":9},"end":{"line":2,"column":16}},"loc":{"start":{"line":2,"column":9},"end":{"line":2,"column":25}}},"2":{"name":"(anonymous_3)","decl":{"start":{"line":3,"column":9},"end":{"line":3,"column":16}},"loc":{"start":{"line":3,"column":9},"end":{"line":3,"column":25}}},"3":{"name":"(anonymous_4)","decl":{"start":{"line":4,"column":9},"end":{"line":4,"column":16}},"loc":{"start":{"line":4,"column":9},"end":{"line":4,"column":26}}},"4":{"name":"(anonymous_5)","decl":{"start":{"line":5,"column":9},"end":{"line":5,"column":16}},"loc":{"start":{"line":5,"column":9},"end":{"line":5,"column":24}}},"5":{"name":"(anonymous_6)","decl":{"start":{"line":6,"column":9},"end":{"line":6,"column":16}},"loc":{"start":{"line":6,"column":9},"end":{"line":6,"column":26}}},"6":{"name":"(anonymous_7)","decl":{"start":{"line":7,"column":9},"end":{"line":7,"column":16}},"loc":{"start":{"line":7,"column":9},"end":{"line":7,"column":26}}},"7":{"name":"(anonymous_8)","decl":{"start":{"line":8,"column":9},"end":{"line":8,"column":16}},"loc":{"start":{"line":8,"column":9},"end":{"line":8,"column":24}}},"8":{"name":"(anonymous_9)","decl":{"start":{"line":9,"column":9},"end":{"line":9,"column":16}},"loc":{"start":{"line":9,"column":9},"end":{"line":9,"column":25}}}},"branchMap":{},"s":{"0":2,"1":18,"2":2,"3":6,"4":2,"5":4,"6":2,"7":6,"8":2,"9":4,"10":2,"11":13,"12":2,"13":2,"14":2,"15":6,"16":2,"17":4},"f":{"0":16,"1":4,"2":2,"3":4,"4":2,"5":11,"6":0,"7":4,"8":2},"b":{}}
,"/home/tommy/Documents/gdonkey-proj/gdonkey-extension/src/background/src/enums/ActionType.ts": {"path":"/home/tommy/Documents/gdonkey-proj/gdonkey-extension/src/background/src/enums/ActionType.ts","statementMap":{"0":{"start":{"line":1,"column":0},"end":{"line":1,"column":null}},"1":{"start":{"line":2,"column":2},"end":{"line":2,"column":null}},"2":{"start":{"line":3,"column":2},"end":{"line":3,"column":null}},"3":{"start":{"line":4,"column":2},"end":{"line":4,"column":null}},"4":{"start":{"line":7,"column":0},"end":{"line":7,"column":26}}},"fnMap":{"0":{"name":"(anonymous_0)","decl":{"start":{"line":1,"column":0},"end":{"line":1,"column":12}},"loc":{"start":{"line":1,"column":22},"end":{"line":5,"column":1}}}},"branchMap":{"0":{"loc":{"start":{"line":1,"column":12},"end":{"line":1,"column":22}},"type":"binary-expr","locations":[{"start":{"line":1,"column":12},"end":{"line":1,"column":22}},{"start":{"line":1,"column":12},"end":{"line":1,"column":null}}]}},"s":{"0":5,"1":5,"2":5,"3":5,"4":5},"f":{"0":5},"b":{"0":[5,5]}}
,"/home/tommy/Documents/gdonkey-proj/gdonkey-extension/src/background/src/enums/BlindSize.ts": {"path":"/home/tommy/Documents/gdonkey-proj/gdonkey-extension/src/background/src/enums/BlindSize.ts","statementMap":{"0":{"start":{"line":1,"column":0},"end":{"line":1,"column":null}},"1":{"start":{"line":2,"column":2},"end":{"line":2,"column":null}},"2":{"start":{"line":3,"column":2},"end":{"line":3,"column":null}},"3":{"start":{"line":6,"column":0},"end":{"line":6,"column":25}}},"fnMap":{"0":{"name":"(anonymous_0)","decl":{"start":{"line":1,"column":0},"end":{"line":1,"column":5}},"loc":{"start":{"line":1,"column":14},"end":{"line":4,"column":1}}}},"branchMap":{"0":{"loc":{"start":{"line":1,"column":5},"end":{"line":1,"column":14}},"type":"binary-expr","locations":[{"start":{"line":1,"column":5},"end":{"line":1,"column":14}},{"start":{"line":1,"column":5},"end":{"line":1,"column":null}}]}},"s":{"0":5,"1":5,"2":5,"3":5},"f":{"0":5},"b":{"0":[5,5]}}
,"/home/tommy/Documents/gdonkey-proj/gdonkey-extension/src/background/src/enums/BlindType.ts": {"path":"/home/tommy/Documents/gdonkey-proj/gdonkey-extension/src/background/src/enums/BlindType.ts","statementMap":{"0":{"start":{"line":1,"column":0},"end":{"line":1,"column":null}},"1":{"start":{"line":2,"column":2},"end":{"line":2,"column":null}},"2":{"start":{"line":3,"column":2},"end":{"line":3,"column":null}},"3":{"start":{"line":6,"column":0},"end":{"line":6,"column":25}}},"fnMap":{"0":{"name":"(anonymous_0)","decl":{"start":{"line":1,"column":0},"end":{"line":1,"column":5}},"loc":{"start":{"line":1,"column":14},"end":{"line":4,"column":1}}}},"branchMap":{"0":{"loc":{"start":{"line":1,"column":5},"end":{"line":1,"column":14}},"type":"binary-expr","locations":[{"start":{"line":1,"column":5},"end":{"line":1,"column":14}},{"start":{"line":1,"column":5},"end":{"line":1,"column":null}}]}},"s":{"0":5,"1":5,"2":5,"3":5},"f":{"0":5},"b":{"0":[5,5]}}
,"/home/tommy/Documents/gdonkey-proj/gdonkey-extension/src/background/src/enums/CasinoName.ts": {"path":"/home/tommy/Documents/gdonkey-proj/gdonkey-extension/src/background/src/enums/CasinoName.ts","statementMap":{"0":{"start":{"line":1,"column":0},"end":{"line":1,"column":null}},"1":{"start":{"line":2,"column":2},"end":{"line":2,"column":null}},"2":{"start":{"line":3,"column":2},"end":{"line":3,"column":null}},"3":{"start":{"line":6,"column":0},"end":{"line":6,"column":26}}},"fnMap":{"0":{"name":"(anonymous_0)","decl":{"start":{"line":1,"column":0},"end":{"line":1,"column":5}},"loc":{"start":{"line":1,"column":15},"end":{"line":4,"column":1}}}},"branchMap":{"0":{"loc":{"start":{"line":1,"column":5},"end":{"line":1,"column":15}},"type":"binary-expr","locations":[{"start":{"line":1,"column":5},"end":{"line":1,"column":15}},{"start":{"line":1,"column":5},"end":{"line":1,"column":null}}]}},"s":{"0":5,"1":5,"2":5,"3":5},"f":{"0":5},"b":{"0":[5,5]}}
,"/home/tommy/Documents/gdonkey-proj/gdonkey-extension/src/background/src/enums/Protocol.ts": {"path":"/home/tommy/Documents/gdonkey-proj/gdonkey-extension/src/background/src/enums/Protocol.ts","statementMap":{"0":{"start":{"line":1,"column":0},"end":{"line":1,"column":null}},"1":{"start":{"line":2,"column":2},"end":{"line":2,"column":null}},"2":{"start":{"line":3,"column":2},"end":{"line":3,"column":null}},"3":{"start":{"line":6,"column":0},"end":{"line":6,"column":24}}},"fnMap":{"0":{"name":"(anonymous_0)","decl":{"start":{"line":1,"column":0},"end":{"line":1,"column":5}},"loc":{"start":{"line":1,"column":13},"end":{"line":4,"column":1}}}},"branchMap":{"0":{"loc":{"start":{"line":1,"column":5},"end":{"line":1,"column":13}},"type":"binary-expr","locations":[{"start":{"line":1,"column":5},"end":{"line":1,"column":13}},{"start":{"line":1,"column":5},"end":{"line":1,"column":null}}]}},"s":{"0":5,"1":5,"2":5,"3":5},"f":{"0":5},"b":{"0":[5,5]}}
,"/home/tommy/Documents/gdonkey-proj/gdonkey-extension/src/background/src/enums/Street.ts": {"path":"/home/tommy/Documents/gdonkey-proj/gdonkey-extension/src/background/src/enums/Street.ts","statementMap":{"0":{"start":{"line":1,"column":0},"end":{"line":1,"column":null}},"1":{"start":{"line":2,"column":2},"end":{"line":2,"column":null}},"2":{"start":{"line":3,"column":2},"end":{"line":3,"column":null}},"3":{"start":{"line":4,"column":2},"end":{"line":4,"column":null}},"4":{"start":{"line":5,"column":2},"end":{"line":5,"column":null}},"5":{"start":{"line":8,"column":0},"end":{"line":8,"column":22}}},"fnMap":{"0":{"name":"(anonymous_0)","decl":{"start":{"line":1,"column":0},"end":{"line":1,"column":5}},"loc":{"start":{"line":1,"column":11},"end":{"line":6,"column":1}}}},"branchMap":{"0":{"loc":{"start":{"line":1,"column":5},"end":{"line":1,"column":11}},"type":"binary-expr","locations":[{"start":{"line":1,"column":5},"end":{"line":1,"column":11}},{"start":{"line":1,"column":5},"end":{"line":1,"column":null}}]}},"s":{"0":5,"1":5,"2":5,"3":5,"4":5,"5":5},"f":{"0":5},"b":{"0":[5,5]}}
,"/home/tommy/Documents/gdonkey-proj/gdonkey-extension/src/background/src/enums/index.ts": {"path":"/home/tommy/Documents/gdonkey-proj/gdonkey-extension/src/background/src/enums/index.ts","statementMap":{"0":{"start":{"line":1,"column":0},"end":{"line":1,"column":9}},"1":{"start":{"line":1,"column":9},"end":{"line":1,"column":30}},"2":{"start":{"line":3,"column":0},"end":{"line":3,"column":9}},"3":{"start":{"line":3,"column":9},"end":{"line":3,"column":29}},"4":{"start":{"line":4,"column":0},"end":{"line":4,"column":9}},"5":{"start":{"line":4,"column":9},"end":{"line":4,"column":29}},"6":{"start":{"line":5,"column":0},"end":{"line":5,"column":9}},"7":{"start":{"line":5,"column":9},"end":{"line":5,"column":30}},"8":{"start":{"line":6,"column":0},"end":{"line":6,"column":9}},"9":{"start":{"line":6,"column":9},"end":{"line":6,"column":28}},"10":{"start":{"line":7,"column":0},"end":{"line":7,"column":9}},"11":{"start":{"line":7,"column":9},"end":{"line":7,"column":26}}},"fnMap":{"0":{"name":"(anonymous_1)","decl":{"start":{"line":1,"column":9},"end":{"line":1,"column":16}},"loc":{"start":{"line":1,"column":9},"end":{"line":1,"column":30}}},"1":{"name":"(anonymous_2)","decl":{"start":{"line":3,"column":9},"end":{"line":3,"column":16}},"loc":{"start":{"line":3,"column":9},"end":{"line":3,"column":29}}},"2":{"name":"(anonymous_3)","decl":{"start":{"line":4,"column":9},"end":{"line":4,"column":16}},"loc":{"start":{"line":4,"column":9},"end":{"line":4,"column":29}}},"3":{"name":"(anonymous_4)","decl":{"start":{"line":5,"column":9},"end":{"line":5,"column":16}},"loc":{"start":{"line":5,"column":9},"end":{"line":5,"column":30}}},"4":{"name":"(anonymous_5)","decl":{"start":{"line":6,"column":9},"end":{"line":6,"column":16}},"loc":{"start":{"line":6,"column":9},"end":{"line":6,"column":28}}},"5":{"name":"(anonymous_6)","decl":{"start":{"line":7,"column":9},"end":{"line":7,"column":16}},"loc":{"start":{"line":7,"column":9},"end":{"line":7,"column":26}}}},"branchMap":{},"s":{"0":5,"1":7,"2":5,"3":9,"4":5,"5":9,"6":5,"7":5,"8":5,"9":5,"10":5,"11":40},"f":{"0":2,"1":4,"2":4,"3":0,"4":0,"5":35},"b":{}}
,"/home/tommy/Documents/gdonkey-proj/gdonkey-extension/src/background/src/errors/index.ts": {"path":"/home/tommy/Documents/gdonkey-proj/gdonkey-extension/src/background/src/errors/index.ts","statementMap":{"0":{"start":{"line":1,"column":0},"end":{"line":1,"column":9}},"1":{"start":{"line":1,"column":9},"end":{"line":1,"column":41}},"2":{"start":{"line":2,"column":0},"end":{"line":2,"column":9}},"3":{"start":{"line":2,"column":9},"end":{"line":2,"column":37}},"4":{"start":{"line":3,"column":0},"end":{"line":3,"column":9}},"5":{"start":{"line":3,"column":9},"end":{"line":3,"column":38}},"6":{"start":{"line":4,"column":0},"end":{"line":4,"column":9}},"7":{"start":{"line":4,"column":9},"end":{"line":4,"column":36}},"8":{"start":{"line":5,"column":0},"end":{"line":5,"column":9}},"9":{"start":{"line":5,"column":9},"end":{"line":5,"column":37}},"10":{"start":{"line":6,"column":0},"end":{"line":6,"column":9}},"11":{"start":{"line":6,"column":9},"end":{"line":6,"column":39}},"12":{"start":{"line":7,"column":0},"end":{"line":7,"column":9}},"13":{"start":{"line":7,"column":9},"end":{"line":7,"column":40}},"14":{"start":{"line":8,"column":0},"end":{"line":8,"column":9}},"15":{"start":{"line":8,"column":9},"end":{"line":8,"column":40}},"16":{"start":{"line":9,"column":0},"end":{"line":9,"column":9}},"17":{"start":{"line":9,"column":9},"end":{"line":9,"column":38}},"18":{"start":{"line":10,"column":0},"end":{"line":10,"column":9}},"19":{"start":{"line":10,"column":9},"end":{"line":10,"column":40}},"20":{"start":{"line":11,"column":0},"end":{"line":11,"column":9}},"21":{"start":{"line":11,"column":9},"end":{"line":11,"column":38}},"22":{"start":{"line":12,"column":0},"end":{"line":12,"column":9}},"23":{"start":{"line":12,"column":9},"end":{"line":12,"column":39}},"24":{"start":{"line":13,"column":0},"end":{"line":13,"column":9}},"25":{"start":{"line":13,"column":9},"end":{"line":13,"column":39}},"26":{"start":{"line":14,"column":0},"end":{"line":14,"column":9}},"27":{"start":{"line":14,"column":9},"end":{"line":14,"column":41}}},"fnMap":{"0":{"name":"(anonymous_1)","decl":{"start":{"line":1,"column":9},"end":{"line":1,"column":16}},"loc":{"start":{"line":1,"column":9},"end":{"line":1,"column":41}}},"1":{"name":"(anonymous_2)","decl":{"start":{"line":2,"column":9},"end":{"line":2,"column":16}},"loc":{"start":{"line":2,"column":9},"end":{"line":2,"column":37}}},"2":{"name":"(anonymous_3)","decl":{"start":{"line":3,"column":9},"end":{"line":3,"column":16}},"loc":{"start":{"line":3,"column":9},"end":{"line":3,"column":38}}},"3":{"name":"(anonymous_4)","decl":{"start":{"line":4,"column":9},"end":{"line":4,"column":16}},"loc":{"start":{"line":4,"column":9},"end":{"line":4,"column":36}}},"4":{"name":"(anonymous_5)","decl":{"start":{"line":5,"column":9},"end":{"line":5,"column":16}},"loc":{"start":{"line":5,"column":9},"end":{"line":5,"column":37}}},"5":{"name":"(anonymous_6)","decl":{"start":{"line":6,"column":9},"end":{"line":6,"column":16}},"loc":{"start":{"line":6,"column":9},"end":{"line":6,"column":39}}},"6":{"name":"(anonymous_7)","decl":{"start":{"line":7,"column":9},"end":{"line":7,"column":16}},"loc":{"start":{"line":7,"column":9},"end":{"line":7,"column":40}}},"7":{"name":"(anonymous_8)","decl":{"start":{"line":8,"column":9},"end":{"line":8,"column":16}},"loc":{"start":{"line":8,"column":9},"end":{"line":8,"column":40}}},"8":{"name":"(anonymous_9)","decl":{"start":{"line":9,"column":9},"end":{"line":9,"column":16}},"loc":{"start":{"line":9,"column":9},"end":{"line":9,"column":38}}},"9":{"name":"(anonymous_10)","decl":{"start":{"line":10,"column":9},"end":{"line":10,"column":16}},"loc":{"start":{"line":10,"column":9},"end":{"line":10,"column":40}}},"10":{"name":"(anonymous_11)","decl":{"start":{"line":11,"column":9},"end":{"line":11,"column":16}},"loc":{"start":{"line":11,"column":9},"end":{"line":11,"column":38}}},"11":{"name":"(anonymous_12)","decl":{"start":{"line":12,"column":9},"end":{"line":12,"column":16}},"loc":{"start":{"line":12,"column":9},"end":{"line":12,"column":39}}},"12":{"name":"(anonymous_13)","decl":{"start":{"line":13,"column":9},"end":{"line":13,"column":16}},"loc":{"start":{"line":13,"column":9},"end":{"line":13,"column":39}}},"13":{"name":"(anonymous_14)","decl":{"start":{"line":14,"column":9},"end":{"line":14,"column":16}},"loc":{"start":{"line":14,"column":9},"end":{"line":14,"column":41}}}},"branchMap":{},"s":{"0":8,"1":14,"2":8,"3":9,"4":8,"5":10,"6":8,"7":11,"8":8,"9":10,"10":8,"11":8,"12":8,"13":8,"14":8,"15":8,"16":8,"17":8,"18":8,"19":8,"20":8,"21":8,"22":8,"23":8,"24":8,"25":8,"26":8,"27":8},"f":{"0":6,"1":1,"2":2,"3":3,"4":2,"5":0,"6":0,"7":0,"8":0,"9":0,"10":0,"11":0,"12":0,"13":0},"b":{}}
,"/home/tommy/Documents/gdonkey-proj/gdonkey-extension/src/background/src/factories/ControllerFactory.ts": {"path":"/home/tommy/Documents/gdonkey-proj/gdonkey-extension/src/background/src/factories/ControllerFactory.ts","statementMap":{"0":{"start":{"line":1,"column":0},"end":{"line":1,"column":47}},"1":{"start":{"line":3,"column":0},"end":{"line":3,"column":48}},"2":{"start":{"line":4,"column":0},"end":{"line":4,"column":29}},"3":{"start":{"line":5,"column":0},"end":{"line":5,"column":50}},"4":{"start":{"line":8,"column":0},"end":{"line":8,"column":21}},"5":{"start":{"line":10,"column":44},"end":{"line":10,"column":62}},"6":{"start":{"line":11,"column":35},"end":{"line":11,"column":44}},"7":{"start":{"line":14,"column":9},"end":{"line":16,"column":null}},"8":{"start":{"line":15,"column":4},"end":{"line":15,"column":78}},"9":{"start":{"line":8,"column":21},"end":{"line":17,"column":null}},"10":{"start":{"line":17,"column":0},"end":{"line":17,"column":null}},"11":{"start":{"line":8,"column":21},"end":{"line":8,"column":null}}},"fnMap":{"0":{"name":"(anonymous_5)","decl":{"start":{"line":8,"column":0},"end":{"line":8,"column":21}},"loc":{"start":{"line":8,"column":0},"end":{"line":8,"column":21}}},"1":{"name":"ControllerFactory","decl":{"start":{"line":9,"column":2},"end":{"line":9,"column":null}},"loc":{"start":{"line":11,"column":51},"end":{"line":12,"column":6}}},"2":{"name":"(anonymous_7)","decl":{"start":{"line":14,"column":2},"end":{"line":14,"column":9}},"loc":{"start":{"line":14,"column":30},"end":{"line":16,"column":3}}}},"branchMap":{},"s":{"0":2,"1":2,"2":2,"3":2,"4":2,"5":2,"6":2,"7":2,"8":4,"9":2,"10":2,"11":2},"f":{"0":2,"1":2,"2":4},"b":{}}
,"/home/tommy/Documents/gdonkey-proj/gdonkey-extension/src/background/src/factories/LibrarianFactory.ts": {"path":"/home/tommy/Documents/gdonkey-proj/gdonkey-extension/src/background/src/factories/LibrarianFactory.ts","statementMap":{"0":{"start":{"line":1,"column":0},"end":{"line":1,"column":47}},"1":{"start":{"line":3,"column":0},"end":{"line":3,"column":38}},"2":{"start":{"line":4,"column":0},"end":{"line":4,"column":47}},"3":{"start":{"line":5,"column":0},"end":{"line":5,"column":29}},"4":{"start":{"line":8,"column":0},"end":{"line":8,"column":21}},"5":{"start":{"line":9,"column":43},"end":{"line":9,"column":50}},"6":{"start":{"line":11,"column":9},"end":{"line":13,"column":null}},"7":{"start":{"line":12,"column":4},"end":{"line":12,"column":45}},"8":{"start":{"line":8,"column":21},"end":{"line":14,"column":null}},"9":{"start":{"line":14,"column":0},"end":{"line":14,"column":null}},"10":{"start":{"line":8,"column":21},"end":{"line":8,"column":null}}},"fnMap":{"0":{"name":"(anonymous_5)","decl":{"start":{"line":8,"column":0},"end":{"line":8,"column":21}},"loc":{"start":{"line":8,"column":0},"end":{"line":8,"column":21}}},"1":{"name":"LibrarianFactory","decl":{"start":{"line":9,"column":2},"end":{"line":9,"column":15}},"loc":{"start":{"line":9,"column":62},"end":{"line":9,"column":66}}},"2":{"name":"(anonymous_7)","decl":{"start":{"line":11,"column":2},"end":{"line":11,"column":9}},"loc":{"start":{"line":11,"column":30},"end":{"line":13,"column":3}}}},"branchMap":{},"s":{"0":2,"1":2,"2":2,"3":2,"4":2,"5":2,"6":2,"7":4,"8":2,"9":2,"10":2},"f":{"0":2,"1":2,"2":4},"b":{}}
,"/home/tommy/Documents/gdonkey-proj/gdonkey-extension/src/background/src/factories/index.ts": {"path":"/home/tommy/Documents/gdonkey-proj/gdonkey-extension/src/background/src/factories/index.ts","statementMap":{"0":{"start":{"line":1,"column":0},"end":{"line":1,"column":9}},"1":{"start":{"line":1,"column":9},"end":{"line":1,"column":37}},"2":{"start":{"line":2,"column":0},"end":{"line":2,"column":9}},"3":{"start":{"line":2,"column":9},"end":{"line":2,"column":36}}},"fnMap":{"0":{"name":"(anonymous_1)","decl":{"start":{"line":1,"column":9},"end":{"line":1,"column":16}},"loc":{"start":{"line":1,"column":9},"end":{"line":1,"column":37}}},"1":{"name":"(anonymous_2)","decl":{"start":{"line":2,"column":9},"end":{"line":2,"column":16}},"loc":{"start":{"line":2,"column":9},"end":{"line":2,"column":36}}}},"branchMap":{},"s":{"0":2,"1":4,"2":2,"3":4},"f":{"0":2,"1":2},"b":{}}
,"/home/tommy/Documents/gdonkey-proj/gdonkey-extension/src/background/src/models/Controller.ts": {"path":"/home/tommy/Documents/gdonkey-proj/gdonkey-extension/src/background/src/models/Controller.ts","statementMap":{"0":{"start":{"line":1,"column":0},"end":{"line":1,"column":55}},"1":{"start":{"line":3,"column":0},"end":{"line":3,"column":46}},"2":{"start":{"line":7,"column":0},"end":{"line":7,"column":null}},"3":{"start":{"line":11,"column":40},"end":{"line":11,"column":60}},"4":{"start":{"line":12,"column":4},"end":{"line":12,"column":58}},"5":{"start":{"line":13,"column":4},"end":{"line":13,"column":24}},"6":{"start":{"line":16,"column":9},"end":{"line":18,"column":null}},"7":{"start":{"line":17,"column":4},"end":{"line":17,"column":34}},"8":{"start":{"line":20,"column":9},"end":{"line":24,"column":null}},"9":{"start":{"line":21,"column":4},"end":{"line":21,"column":77}},"10":{"start":{"line":22,"column":4},"end":{"line":22,"column":58}},"11":{"start":{"line":23,"column":4},"end":{"line":23,"column":23}},"12":{"start":{"line":26,"column":9},"end":{"line":28,"column":null}},"13":{"start":{"line":27,"column":4},"end":{"line":27,"column":33}},"14":{"start":{"line":30,"column":9},"end":{"line":32,"column":null}},"15":{"start":{"line":31,"column":4},"end":{"line":31,"column":50}},"16":{"start":{"line":34,"column":9},"end":{"line":36,"column":null}},"17":{"start":{"line":35,"column":4},"end":{"line":35,"column":47}},"18":{"start":{"line":38,"column":9},"end":{"line":40,"column":null}},"19":{"start":{"line":39,"column":4},"end":{"line":39,"column":45}},"20":{"start":{"line":42,"column":9},"end":{"line":44,"column":null}},"21":{"start":{"line":43,"column":4},"end":{"line":43,"column":40}},"22":{"start":{"line":46,"column":9},"end":{"line":48,"column":null}},"23":{"start":{"line":47,"column":4},"end":{"line":47,"column":36}},"24":{"start":{"line":50,"column":9},"end":{"line":52,"column":null}},"25":{"start":{"line":51,"column":4},"end":{"line":51,"column":44}},"26":{"start":{"line":54,"column":9},"end":{"line":57,"column":null}},"27":{"start":{"line":55,"column":4},"end":{"line":55,"column":78}},"28":{"start":{"line":55,"column":44},"end":{"line":55,"column":78}},"29":{"start":{"line":56,"column":4},"end":{"line":56,"column":45}},"30":{"start":{"line":59,"column":15},"end":{"line":79,"column":null}},"31":{"start":{"line":60,"column":4},"end":{"line":60,"column":28}},"32":{"start":{"line":60,"column":21},"end":{"line":60,"column":28}},"33":{"start":{"line":61,"column":10},"end":{"line":61,"column":51}},"34":{"start":{"line":62,"column":10},"end":{"line":62,"column":49}},"35":{"start":{"line":63,"column":10},"end":{"line":63,"column":47}},"36":{"start":{"line":64,"column":10},"end":{"line":64,"column":52}},"37":{"start":{"line":65,"column":10},"end":{"line":65,"column":49}},"38":{"start":{"line":66,"column":10},"end":{"line":66,"column":51}},"39":{"start":{"line":67,"column":10},"end":{"line":67,"column":53}},"40":{"start":{"line":68,"column":4},"end":{"line":68,"column":25}},"41":{"start":{"line":69,"column":4},"end":{"line":77,"column":6}},"42":{"start":{"line":78,"column":4},"end":{"line":78,"column":26}},"43":{"start":{"line":81,"column":9},"end":{"line":83,"column":null}},"44":{"start":{"line":82,"column":4},"end":{"line":82,"column":50}},"45":{"start":{"line":85,"column":9},"end":{"line":87,"column":null}},"46":{"start":{"line":86,"column":4},"end":{"line":86,"column":51}},"47":{"start":{"line":89,"column":15},"end":{"line":96,"column":null}},"48":{"start":{"line":94,"column":10},"end":{"line":94,"column":69}},"49":{"start":{"line":95,"column":4},"end":{"line":95,"column":45}},"50":{"start":{"line":98,"column":15},"end":{"line":101,"column":null}},"51":{"start":{"line":98,"column":28},"end":{"line":98,"column":44}},"52":{"start":{"line":99,"column":4},"end":{"line":99,"column":40}},"53":{"start":{"line":100,"column":4},"end":{"line":100,"column":38}},"54":{"start":{"line":103,"column":15},"end":{"line":107,"column":null}},"55":{"start":{"line":104,"column":4},"end":{"line":104,"column":28}},"56":{"start":{"line":104,"column":21},"end":{"line":104,"column":28}},"57":{"start":{"line":105,"column":10},"end":{"line":105,"column":53}},"58":{"start":{"line":106,"column":4},"end":{"line":106,"column":44}},"59":{"start":{"line":108,"column":0},"end":{"line":108,"column":null}}},"fnMap":{"0":{"name":"(anonymous_13)","decl":{"start":{"line":7,"column":0},"end":{"line":7,"column":null}},"loc":{"start":{"line":7,"column":0},"end":{"line":108,"column":null}}},"1":{"name":"Controller","decl":{"start":{"line":11,"column":2},"end":{"line":11,"column":14}},"loc":{"start":{"line":11,"column":60},"end":{"line":14,"column":3}}},"2":{"name":"(anonymous_15)","decl":{"start":{"line":16,"column":2},"end":{"line":16,"column":9}},"loc":{"start":{"line":16,"column":2},"end":{"line":18,"column":3}}},"3":{"name":"(anonymous_16)","decl":{"start":{"line":20,"column":2},"end":{"line":20,"column":9}},"loc":{"start":{"line":20,"column":2},"end":{"line":24,"column":3}}},"4":{"name":"(anonymous_17)","decl":{"start":{"line":26,"column":2},"end":{"line":26,"column":9}},"loc":{"start":{"line":26,"column":32},"end":{"line":28,"column":3}}},"5":{"name":"(anonymous_18)","decl":{"start":{"line":30,"column":2},"end":{"line":30,"column":9}},"loc":{"start":{"line":30,"column":54},"end":{"line":32,"column":3}}},"6":{"name":"(anonymous_19)","decl":{"start":{"line":34,"column":2},"end":{"line":34,"column":9}},"loc":{"start":{"line":34,"column":55},"end":{"line":36,"column":3}}},"7":{"name":"(anonymous_20)","decl":{"start":{"line":38,"column":2},"end":{"line":38,"column":9}},"loc":{"start":{"line":38,"column":50},"end":{"line":40,"column":3}}},"8":{"name":"(anonymous_21)","decl":{"start":{"line":42,"column":2},"end":{"line":42,"column":9}},"loc":{"start":{"line":42,"column":36},"end":{"line":44,"column":3}}},"9":{"name":"(anonymous_22)","decl":{"start":{"line":46,"column":2},"end":{"line":46,"column":9}},"loc":{"start":{"line":46,"column":34},"end":{"line":48,"column":3}}},"10":{"name":"(anonymous_23)","decl":{"start":{"line":50,"column":2},"end":{"line":50,"column":9}},"loc":{"start":{"line":50,"column":34},"end":{"line":52,"column":3}}},"11":{"name":"(anonymous_24)","decl":{"start":{"line":54,"column":2},"end":{"line":54,"column":9}},"loc":{"start":{"line":54,"column":41},"end":{"line":57,"column":3}}},"12":{"name":"(anonymous_25)","decl":{"start":{"line":59,"column":2},"end":{"line":59,"column":15}},"loc":{"start":{"line":59,"column":2},"end":{"line":79,"column":null}}},"13":{"name":"(anonymous_28)","decl":{"start":{"line":81,"column":2},"end":{"line":81,"column":9}},"loc":{"start":{"line":81,"column":66},"end":{"line":83,"column":3}}},"14":{"name":"(anonymous_29)","decl":{"start":{"line":85,"column":2},"end":{"line":85,"column":9}},"loc":{"start":{"line":85,"column":60},"end":{"line":87,"column":3}}},"15":{"name":"(anonymous_30)","decl":{"start":{"line":89,"column":2},"end":{"line":89,"column":15}},"loc":{"start":{"line":92,"column":19},"end":{"line":96,"column":null}}},"16":{"name":"(anonymous_33)","decl":{"start":{"line":98,"column":2},"end":{"line":98,"column":15}},"loc":{"start":{"line":98,"column":2},"end":{"line":101,"column":null}}},"17":{"name":"(anonymous_36)","decl":{"start":{"line":103,"column":2},"end":{"line":103,"column":15}},"loc":{"start":{"line":103,"column":2},"end":{"line":107,"column":null}}}},"branchMap":{"0":{"loc":{"start":{"line":55,"column":4},"end":{"line":55,"column":78}},"type":"if","locations":[{"start":{"line":55,"column":4},"end":{"line":55,"column":78}},{"start":{"line":55,"column":4},"end":{"line":55,"column":78}}]},"1":{"loc":{"start":{"line":60,"column":4},"end":{"line":60,"column":28}},"type":"if","locations":[{"start":{"line":60,"column":4},"end":{"line":60,"column":28}},{"start":{"line":60,"column":4},"end":{"line":60,"column":28}}]},"2":{"loc":{"start":{"line":104,"column":4},"end":{"line":104,"column":28}},"type":"if","locations":[{"start":{"line":104,"column":4},"end":{"line":104,"column":28}},{"start":{"line":104,"column":4},"end":{"line":104,"column":28}}]}},"s":{"0":2,"1":2,"2":2,"3":4,"4":4,"5":4,"6":2,"7":2,"8":2,"9":2,"10":2,"11":2,"12":2,"13":2,"14":2,"15":4,"16":2,"17":11,"18":2,"19":6,"20":2,"21":2,"22":2,"23":0,"24":2,"25":4,"26":2,"27":0,"28":0,"29":0,"30":2,"31":2,"32":0,"33":2,"34":2,"35":2,"36":2,"37":2,"38":2,"39":2,"40":2,"41":4,"42":2,"43":2,"44":2,"45":2,"46":0,"47":2,"48":16,"49":32,"50":2,"51":22,"52":6,"53":12,"54":2,"55":3,"56":1,"57":2,"58":4,"59":2},"f":{"0":2,"1":4,"2":2,"3":2,"4":2,"5":4,"6":11,"7":6,"8":2,"9":0,"10":4,"11":0,"12":2,"13":2,"14":0,"15":16,"16":6,"17":3},"b":{"0":[0,0],"1":[0,2],"2":[1,2]}}
,"/home/tommy/Documents/gdonkey-proj/gdonkey-extension/src/background/src/models/Curator.ts": {"path":"/home/tommy/Documents/gdonkey-proj/gdonkey-extension/src/background/src/models/Curator.ts","statementMap":{"0":{"start":{"line":1,"column":0},"end":{"line":1,"column":47}},"1":{"start":{"line":13,"column":0},"end":{"line":13,"column":null}},"2":{"start":{"line":23,"column":0},"end":{"line":23,"column":37}},"3":{"start":{"line":24,"column":0},"end":{"line":24,"column":40}},"4":{"start":{"line":25,"column":0},"end":{"line":25,"column":29}},"5":{"start":{"line":28,"column":0},"end":{"line":28,"column":21}},"6":{"start":{"line":38,"column":37},"end":{"line":38,"column":48}},"7":{"start":{"line":39,"column":35},"end":{"line":39,"column":44}},"8":{"start":{"line":41,"column":4},"end":{"line":41,"column":35}},"9":{"start":{"line":44,"column":9},"end":{"line":52,"column":null}},"10":{"start":{"line":45,"column":4},"end":{"line":45,"column":49}},"11":{"start":{"line":45,"column":32},"end":{"line":45,"column":49}},"12":{"start":{"line":46,"column":4},"end":{"line":46,"column":35}},"13":{"start":{"line":47,"column":4},"end":{"line":47,"column":23}},"14":{"start":{"line":48,"column":4},"end":{"line":48,"column":22}},"15":{"start":{"line":49,"column":4},"end":{"line":49,"column":22}},"16":{"start":{"line":50,"column":4},"end":{"line":50,"column":21}},"17":{"start":{"line":51,"column":4},"end":{"line":51,"column":22}},"18":{"start":{"line":54,"column":9},"end":{"line":56,"column":null}},"19":{"start":{"line":55,"column":4},"end":{"line":55,"column":21}},"20":{"start":{"line":58,"column":15},"end":{"line":82,"column":null}},"21":{"start":{"line":67,"column":4},"end":{"line":67,"column":28}},"22":{"start":{"line":68,"column":4},"end":{"line":68,"column":27}},"23":{"start":{"line":69,"column":4},"end":{"line":69,"column":25}},"24":{"start":{"line":70,"column":4},"end":{"line":70,"column":23}},"25":{"start":{"line":71,"column":4},"end":{"line":71,"column":21}},"26":{"start":{"line":72,"column":4},"end":{"line":72,"column":23}},"27":{"start":{"line":73,"column":4},"end":{"line":73,"column":23}},"28":{"start":{"line":74,"column":4},"end":{"line":74,"column":27}},"29":{"start":{"line":75,"column":4},"end":{"line":75,"column":29}},"30":{"start":{"line":76,"column":4},"end":{"line":76,"column":50}},"31":{"start":{"line":77,"column":4},"end":{"line":77,"column":48}},"32":{"start":{"line":78,"column":4},"end":{"line":78,"column":32}},"33":{"start":{"line":79,"column":4},"end":{"line":79,"column":30}},"34":{"start":{"line":80,"column":4},"end":{"line":80,"column":72}},"35":{"start":{"line":81,"column":4},"end":{"line":81,"column":29}},"36":{"start":{"line":84,"column":15},"end":{"line":93,"column":null}},"37":{"start":{"line":85,"column":4},"end":{"line":85,"column":53}},"38":{"start":{"line":85,"column":21},"end":{"line":85,"column":53}},"39":{"start":{"line":86,"column":4},"end":{"line":86,"column":63}},"40":{"start":{"line":86,"column":21},"end":{"line":86,"column":63}},"41":{"start":{"line":87,"column":10},"end":{"line":87,"column":37}},"42":{"start":{"line":88,"column":10},"end":{"line":88,"column":41}},"43":{"start":{"line":89,"column":10},"end":{"line":89,"column":45}},"44":{"start":{"line":90,"column":10},"end":{"line":90,"column":58}},"45":{"start":{"line":91,"column":4},"end":{"line":91,"column":67}},"46":{"start":{"line":91,"column":25},"end":{"line":91,"column":67}},"47":{"start":{"line":92,"column":4},"end":{"line":92,"column":62}},"48":{"start":{"line":95,"column":9},"end":{"line":98,"column":null}},"49":{"start":{"line":95,"column":22},"end":{"line":95,"column":38}},"50":{"start":{"line":96,"column":4},"end":{"line":96,"column":53}},"51":{"start":{"line":96,"column":21},"end":{"line":96,"column":53}},"52":{"start":{"line":97,"column":4},"end":{"line":97,"column":30}},"53":{"start":{"line":100,"column":15},"end":{"line":104,"column":null}},"54":{"start":{"line":101,"column":4},"end":{"line":101,"column":55}},"55":{"start":{"line":101,"column":24},"end":{"line":101,"column":55}},"56":{"start":{"line":102,"column":4},"end":{"line":102,"column":53}},"57":{"start":{"line":102,"column":21},"end":{"line":102,"column":53}},"58":{"start":{"line":103,"column":4},"end":{"line":103,"column":40}},"59":{"start":{"line":106,"column":15},"end":{"line":114,"column":null}},"60":{"start":{"line":107,"column":4},"end":{"line":107,"column":70}},"61":{"start":{"line":107,"column":38},"end":{"line":107,"column":70}},"62":{"start":{"line":108,"column":4},"end":{"line":108,"column":68}},"63":{"start":{"line":108,"column":37},"end":{"line":108,"column":68}},"64":{"start":{"line":109,"column":4},"end":{"line":109,"column":53}},"65":{"start":{"line":109,"column":21},"end":{"line":109,"column":53}},"66":{"start":{"line":110,"column":4},"end":{"line":110,"column":27}},"67":{"start":{"line":111,"column":4},"end":{"line":111,"column":20}},"68":{"start":{"line":112,"column":4},"end":{"line":112,"column":29}},"69":{"start":{"line":113,"column":4},"end":{"line":113,"column":40}},"70":{"start":{"line":116,"column":16},"end":{"line":127,"column":null}},"71":{"start":{"line":117,"column":4},"end":{"line":117,"column":72}},"72":{"start":{"line":117,"column":39},"end":{"line":117,"column":72}},"73":{"start":{"line":118,"column":4},"end":{"line":118,"column":55}},"74":{"start":{"line":118,"column":21},"end":{"line":118,"column":55}},"75":{"start":{"line":119,"column":10},"end":{"line":119,"column":36}},"76":{"start":{"line":120,"column":4},"end":{"line":126,"column":6}},"77":{"start":{"line":121,"column":36},"end":{"line":121,"column":38}},"78":{"start":{"line":122,"column":8},"end":{"line":122,"column":76}},"79":{"start":{"line":122,"column":43},"end":{"line":122,"column":76}},"80":{"start":{"line":123,"column":8},"end":{"line":123,"column":50}},"81":{"start":{"line":124,"column":8},"end":{"line":124,"column":42}},"82":{"start":{"line":129,"column":16},"end":{"line":140,"column":null}},"83":{"start":{"line":130,"column":8},"end":{"line":130,"column":14}},"84":{"start":{"line":131,"column":4},"end":{"line":131,"column":55}},"85":{"start":{"line":131,"column":24},"end":{"line":131,"column":55}},"86":{"start":{"line":132,"column":4},"end":{"line":132,"column":55}},"87":{"start":{"line":132,"column":21},"end":{"line":132,"column":55}},"88":{"start":{"line":133,"column":10},"end":{"line":133,"column":32}},"89":{"start":{"line":134,"column":4},"end":{"line":139,"column":6}},"90":{"start":{"line":135,"column":34},"end":{"line":135,"column":36}},"91":{"start":{"line":135,"column":42},"end":{"line":135,"column":44}},"92":{"start":{"line":136,"column":8},"end":{"line":136,"column":68}},"93":{"start":{"line":136,"column":24},"end":{"line":136,"column":68}},"94":{"start":{"line":137,"column":8},"end":{"line":137,"column":46}},"95":{"start":{"line":142,"column":16},"end":{"line":152,"column":null}},"96":{"start":{"line":143,"column":4},"end":{"line":143,"column":55}},"97":{"start":{"line":143,"column":21},"end":{"line":143,"column":55}},"98":{"start":{"line":144,"column":10},"end":{"line":144,"column":29}},"99":{"start":{"line":145,"column":4},"end":{"line":151,"column":6}},"100":{"start":{"line":146,"column":29},"end":{"line":150,"column":8}},"101":{"start":{"line":147,"column":14},"end":{"line":147,"column":50}},"102":{"start":{"line":148,"column":8},"end":{"line":148,"column":77}},"103":{"start":{"line":148,"column":36},"end":{"line":148,"column":77}},"104":{"start":{"line":149,"column":8},"end":{"line":149,"column":37}},"105":{"start":{"line":154,"column":16},"end":{"line":164,"column":null}},"106":{"start":{"line":155,"column":4},"end":{"line":155,"column":55}},"107":{"start":{"line":155,"column":21},"end":{"line":155,"column":55}},"108":{"start":{"line":156,"column":10},"end":{"line":156,"column":29}},"109":{"start":{"line":157,"column":4},"end":{"line":163,"column":6}},"110":{"start":{"line":158,"column":36},"end":{"line":162,"column":8}},"111":{"start":{"line":159,"column":14},"end":{"line":159,"column":51}},"112":{"start":{"line":160,"column":8},"end":{"line":160,"column":78}},"113":{"start":{"line":160,"column":36},"end":{"line":160,"column":78}},"114":{"start":{"line":161,"column":8},"end":{"line":161,"column":35}},"115":{"start":{"line":28,"column":21},"end":{"line":165,"column":null}},"116":{"start":{"line":165,"column":0},"end":{"line":165,"column":null}},"117":{"start":{"line":28,"column":21},"end":{"line":28,"column":null}}},"fnMap":{"0":{"name":"(anonymous_18)","decl":{"start":{"line":28,"column":0},"end":{"line":28,"column":21}},"loc":{"start":{"line":28,"column":0},"end":{"line":28,"column":21}}},"1":{"name":"Curator","decl":{"start":{"line":37,"column":2},"end":{"line":37,"column":null}},"loc":{"start":{"line":39,"column":51},"end":{"line":42,"column":3}}},"2":{"name":"(anonymous_20)","decl":{"start":{"line":44,"column":2},"end":{"line":44,"column":9}},"loc":{"start":{"line":44,"column":62},"end":{"line":52,"column":3}}},"3":{"name":"(anonymous_21)","decl":{"start":{"line":54,"column":2},"end":{"line":54,"column":9}},"loc":{"start":{"line":54,"column":34},"end":{"line":56,"column":3}}},"4":{"name":"(anonymous_22)","decl":{"start":{"line":58,"column":2},"end":{"line":58,"column":15}},"loc":{"start":{"line":65,"column":30},"end":{"line":82,"column":null}}},"5":{"name":"(anonymous_25)","decl":{"start":{"line":84,"column":2},"end":{"line":84,"column":15}},"loc":{"start":{"line":84,"column":43},"end":{"line":93,"column":null}}},"6":{"name":"(anonymous_28)","decl":{"start":{"line":95,"column":2},"end":{"line":95,"column":9}},"loc":{"start":{"line":95,"column":2},"end":{"line":98,"column":3}}},"7":{"name":"(anonymous_29)","decl":{"start":{"line":100,"column":2},"end":{"line":100,"column":15}},"loc":{"start":{"line":100,"column":2},"end":{"line":104,"column":null}}},"8":{"name":"(anonymous_32)","decl":{"start":{"line":106,"column":2},"end":{"line":106,"column":15}},"loc":{"start":{"line":106,"column":53},"end":{"line":114,"column":null}}},"9":{"name":"(anonymous_35)","decl":{"start":{"line":116,"column":2},"end":{"line":116,"column":16}},"loc":{"start":{"line":116,"column":2},"end":{"line":127,"column":null}}},"10":{"name":"(anonymous_38)","decl":{"start":{"line":121,"column":21},"end":{"line":121,"column":28}},"loc":{"start":{"line":121,"column":38},"end":{"line":125,"column":8}}},"11":{"name":"(anonymous_41)","decl":{"start":{"line":129,"column":2},"end":{"line":129,"column":16}},"loc":{"start":{"line":129,"column":2},"end":{"line":140,"column":null}}},"12":{"name":"(anonymous_44)","decl":{"start":{"line":135,"column":21},"end":{"line":135,"column":28}},"loc":{"start":{"line":135,"column":44},"end":{"line":138,"column":8}}},"13":{"name":"(anonymous_47)","decl":{"start":{"line":142,"column":2},"end":{"line":142,"column":16}},"loc":{"start":{"line":142,"column":45},"end":{"line":152,"column":null}}},"14":{"name":"(anonymous_50)","decl":{"start":{"line":146,"column":17},"end":{"line":146,"column":24}},"loc":{"start":{"line":146,"column":29},"end":{"line":150,"column":8}}},"15":{"name":"(anonymous_51)","decl":{"start":{"line":146,"column":29},"end":{"line":146,"column":null}},"loc":{"start":{"line":146,"column":29},"end":{"line":150,"column":8}}},"16":{"name":"(anonymous_53)","decl":{"start":{"line":154,"column":2},"end":{"line":154,"column":16}},"loc":{"start":{"line":154,"column":2},"end":{"line":164,"column":null}}},"17":{"name":"(anonymous_56)","decl":{"start":{"line":158,"column":23},"end":{"line":158,"column":30}},"loc":{"start":{"line":158,"column":36},"end":{"line":162,"column":8}}},"18":{"name":"(anonymous_57)","decl":{"start":{"line":158,"column":36},"end":{"line":158,"column":null}},"loc":{"start":{"line":158,"column":36},"end":{"line":162,"column":8}}}},"branchMap":{"0":{"loc":{"start":{"line":45,"column":4},"end":{"line":45,"column":49}},"type":"if","locations":[{"start":{"line":45,"column":4},"end":{"line":45,"column":49}},{"start":{"line":45,"column":4},"end":{"line":45,"column":49}}]},"1":{"loc":{"start":{"line":45,"column":24},"end":{"line":45,"column":26}},"type":"cond-expr","locations":[{"start":{"line":45,"column":24},"end":{"line":45,"column":26}},{"start":{"line":45,"column":24},"end":{"line":45,"column":30}}]},"2":{"loc":{"start":{"line":45,"column":8},"end":{"line":45,"column":26}},"type":"binary-expr","locations":[{"start":{"line":45,"column":8},"end":{"line":45,"column":26}},{"start":{"line":45,"column":24},"end":{"line":45,"column":26}}]},"3":{"loc":{"start":{"line":45,"column":16},"end":{"line":45,"column":18}},"type":"cond-expr","locations":[{"start":{"line":45,"column":16},"end":{"line":45,"column":18}},{"start":{"line":45,"column":9},"end":{"line":45,"column":24}}]},"4":{"loc":{"start":{"line":45,"column":9},"end":{"line":45,"column":18}},"type":"binary-expr","locations":[{"start":{"line":45,"column":9},"end":{"line":45,"column":18}},{"start":{"line":45,"column":9},"end":{"line":45,"column":18}}]},"5":{"loc":{"start":{"line":85,"column":4},"end":{"line":85,"column":53}},"type":"if","locations":[{"start":{"line":85,"column":4},"end":{"line":85,"column":53}},{"start":{"line":85,"column":4},"end":{"line":85,"column":53}}]},"6":{"loc":{"start":{"line":86,"column":4},"end":{"line":86,"column":63}},"type":"if","locations":[{"start":{"line":86,"column":4},"end":{"line":86,"column":63}},{"start":{"line":86,"column":4},"end":{"line":86,"column":63}}]},"7":{"loc":{"start":{"line":90,"column":51},"end":{"line":90,"column":53}},"type":"cond-expr","locations":[{"start":{"line":90,"column":51},"end":{"line":90,"column":53}},{"start":{"line":90,"column":51},"end":{"line":90,"column":57}}]},"8":{"loc":{"start":{"line":90,"column":20},"end":{"line":90,"column":53}},"type":"binary-expr","locations":[{"start":{"line":90,"column":20},"end":{"line":90,"column":53}},{"start":{"line":90,"column":51},"end":{"line":90,"column":53}}]},"9":{"loc":{"start":{"line":91,"column":4},"end":{"line":91,"column":67}},"type":"if","locations":[{"start":{"line":91,"column":4},"end":{"line":91,"column":67}},{"start":{"line":91,"column":4},"end":{"line":91,"column":67}}]},"10":{"loc":{"start":{"line":91,"column":19},"end":{"line":91,"column":21}},"type":"cond-expr","locations":[{"start":{"line":91,"column":19},"end":{"line":91,"column":21}},{"start":{"line":91,"column":9},"end":{"line":91,"column":23}}]},"11":{"loc":{"start":{"line":91,"column":9},"end":{"line":91,"column":21}},"type":"binary-expr","locations":[{"start":{"line":91,"column":9},"end":{"line":91,"column":21}},{"start":{"line":91,"column":9},"end":{"line":91,"column":21}}]},"12":{"loc":{"start":{"line":96,"column":4},"end":{"line":96,"column":53}},"type":"if","locations":[{"start":{"line":96,"column":4},"end":{"line":96,"column":53}},{"start":{"line":96,"column":4},"end":{"line":96,"column":53}}]},"13":{"loc":{"start":{"line":101,"column":4},"end":{"line":101,"column":55}},"type":"if","locations":[{"start":{"line":101,"column":4},"end":{"line":101,"column":55}},{"start":{"line":101,"column":4},"end":{"line":101,"column":55}}]},"14":{"loc":{"start":{"line":101,"column":18},"end":{"line":101,"column":20}},"type":"cond-expr","locations":[{"start":{"line":101,"column":18},"end":{"line":101,"column":20}},{"start":{"line":101,"column":18},"end":{"line":101,"column":22}}]},"15":{"loc":{"start":{"line":101,"column":8},"end":{"line":101,"column":20}},"type":"binary-expr","locations":[{"start":{"line":101,"column":8},"end":{"line":101,"column":20}},{"start":{"line":101,"column":18},"end":{"line":101,"column":20}}]},"16":{"loc":{"start":{"line":102,"column":4},"end":{"line":102,"column":53}},"type":"if","locations":[{"start":{"line":102,"column":4},"end":{"line":102,"column":53}},{"start":{"line":102,"column":4},"end":{"line":102,"column":53}}]},"17":{"loc":{"start":{"line":107,"column":4},"end":{"line":107,"column":70}},"type":"if","locations":[{"start":{"line":107,"column":4},"end":{"line":107,"column":70}},{"start":{"line":107,"column":4},"end":{"line":107,"column":70}}]},"18":{"loc":{"start":{"line":107,"column":18},"end":{"line":107,"column":20}},"type":"cond-expr","locations":[{"start":{"line":107,"column":18},"end":{"line":107,"column":20}},{"start":{"line":107,"column":18},"end":{"line":107,"column":22}}]},"19":{"loc":{"start":{"line":107,"column":8},"end":{"line":107,"column":20}},"type":"binary-expr","locations":[{"start":{"line":107,"column":8},"end":{"line":107,"column":20}},{"start":{"line":107,"column":18},"end":{"line":107,"column":20}}]},"20":{"loc":{"start":{"line":108,"column":4},"end":{"line":108,"column":68}},"type":"if","locations":[{"start":{"line":108,"column":4},"end":{"line":108,"column":68}},{"start":{"line":108,"column":4},"end":{"line":108,"column":68}}]},"21":{"loc":{"start":{"line":108,"column":17},"end":{"line":108,"column":19}},"type":"cond-expr","locations":[{"start":{"line":108,"column":17},"end":{"line":108,"column":19}},{"start":{"line":108,"column":17},"end":{"line":108,"column":21}}]},"22":{"loc":{"start":{"line":108,"column":8},"end":{"line":108,"column":19}},"type":"binary-expr","locations":[{"start":{"line":108,"column":8},"end":{"line":108,"column":19}},{"start":{"line":108,"column":17},"end":{"line":108,"column":19}}]},"23":{"loc":{"start":{"line":109,"column":4},"end":{"line":109,"column":53}},"type":"if","locations":[{"start":{"line":109,"column":4},"end":{"line":109,"column":53}},{"start":{"line":109,"column":4},"end":{"line":109,"column":53}}]},"2
[...]
mous_16)","decl":{"start":{"line":37,"column":2},"end":{"line":37,"column":9}},"loc":{"start":{"line":37,"column":55},"end":{"line":47,"column":3}}},"10":{"name":"(anonymous_17)","decl":{"start":{"line":38,"column":32},"end":{"line":38,"column":33}},"loc":{"start":{"line":38,"column":39},"end":{"line":46,"column":5}}},"11":{"name":"(anonymous_18)","decl":{"start":{"line":49,"column":2},"end":{"line":49,"column":9}},"loc":{"start":{"line":51,"column":11},"end":{"line":61,"column":3}}},"12":{"name":"(anonymous_19)","decl":{"start":{"line":53,"column":32},"end":{"line":53,"column":33}},"loc":{"start":{"line":53,"column":39},"end":{"line":60,"column":5}}}},"branchMap":{"0":{"loc":{"start":{"line":16,"column":4},"end":{"line":16,"column":63}},"type":"if","locations":[{"start":{"line":16,"column":4},"end":{"line":16,"column":63}},{"start":{"line":16,"column":4},"end":{"line":16,"column":63}}]},"1":{"loc":{"start":{"line":16,"column":8},"end":{"line":16,"column":16}},"type":"binary-expr","locations":[{"start":{"line":16,"column":8},"end":{"line":16,"column":16}},{"start":{"line":16,"column":20},"end":{"line":16,"column":28}}]},"2":{"loc":{"start":{"line":21,"column":4},"end":{"line":21,"column":63}},"type":"if","locations":[{"start":{"line":21,"column":4},"end":{"line":21,"column":63}},{"start":{"line":21,"column":4},"end":{"line":21,"column":63}}]},"3":{"loc":{"start":{"line":21,"column":8},"end":{"line":21,"column":16}},"type":"binary-expr","locations":[{"start":{"line":21,"column":8},"end":{"line":21,"column":16}},{"start":{"line":21,"column":20},"end":{"line":21,"column":28}}]},"4":{"loc":{"start":{"line":26,"column":4},"end":{"line":26,"column":63}},"type":"if","locations":[{"start":{"line":26,"column":4},"end":{"line":26,"column":63}},{"start":{"line":26,"column":4},"end":{"line":26,"column":63}}]},"5":{"loc":{"start":{"line":26,"column":8},"end":{"line":26,"column":16}},"type":"binary-expr","locations":[{"start":{"line":26,"column":8},"end":{"line":26,"column":16}},{"start":{"line":26,"column":20},"end":{"line":26,"column":28}}]},"6":{"loc":{"start":{"line":33,"column":6},"end":{"line":33,"column":47}},"type":"if","locations":[{"start":{"line":33,"column":6},"end":{"line":33,"column":47}},{"start":{"line":33,"column":6},"end":{"line":33,"column":47}}]},"7":{"loc":{"start":{"line":40,"column":6},"end":{"line":45,"column":null}},"type":"if","locations":[{"start":{"line":40,"column":6},"end":{"line":45,"column":null}},{"start":{"line":40,"column":6},"end":{"line":45,"column":null}}]},"8":{"loc":{"start":{"line":55,"column":6},"end":{"line":59,"column":null}},"type":"if","locations":[{"start":{"line":55,"column":6},"end":{"line":59,"column":null}},{"start":{"line":55,"column":6},"end":{"line":59,"column":null}}]}},"s":{"0":4,"1":4,"2":4,"3":53,"4":4,"5":7,"6":11,"7":4,"8":3,"9":1,"10":2,"11":4,"12":115,"13":2,"14":113,"15":4,"16":42,"17":1,"18":41,"19":4,"20":1,"21":1,"22":9,"23":9,"24":2,"25":4,"26":9,"27":9,"28":81,"29":81,"30":71,"31":10,"32":10,"33":4,"34":5,"35":5,"36":45,"37":45,"38":37,"39":8,"40":4},"f":{"0":4,"1":53,"2":7,"3":11,"4":3,"5":115,"6":42,"7":1,"8":9,"9":9,"10":81,"11":5,"12":45},"b":{"0":[1,2],"1":[3,3],"2":[2,113],"3":[115,114],"4":[1,41],"5":[42,42],"6":[2,7],"7":[71,10],"8":[37,8]}}
,"/home/tommy/Documents/gdonkey-proj/gdonkey-extension/src/background/src/utils/seat-chart/index.ts": {"path":"/home/tommy/Documents/gdonkey-proj/gdonkey-extension/src/background/src/utils/seat-chart/index.ts","statementMap":{"0":{"start":{"line":1,"column":0},"end":{"line":1,"column":9}},"1":{"start":{"line":1,"column":9},"end":{"line":1,"column":38}}},"fnMap":{"0":{"name":"(anonymous_1)","decl":{"start":{"line":1,"column":9},"end":{"line":1,"column":16}},"loc":{"start":{"line":1,"column":9},"end":{"line":1,"column":38}}}},"branchMap":{},"s":{"0":4,"1":57},"f":{"0":53},"b":{}}
,"/home/tommy/Documents/gdonkey-proj/gdonkey-extension/src/background/tests/baseTest.ts": {"path":"/home/tommy/Documents/gdonkey-proj/gdonkey-extension/src/background/tests/baseTest.ts","statementMap":{"0":{"start":{"line":1,"column":0},"end":{"line":1,"column":36}},"1":{"start":{"line":2,"column":0},"end":{"line":2,"column":44}},"2":{"start":{"line":3,"column":0},"end":{"line":3,"column":31}},"3":{"start":{"line":6,"column":0},"end":{"line":6,"column":null}},"4":{"start":{"line":11,"column":16},"end":{"line":11,"column":33}},"5":{"start":{"line":12,"column":20},"end":{"line":12,"column":60}},"6":{"start":{"line":14,"column":2},"end":{"line":295,"column":5}},"7":{"start":{"line":15,"column":4},"end":{"line":18,"column":7}},"8":{"start":{"line":15,"column":35},"end":{"line":18,"column":6}},"9":{"start":{"line":16,"column":6},"end":{"line":16,"column":28}},"10":{"start":{"line":17,"column":6},"end":{"line":17,"column":54}},"11":{"start":{"line":17,"column":33},"end":{"line":17,"column":53}},"12":{"start":{"line":20,"column":4},"end":{"line":32,"column":7}},"13":{"start":{"line":21,"column":6},"end":{"line":31,"column":8}},"14":{"start":{"line":34,"column":4},"end":{"line":47,"column":7}},"15":{"start":{"line":35,"column":6},"end":{"line":46,"column":8}},"16":{"start":{"line":49,"column":4},"end":{"line":62,"column":7}},"17":{"start":{"line":50,"column":6},"end":{"line":61,"column":8}},"18":{"start":{"line":64,"column":4},"end":{"line":77,"column":7}},"19":{"start":{"line":65,"column":6},"end":{"line":76,"column":8}},"20":{"start":{"line":79,"column":4},"end":{"line":92,"column":7}},"21":{"start":{"line":80,"column":6},"end":{"line":91,"column":8}},"22":{"start":{"line":94,"column":4},"end":{"line":107,"column":7}},"23":{"start":{"line":95,"column":6},"end":{"line":106,"column":8}},"24":{"start":{"line":109,"column":4},"end":{"line":136,"column":7}},"25":{"start":{"line":110,"column":6},"end":{"line":122,"column":8}},"26":{"start":{"line":123,"column":6},"end":{"line":135,"column":8}},"27":{"start":{"line":138,"column":4},"end":{"line":165,"column":7}},"28":{"start":{"line":139,"column":6},"end":{"line":151,"column":8}},"29":{"start":{"line":152,"column":6},"end":{"line":164,"column":8}},"30":{"start":{"line":167,"column":4},"end":{"line":194,"column":7}},"31":{"start":{"line":168,"column":6},"end":{"line":180,"column":8}},"32":{"start":{"line":181,"column":6},"end":{"line":193,"column":8}},"33":{"start":{"line":196,"column":4},"end":{"line":223,"column":7}},"34":{"start":{"line":197,"column":6},"end":{"line":209,"column":8}},"35":{"start":{"line":210,"column":6},"end":{"line":222,"column":8}},"36":{"start":{"line":225,"column":4},"end":{"line":248,"column":7}},"37":{"start":{"line":226,"column":6},"end":{"line":247,"column":8}},"38":{"start":{"line":250,"column":4},"end":{"line":265,"column":7}},"39":{"start":{"line":251,"column":6},"end":{"line":264,"column":8}},"40":{"start":{"line":267,"column":4},"end":{"line":282,"column":7}},"41":{"start":{"line":268,"column":6},"end":{"line":281,"column":8}},"42":{"start":{"line":284,"column":4},"end":{"line":294,"column":7}},"43":{"start":{"line":285,"column":6},"end":{"line":293,"column":8}}},"fnMap":{"0":{"name":"default_1","decl":{"start":{"line":6,"column":0},"end":{"line":6,"column":null}},"loc":{"start":{"line":9,"column":18},"end":{"line":296,"column":1}}},"1":{"name":"(anonymous_15)","decl":{"start":{"line":14,"column":19},"end":{"line":14,"column":null}},"loc":{"start":{"line":14,"column":19},"end":{"line":295,"column":3}}},"2":{"name":"(anonymous_16)","decl":{"start":{"line":15,"column":35},"end":{"line":15,"column":null}},"loc":{"start":{"line":15,"column":35},"end":{"line":18,"column":6}}},"3":{"name":"(anonymous_19)","decl":{"start":{"line":17,"column":24},"end":{"line":17,"column":25}},"loc":{"start":{"line":17,"column":28},"end":{"line":17,"column":43}}},"4":{"name":"(anonymous_20)","decl":{"start":{"line":20,"column":34},"end":{"line":20,"column":null}},"loc":{"start":{"line":20,"column":34},"end":{"line":32,"column":5}}},"5":{"name":"(anonymous_21)","decl":{"start":{"line":34,"column":43},"end":{"line":34,"column":null}},"loc":{"start":{"line":34,"column":43},"end":{"line":47,"column":5}}},"6":{"name":"(anonymous_22)","decl":{"start":{"line":49,"column":49},"end":{"line":49,"column":null}},"loc":{"start":{"line":49,"column":49},"end":{"line":62,"column":5}}},"7":{"name":"(anonymous_23)","decl":{"start":{"line":64,"column":50},"end":{"line":64,"column":null}},"loc":{"start":{"line":64,"column":50},"end":{"line":77,"column":5}}},"8":{"name":"(anonymous_24)","decl":{"start":{"line":79,"column":41},"end":{"line":79,"column":null}},"loc":{"start":{"line":79,"column":41},"end":{"line":92,"column":5}}},"9":{"name":"(anonymous_25)","decl":{"start":{"line":94,"column":39},"end":{"line":94,"column":null}},"loc":{"start":{"line":94,"column":39},"end":{"line":107,"column":5}}},"10":{"name":"(anonymous_26)","decl":{"start":{"line":109,"column":45},"end":{"line":109,"column":null}},"loc":{"start":{"line":109,"column":45},"end":{"line":136,"column":5}}},"11":{"name":"(anonymous_27)","decl":{"start":{"line":138,"column":42},"end":{"line":138,"column":null}},"loc":{"start":{"line":138,"column":42},"end":{"line":165,"column":5}}},"12":{"name":"(anonymous_28)","decl":{"start":{"line":167,"column":42},"end":{"line":167,"column":null}},"loc":{"start":{"line":167,"column":42},"end":{"line":194,"column":5}}},"13":{"name":"(anonymous_29)","decl":{"start":{"line":196,"column":42},"end":{"line":196,"column":null}},"loc":{"start":{"line":196,"column":42},"end":{"line":223,"column":5}}},"14":{"name":"(anonymous_30)","decl":{"start":{"line":225,"column":31},"end":{"line":225,"column":null}},"loc":{"start":{"line":225,"column":31},"end":{"line":248,"column":5}}},"15":{"name":"(anonymous_31)","decl":{"start":{"line":250,"column":31},"end":{"line":250,"column":null}},"loc":{"start":{"line":250,"column":31},"end":{"line":265,"column":5}}},"16":{"name":"(anonymous_32)","decl":{"start":{"line":267,"column":32},"end":{"line":267,"column":null}},"loc":{"start":{"line":267,"column":32},"end":{"line":282,"column":5}}},"17":{"name":"(anonymous_33)","decl":{"start":{"line":284,"column":38},"end":{"line":284,"column":null}},"loc":{"start":{"line":284,"column":38},"end":{"line":294,"column":5}}}},"branchMap":{"0":{"loc":{"start":{"line":16,"column":6},"end":{"line":16,"column":28}},"type":"switch","locations":[{"start":{"line":16,"column":6},"end":{"line":16,"column":28}}]},"1":{"loc":{"start":{"line":41,"column":35},"end":{"line":41,"column":44}},"type":"cond-expr","locations":[{"start":{"line":41,"column":35},"end":{"line":41,"column":44}},{"start":{"line":41,"column":47},"end":{"line":41,"column":78}}]}},"s":{"0":2,"1":2,"2":2,"3":4,"4":2,"5":2,"6":2,"7":2,"8":2,"9":4,"10":4,"11":2,"12":2,"13":2,"14":2,"15":2,"16":2,"17":2,"18":2,"19":2,"20":2,"21":2,"22":2,"23":2,"24":2,"25":2,"26":2,"27":2,"28":2,"29":2,"30":2,"31":2,"32":2,"33":2,"34":2,"35":2,"36":2,"37":2,"38":2,"39":2,"40":2,"41":2,"42":2,"43":2},"f":{"0":2,"1":2,"2":4,"3":2,"4":2,"5":2,"6":2,"7":2,"8":2,"9":2,"10":2,"11":2,"12":2,"13":2,"14":2,"15":2,"16":2,"17":2},"b":{"0":[2],"1":[1,1]}}
,"/home/tommy/Documents/gdonkey-proj/gdonkey-extension/src/background/tests/mockAxios.ts": {"path":"/home/tommy/Documents/gdonkey-proj/gdonkey-extension/src/background/tests/mockAxios.ts","statementMap":{"0":{"start":{"line":2,"column":20},"end":{"line":7,"column":4}},"1":{"start":{"line":9,"column":18},"end":{"line":9,"column":28}},"2":{"start":{"line":10,"column":15},"end":{"line":10,"column":16}},"3":{"start":{"line":11,"column":20},"end":{"line":11,"column":21}},"4":{"start":{"line":12,"column":2},"end":{"line":22,"column":5}},"5":{"start":{"line":13,"column":4},"end":{"line":21,"column":null}},"6":{"start":{"line":14,"column":6},"end":{"line":14,"column":43}},"7":{"start":{"line":15,"column":11},"end":{"line":21,"column":null}},"8":{"start":{"line":16,"column":6},"end":{"line":16,"column":45}},"9":{"start":{"line":17,"column":11},"end":{"line":21,"column":null}},"10":{"start":{"line":18,"column":6},"end":{"line":18,"column":50}},"11":{"start":{"line":19,"column":11},"end":{"line":21,"column":null}},"12":{"start":{"line":20,"column":6},"end":{"line":20,"column":38}},"13":{"start":{"line":24,"column":2},"end":{"line":40,"column":5}},"14":{"start":{"line":25,"column":4},"end":{"line":39,"column":null}},"15":{"start":{"line":26,"column":6},"end":{"line":26,"column":62}},"16":{"start":{"line":27,"column":11},"end":{"line":39,"column":null}},"17":{"start":{"line":28,"column":6},"end":{"line":28,"column":74}},"18":{"start":{"line":29,"column":11},"end":{"line":39,"column":null}},"19":{"start":{"line":30,"column":6},"end":{"line":30,"column":48}},"20":{"start":{"line":31,"column":11},"end":{"line":39,"column":null}},"21":{"start":{"line":32,"column":6},"end":{"line":32,"column":38}},"22":{"start":{"line":33,"column":11},"end":{"line":39,"column":null}},"23":{"start":{"line":34,"column":6},"end":{"line":38,"column":null}},"24":{"start":{"line":35,"column":8},"end":{"line":35,"column":50}},"25":{"start":{"line":37,"column":8},"end":{"line":37,"column":41}},"26":{"start":{"line":41,"column":2},"end":{"line":41,"column":19}},"27":{"start":{"line":1,"column":0},"end":{"line":1,"column":25}}},"fnMap":{"0":{"name":"default_1","decl":{"start":{"line":1,"column":0},"end":{"line":1,"column":25}},"loc":{"start":{"line":1,"column":39},"end":{"line":42,"column":1}}},"1":{"name":"(anonymous_1)","decl":{"start":{"line":12,"column":36},"end":{"line":12,"column":37}},"loc":{"start":{"line":12,"column":48},"end":{"line":22,"column":3}}},"2":{"name":"(anonymous_2)","decl":{"start":{"line":24,"column":35},"end":{"line":24,"column":36}},"loc":{"start":{"line":24,"column":47},"end":{"line":40,"column":3}}}},"branchMap":{"0":{"loc":{"start":{"line":13,"column":4},"end":{"line":21,"column":null}},"type":"if","locations":[{"start":{"line":13,"column":4},"end":{"line":21,"column":null}},{"start":{"line":13,"column":4},"end":{"line":21,"column":null}}]},"1":{"loc":{"start":{"line":15,"column":11},"end":{"line":21,"column":null}},"type":"if","locations":[{"start":{"line":15,"column":11},"end":{"line":21,"column":null}},{"start":{"line":15,"column":11},"end":{"line":21,"column":null}}]},"2":{"loc":{"start":{"line":17,"column":11},"end":{"line":21,"column":null}},"type":"if","locations":[{"start":{"line":17,"column":11},"end":{"line":21,"column":null}},{"start":{"line":17,"column":11},"end":{"line":21,"column":null}}]},"3":{"loc":{"start":{"line":19,"column":11},"end":{"line":21,"column":null}},"type":"if","locations":[{"start":{"line":19,"column":11},"end":{"line":21,"column":null}},{"start":{"line":19,"column":11},"end":{"line":21,"column":null}}]},"4":{"loc":{"start":{"line":25,"column":4},"end":{"line":39,"column":null}},"type":"if","locations":[{"start":{"line":25,"column":4},"end":{"line":39,"column":null}},{"start":{"line":25,"column":4},"end":{"line":39,"column":null}}]},"5":{"loc":{"start":{"line":27,"column":11},"end":{"line":39,"column":null}},"type":"if","locations":[{"start":{"line":27,"column":11},"end":{"line":39,"column":null}},{"start":{"line":27,"column":11},"end":{"line":39,"column":null}}]},"6":{"loc":{"start":{"line":29,"column":11},"end":{"line":39,"column":null}},"type":"if","locations":[{"start":{"line":29,"column":11},"end":{"line":39,"column":null}},{"start":{"line":29,"column":11},"end":{"line":39,"column":null}}]},"7":{"loc":{"start":{"line":31,"column":11},"end":{"line":39,"column":null}},"type":"if","locations":[{"start":{"line":31,"column":11},"end":{"line":39,"column":null}},{"start":{"line":31,"column":11},"end":{"line":39,"column":null}}]},"8":{"loc":{"start":{"line":33,"column":11},"end":{"line":39,"column":null}},"type":"if","locations":[{"start":{"line":33,"column":11},"end":{"line":39,"column":null}},{"start":{"line":33,"column":11},"end":{"line":39,"column":null}}]},"9":{"loc":{"start":{"line":34,"column":6},"end":{"line":38,"column":null}},"type":"if","locations":[{"start":{"line":34,"column":6},"end":{"line":38,"column":null}},{"start":{"line":34,"column":6},"end":{"line":38,"column":null}}]}},"s":{"0":2,"1":2,"2":2,"3":2,"4":2,"5":28,"6":2,"7":26,"8":2,"9":24,"10":4,"11":20,"12":20,"13":2,"14":8,"15":2,"16":6,"17":2,"18":4,"19":1,"20":3,"21":1,"22":2,"23":2,"24":1,"25":1,"26":2,"27":2},"f":{"0":2,"1":28,"2":8},"b":{"0":[2,26],"1":[2,24],"2":[4,20],"3":[20,0],"4":[2,6],"5":[2,4],"6":[1,3],"7":[1,2],"8":[2,0],"9":[1,1]}}
,"/home/tommy/Documents/gdonkey-proj/gdonkey-extension/src/background/tests/mockContainer.ts": {"path":"/home/tommy/Documents/gdonkey-proj/gdonkey-extension/src/background/tests/mockContainer.ts","statementMap":{"0":{"start":{"line":2,"column":0},"end":{"line":2,"column":44}},"1":{"start":{"line":3,"column":0},"end":{"line":3,"column":33}},"2":{"start":{"line":5,"column":0},"end":{"line":28,"column":2}},"3":{"start":{"line":10,"column":20},"end":{"line":10,"column":34}},"4":{"start":{"line":12,"column":2},"end":{"line":12,"column":67}},"5":{"start":{"line":13,"column":2},"end":{"line":15,"column":36}},"6":{"start":{"line":15,"column":27},"end":{"line":15,"column":35}},"7":{"start":{"line":17,"column":2},"end":{"line":17,"column":63}},"8":{"start":{"line":18,"column":2},"end":{"line":18,"column":59}},"9":{"start":{"line":20,"column":2},"end":{"line":20,"column":61}},"10":{"start":{"line":23,"column":2},"end":{"line":23,"column":83}},"11":{"start":{"line":23,"column":70},"end":{"line":23,"column":80}},"12":{"start":{"line":24,"column":2},"end":{"line":24,"column":61}},"13":{"start":{"line":27,"column":2},"end":{"line":27,"column":19}}},"fnMap":{"0":{"name":"(anonymous_1)","decl":{"start":{"line":5,"column":15},"end":{"line":5,"column":null}},"loc":{"start":{"line":8,"column":18},"end":{"line":28,"column":1}}},"1":{"name":"(anonymous_2)","decl":{"start":{"line":15,"column":21},"end":{"line":15,"column":27}},"loc":{"start":{"line":15,"column":21},"end":{"line":15,"column":34}}},"2":{"name":"(anonymous_3)","decl":{"start":{"line":23,"column":52},"end":{"line":23,"column":53}},"loc":{"start":{"line":23,"column":63},"end":{"line":23,"column":81}}}},"branchMap":{},"s":{"0":2,"1":2,"2":2,"3":2,"4":2,"5":2,"6":100,"7":2,"8":2,"9":2,"10":2,"11":0,"12":2,"13":2},"f":{"0":2,"1":100,"2":0},"b":{}}
,"/home/tommy/Documents/gdonkey-proj/gdonkey-extension/src/background/tests/bovada/sniffer.ts": {"path":"/home/tommy/Documents/gdonkey-proj/gdonkey-extension/src/background/tests/bovada/sniffer.ts","statementMap":{"0":{"start":{"line":3,"column":15},"end":{"line":98,"column":2}},"1":{"start":{"line":103,"column":2},"end":{"line":112,"column":5}},"2":{"start":{"line":104,"column":4},"end":{"line":111,"column":7}},"3":{"start":{"line":100,"column":0},"end":{"line":100,"column":24}}},"fnMap":{"0":{"name":"wsSniffer","decl":{"start":{"line":100,"column":24},"end":{"line":100,"column":33}},"loc":{"start":{"line":101,"column":41},"end":{"line":113,"column":1}}},"1":{"name":"(anonymous_3)","decl":{"start":{"line":103,"column":17},"end":{"line":103,"column":18}},"loc":{"start":{"line":103,"column":23},"end":{"line":112,"column":3}}}},"branchMap":{},"s":{"0":1,"1":1,"2":20,"3":1},"f":{"0":1,"1":20},"b":{}}
,"/home/tommy/Documents/gdonkey-proj/gdonkey-extension/src/background/tests/gpokr/sniffer.ts": {"path":"/home/tommy/Documents/gdonkey-proj/gdonkey-extension/src/background/tests/gpokr/sniffer.ts","statementMap":{"0":{"start":{"line":3,"column":15},"end":{"line":57,"column":2}},"1":{"start":{"line":62,"column":2},"end":{"line":69,"column":5}},"2":{"start":{"line":63,"column":4},"end":{"line":68,"column":7}},"3":{"start":{"line":59,"column":0},"end":{"line":59,"column":24}}},"fnMap":{"0":{"name":"httpSniffer","decl":{"start":{"line":59,"column":24},"end":{"line":59,"column":35}},"loc":{"start":{"line":60,"column":41},"end":{"line":70,"column":1}}},"1":{"name":"(anonymous_1)","decl":{"start":{"line":62,"column":17},"end":{"line":62,"column":18}},"loc":{"start":{"line":62,"column":23},"end":{"line":69,"column":3}}}},"branchMap":{},"s":{"0":1,"1":1,"2":14,"3":1},"f":{"0":1,"1":14},"b":{}}
}
