TN:
SF:src/container.ts
FN:12,getContainer
FN:17,(anonymous_8)
FN:19,(anonymous_9)
FN:28,(anonymous_10)
FN:33,(anonymous_11)
FN:37,(anonymous_12)
FN:39,(anonymous_13)
FNF:7
FNH:5
FNDA:1,getContainer
FNDA:0,(anonymous_8)
FNDA:0,(anonymous_9)
FNDA:1,(anonymous_10)
FNDA:1,(anonymous_11)
FNDA:1,(anonymous_12)
FNDA:2,(anonymous_13)
DA:1,1
DA:2,1
DA:3,1
DA:4,1
DA:5,1
DA:6,1
DA:7,1
DA:8,1
DA:9,1
DA:12,1
DA:13,1
DA:15,1
DA:18,1
DA:19,1
DA:20,0
DA:21,0
DA:24,1
DA:27,1
DA:28,1
DA:29,1
DA:31,1
DA:32,1
DA:33,1
DA:34,1
DA:36,1
DA:37,1
DA:38,1
DA:39,2
DA:40,1
DA:42,1
DA:43,1
DA:45,1
DA:46,1
DA:48,1
DA:49,1
DA:50,1
DA:51,1
DA:52,1
DA:55,1
LF:39
LH:37
BRDA:16,0,0,1
BRDA:16,0,1,0
BRF:2
BRH:1
end_of_record
TN:
SF:src/init.ts
FN:9,(anonymous_14)
FN:9,(anonymous_15)
FN:26,(anonymous_17)
FN:32,(anonymous_18)
FN:37,(anonymous_19)
FN:50,(anonymous_20)
FNF:6
FNH:5
FNDA:1,(anonymous_14)
FNDA:1,(anonymous_15)
FNDA:2,(anonymous_17)
FNDA:1,(anonymous_18)
FNDA:20,(anonymous_19)
FNDA:0,(anonymous_20)
DA:2,1
DA:5,1
DA:6,1
DA:9,1
DA:10,1
DA:12,1
DA:13,1
DA:15,1
DA:16,1
DA:20,1
DA:21,1
DA:23,2
DA:25,1
DA:27,2
DA:28,2
DA:29,2
DA:30,2
DA:32,1
DA:37,1
DA:38,20
DA:39,20
DA:40,20
DA:41,20
DA:43,0
DA:47,1
DA:48,1
DA:50,1
DA:51,0
LF:28
LH:26
BRDA:39,0,0,0
BRDA:39,0,1,20
BRF:2
BRH:1
end_of_record
TN:
SF:src/types.ts
FNF:0
FNH:0
DA:1,1
LF:1
LH:1
BRF:0
BRH:0
end_of_record
TN:
SF:src/entities/Action.ts
FN:7,(anonymous_20)
FN:8,Action
FN:17,(anonymous_22)
FNF:3
FNH:1
FNDA:1,(anonymous_20)
FNDA:0,Action
FNDA:0,(anonymous_22)
DA:2,1
DA:5,1
DA:7,1
DA:9,0
DA:10,0
DA:11,0
DA:12,0
DA:14,0
DA:17,1
DA:23,0
DA:24,0
DA:34,0
DA:36,1
LF:13
LH:5
BRDA:14,0,0,0
BRDA:14,0,1,0
BRDA:23,1,0,0
BRDA:23,1,1,0
BRF:4
BRH:0
end_of_record
TN:
SF:src/entities/Blind.ts
FN:7,(anonymous_20)
FN:8,Blind
FN:17,(anonymous_22)
FNF:3
FNH:2
FNDA:1,(anonymous_20)
FNDA:2,Blind
FNDA:0,(anonymous_22)
DA:1,1
DA:2,1
DA:5,1
DA:7,1
DA:9,2
DA:10,2
DA:11,2
DA:12,2
DA:14,2
DA:17,1
DA:18,0
DA:19,0
DA:27,0
DA:29,1
LF:14
LH:11
BRDA:14,0,0,2
BRDA:14,0,1,2
BRDA:18,1,0,0
BRDA:18,1,1,0
BRF:4
BRH:2
end_of_record
TN:
SF:src/entities/Board.ts
FN:5,(anonymous_13)
FN:8,Board
FN:12,(anonymous_15)
FN:24,(anonymous_16)
FN:28,(anonymous_17)
FNF:5
FNH:2
FNDA:1,(anonymous_13)
FNDA:1,Board
FNDA:0,(anonymous_15)
FNDA:0,(anonymous_16)
FNDA:0,(anonymous_17)
DA:1,1
DA:5,1
DA:8,1
DA:9,1
DA:12,1
DA:13,0
DA:14,0
DA:15,0
DA:16,0
DA:17,0
DA:18,0
DA:20,0
DA:24,1
DA:25,0
DA:28,1
DA:29,0
DA:30,0
DA:36,0
DA:37,0
DA:43,0
DA:44,0
DA:51,1
LF:22
LH:8
BRDA:13,0,0,0
BRDA:13,0,1,0
BRDA:15,1,0,0
BRDA:15,1,1,0
BRDA:17,2,0,0
BRDA:17,2,1,0
BRDA:29,3,0,0
BRDA:29,3,1,0
BRDA:36,4,0,0
BRDA:36,4,1,0
BRDA:43,5,0,0
BRDA:43,5,1,0
BRF:12
BRH:0
end_of_record
TN:
SF:src/entities/Casino.ts
FN:7,(anonymous_26)
FN:8,Casino
FN:12,(anonymous_28)
FNF:3
FNH:2
FNDA:1,(anonymous_26)
FNDA:2,Casino
FNDA:0,(anonymous_28)
DA:1,1
DA:2,1
DA:3,1
DA:7,1
DA:8,2
DA:9,2
DA:12,1
DA:13,0
DA:14,0
DA:15,0
DA:16,0
DA:18,1
LF:12
LH:8
BRDA:9,0,0,2
BRDA:9,0,1,2
BRDA:13,1,0,0
BRDA:15,2,0,0
BRDA:15,2,1,0
BRF:5
BRH:2
end_of_record
TN:
SF:src/entities/Entity.ts
FN:1,(anonymous_0)
FN:4,(anonymous_2)
FNF:2
FNH:1
FNDA:16,(anonymous_0)
FNDA:0,(anonymous_2)
DA:1,1
DA:4,1
DA:5,0
DA:7,1
LF:4
LH:3
BRF:0
BRH:0
end_of_record
TN:
SF:src/entities/Game.ts
FN:5,(anonymous_20)
FN:9,Game
FN:14,(anonymous_22)
FN:18,(anonymous_23)
FNF:4
FNH:2
FNDA:1,(anonymous_20)
FNDA:1,Game
FNDA:0,(anonymous_22)
FNDA:0,(anonymous_23)
DA:3,1
DA:5,1
DA:9,1
DA:10,1
DA:11,1
DA:14,1
DA:15,0
DA:18,1
DA:19,0
DA:20,0
DA:28,0
DA:30,0
DA:37,1
LF:13
LH:8
BRDA:10,0,0,1
BRDA:10,0,1,1
BRDA:19,1,0,0
BRDA:19,1,1,0
BRF:4
BRH:2
end_of_record
TN:
SF:src/entities/Player.ts
FN:5,(anonymous_20)
FN:8,Player
FN:18,(anonymous_22)
FNF:3
FNH:2
FNDA:1,(anonymous_20)
FNDA:9,Player
FNDA:0,(anonymous_22)
DA:3,1
DA:5,1
DA:9,9
DA:10,9
DA:11,9
DA:14,9
DA:15,9
DA:18,1
DA:19,0
DA:20,0
DA:21,0
DA:25,0
DA:26,0
DA:28,0
DA:35,0
DA:38,1
LF:16
LH:9
BRDA:14,0,0,9
BRDA:14,0,1,9
BRDA:28,1,0,0
BRDA:19,2,0,0
BRDA:19,2,1,0
BRDA:25,3,0,0
BRDA:25,3,1,0
BRF:7
BRH:2
end_of_record
TN:
SF:src/entities/Pocket.ts
FN:4,(anonymous_13)
FN:5,Pocket
FN:12,(anonymous_15)
FNF:3
FNH:1
FNDA:1,(anonymous_13)
FNDA:0,Pocket
FNDA:0,(anonymous_15)
DA:4,1
DA:6,0
DA:7,0
DA:8,0
DA:9,0
DA:12,1
DA:13,0
DA:19,1
LF:8
LH:3
BRDA:13,0,0,0
BRF:1
BRH:0
end_of_record
TN:
SF:src/entities/Seat.ts
FN:6,(anonymous_20)
FN:7,Seat
FN:15,(anonymous_22)
FNF:3
FNH:1
FNDA:1,(anonymous_20)
FNDA:0,Seat
FNDA:0,(anonymous_22)
DA:1,1
DA:4,1
DA:6,1
DA:8,0
DA:9,0
DA:10,0
DA:12,0
DA:15,1
DA:16,0
DA:17,0
DA:25,0
DA:27,1
LF:12
LH:5
BRDA:12,0,0,0
BRDA:12,0,1,0
BRDA:16,1,0,0
BRDA:16,1,1,0
BRF:4
BRH:0
end_of_record
TN:
SF:src/entities/Table.ts
FN:7,(anonymous_26)
FN:8,Table
FN:16,(anonymous_28)
FNF:3
FNH:2
FNDA:1,(anonymous_26)
FNDA:1,Table
FNDA:0,(anonymous_28)
DA:1,1
DA:2,1
DA:5,1
DA:7,1
DA:9,1
DA:10,1
DA:11,1
DA:13,1
DA:16,1
DA:17,0
DA:18,0
DA:19,0
DA:20,0
DA:22,1
LF:14
LH:10
BRDA:13,0,0,1
BRDA:13,0,1,1
BRDA:17,1,0,0
BRDA:19,2,0,0
BRDA:19,2,1,0
BRF:5
BRH:2
end_of_record
TN:
SF:src/entities/index.ts
FN:1,(anonymous_1)
FN:2,(anonymous_2)
FN:3,(anonymous_3)
FN:4,(anonymous_4)
FN:5,(anonymous_5)
FN:6,(anonymous_6)
FN:7,(anonymous_7)
FN:8,(anonymous_8)
FN:9,(anonymous_9)
FNF:9
FNH:6
FNDA:0,(anonymous_1)
FNDA:2,(anonymous_2)
FNDA:1,(anonymous_3)
FNDA:2,(anonymous_4)
FNDA:1,(anonymous_5)
FNDA:9,(anonymous_6)
FNDA:0,(anonymous_7)
FNDA:0,(anonymous_8)
FNDA:1,(anonymous_9)
DA:1,1
DA:2,3
DA:3,2
DA:4,3
DA:5,2
DA:6,10
DA:7,1
DA:8,1
DA:9,2
LF:9
LH:9
BRF:0
BRH:0
end_of_record
TN:
SF:src/enums/ActionType.ts
FN:1,(anonymous_0)
FNF:1
FNH:1
FNDA:1,(anonymous_0)
DA:1,1
DA:2,1
DA:3,1
DA:4,1
DA:7,1
LF:5
LH:5
BRDA:1,0,0,1
BRDA:1,0,1,1
BRF:2
BRH:2
end_of_record
TN:
SF:src/enums/BlindSize.ts
FN:1,(anonymous_0)
FNF:1
FNH:1
FNDA:1,(anonymous_0)
DA:1,1
DA:2,1
DA:3,1
DA:6,1
LF:4
LH:4
BRDA:1,0,0,1
BRDA:1,0,1,1
BRF:2
BRH:2
end_of_record
TN:
SF:src/enums/BlindType.ts
FN:1,(anonymous_0)
FNF:1
FNH:1
FNDA:1,(anonymous_0)
DA:1,1
DA:2,1
DA:3,1
DA:6,1
LF:4
LH:4
BRDA:1,0,0,1
BRDA:1,0,1,1
BRF:2
BRH:2
end_of_record
TN:
SF:src/enums/CasinoName.ts
FN:1,(anonymous_0)
FNF:1
FNH:1
FNDA:1,(anonymous_0)
DA:1,1
DA:2,1
DA:3,1
DA:6,1
LF:4
LH:4
BRDA:1,0,0,1
BRDA:1,0,1,1
BRF:2
BRH:2
end_of_record
TN:
SF:src/enums/Protocol.ts
FN:1,(anonymous_0)
FNF:1
FNH:1
FNDA:1,(anonymous_0)
DA:1,1
DA:2,1
DA:3,1
DA:6,1
LF:4
LH:4
BRDA:1,0,0,1
BRDA:1,0,1,1
BRF:2
BRH:2
end_of_record
TN:
SF:src/enums/Street.ts
FN:1,(anonymous_0)
FNF:1
FNH:1
FNDA:1,(anonymous_0)
DA:1,1
DA:2,1
DA:3,1
DA:4,1
DA:5,1
DA:8,1
LF:6
LH:6
BRDA:1,0,0,1
BRDA:1,0,1,1
BRF:2
BRH:2
end_of_record
TN:
SF:src/enums/index.ts
FN:1,(anonymous_1)
FN:3,(anonymous_2)
FN:4,(anonymous_3)
FN:5,(anonymous_4)
FN:6,(anonymous_5)
FN:7,(anonymous_6)
FNF:6
FNH:2
FNDA:0,(anonymous_1)
FNDA:2,(anonymous_2)
FNDA:0,(anonymous_3)
FNDA:0,(anonymous_4)
FNDA:0,(anonymous_5)
FNDA:1,(anonymous_6)
DA:1,1
DA:3,3
DA:4,1
DA:5,1
DA:6,1
DA:7,2
LF:6
LH:6
BRF:0
BRH:0
end_of_record
TN:
SF:src/errors/index.ts
FN:1,(anonymous_1)
FN:2,(anonymous_2)
FN:3,(anonymous_3)
FN:4,(anonymous_4)
FN:5,(anonymous_5)
FN:6,(anonymous_6)
FN:7,(anonymous_7)
FN:8,(anonymous_8)
FN:9,(anonymous_9)
FN:10,(anonymous_10)
FN:11,(anonymous_11)
FN:12,(anonymous_12)
FN:13,(anonymous_13)
FN:14,(anonymous_14)
FNF:14
FNH:1
FNDA:0,(anonymous_1)
FNDA:0,(anonymous_2)
FNDA:0,(anonymous_3)
FNDA:0,(anonymous_4)
FNDA:0,(anonymous_5)
FNDA:0,(anonymous_6)
FNDA:0,(anonymous_7)
FNDA:0,(anonymous_8)
FNDA:0,(anonymous_9)
FNDA:0,(anonymous_10)
FNDA:0,(anonymous_11)
FNDA:1,(anonymous_12)
FNDA:0,(anonymous_13)
FNDA:0,(anonymous_14)
DA:1,1
DA:2,1
DA:3,1
DA:4,1
DA:5,1
DA:6,1
DA:7,1
DA:8,1
DA:9,1
DA:10,1
DA:11,1
DA:12,2
DA:13,1
DA:14,1
LF:14
LH:14
BRF:0
BRH:0
end_of_record
TN:
SF:src/factories/ControllerFactory.ts
FN:8,(anonymous_5)
FN:9,ControllerFactory
FN:14,(anonymous_7)
FNF:3
FNH:3
FNDA:1,(anonymous_5)
FNDA:1,ControllerFactory
FNDA:2,(anonymous_7)
DA:1,1
DA:3,1
DA:4,1
DA:5,1
DA:8,1
DA:10,1
DA:11,1
DA:14,1
DA:15,2
DA:17,1
LF:10
LH:10
BRF:0
BRH:0
end_of_record
TN:
SF:src/factories/LibrarianFactory.ts
FN:8,(anonymous_5)
FN:9,LibrarianFactory
FN:11,(anonymous_7)
FNF:3
FNH:3
FNDA:1,(anonymous_5)
FNDA:1,LibrarianFactory
FNDA:2,(anonymous_7)
DA:1,1
DA:3,1
DA:4,1
DA:5,1
DA:8,1
DA:9,1
DA:11,1
DA:12,2
DA:14,1
LF:9
LH:9
BRF:0
BRH:0
end_of_record
TN:
SF:src/factories/index.ts
FN:1,(anonymous_1)
FN:2,(anonymous_2)
FNF:2
FNH:2
FNDA:1,(anonymous_1)
FNDA:1,(anonymous_2)
DA:1,2
DA:2,2
LF:2
LH:2
BRF:0
BRH:0
end_of_record
TN:
SF:src/models/Controller.ts
FN:7,(anonymous_13)
FN:10,Controller
FN:14,(anonymous_15)
FN:18,(anonymous_16)
FN:23,(anonymous_17)
FN:27,(anonymous_18)
FN:31,(anonymous_19)
FN:35,(anonymous_20)
FN:39,(anonymous_21)
FN:43,(anonymous_22)
FN:47,(anonymous_23)
FN:51,(anonymous_24)
FN:56,(anonymous_25)
FN:75,(anonymous_28)
FN:79,(anonymous_29)
FN:83,(anonymous_30)
FN:92,(anonymous_33)
FN:97,(anonymous_36)
FNF:18
FNH:13
FNDA:1,(anonymous_13)
FNDA:2,Controller
FNDA:1,(anonymous_15)
FNDA:1,(anonymous_16)
FNDA:1,(anonymous_17)
FNDA:2,(anonymous_18)
FNDA:9,(anonymous_19)
FNDA:2,(anonymous_20)
FNDA:1,(anonymous_21)
FNDA:0,(anonymous_22)
FNDA:2,(anonymous_23)
FNDA:0,(anonymous_24)
FNDA:1,(anonymous_25)
FNDA:2,(anonymous_28)
FNDA:0,(anonymous_29)
FNDA:0,(anonymous_30)
FNDA:0,(anonymous_33)
FNDA:1,(anonymous_36)
DA:1,1
DA:3,1
DA:7,1
DA:10,2
DA:11,2
DA:14,1
DA:15,1
DA:18,1
DA:19,1
DA:20,1
DA:23,1
DA:24,1
DA:27,1
DA:28,2
DA:31,1
DA:32,9
DA:35,1
DA:36,2
DA:39,1
DA:40,1
DA:43,1
DA:44,0
DA:47,1
DA:48,2
DA:51,1
DA:52,0
DA:53,0
DA:56,1
DA:57,1
DA:58,1
DA:59,1
DA:60,1
DA:61,1
DA:62,0
DA:63,0
DA:64,0
DA:75,1
DA:76,2
DA:79,1
DA:80,0
DA:83,1
DA:88,0
DA:89,0
DA:92,1
DA:93,0
DA:94,0
DA:97,1
DA:98,1
DA:99,2
DA:101,1
LF:50
LH:39
BRDA:52,0,0,0
BRDA:52,0,1,0
BRF:2
BRH:0
end_of_record
TN:
SF:src/models/Curator.ts
FN:28,(anonymous_18)
FN:37,Curator
FN:44,(anonymous_20)
FN:54,(anonymous_21)
FN:58,(anonymous_22)
FN:82,(anonymous_25)
FN:93,(anonymous_28)
FN:98,(anonymous_29)
FN:104,(anonymous_32)
FN:114,(anonymous_35)
FN:119,(anonymous_38)
FN:127,(anonymous_41)
FN:133,(anonymous_44)
FN:140,(anonymous_47)
FN:144,(anonymous_50)
FN:144,(anonymous_51)
FN:152,(anonymous_53)
FN:156,(anonymous_56)
FN:156,(anonymous_57)
FNF:19
FNH:3
FNDA:1,(anonymous_18)
FNDA:1,Curator
FNDA:1,(anonymous_20)
FNDA:0,(anonymous_21)
FNDA:0,(anonymous_22)
FNDA:0,(anonymous_25)
FNDA:0,(anonymous_28)
FNDA:0,(anonymous_29)
FNDA:0,(anonymous_32)
FNDA:0,(anonymous_35)
FNDA:0,(anonymous_38)
FNDA:0,(anonymous_41)
FNDA:0,(anonymous_44)
FNDA:0,(anonymous_47)
FNDA:0,(anonymous_50)
FNDA:0,(anonymous_51)
FNDA:0,(anonymous_53)
FNDA:0,(anonymous_56)
FNDA:0,(anonymous_57)
DA:1,1
DA:13,1
DA:23,1
DA:24,1
DA:25,1
DA:28,1
DA:38,1
DA:39,1
DA:41,1
DA:44,1
DA:45,1
DA:46,1
DA:47,1
DA:48,1
DA:49,1
DA:50,1
DA:51,1
DA:54,1
DA:55,0
DA:58,1
DA:67,0
DA:68,0
DA:69,0
DA:70,0
DA:71,0
DA:72,0
DA:73,0
DA:74,0
DA:75,0
DA:76,0
DA:77,0
DA:78,0
DA:79,0
DA:82,1
DA:83,0
DA:84,0
DA:85,0
DA:86,0
DA:87,0
DA:88,0
DA:89,0
DA:90,0
DA:93,1
DA:94,0
DA:95,0
DA:98,1
DA:99,0
DA:100,0
DA:101,0
DA:104,1
DA:105,0
DA:106,0
DA:107,0
DA:108,0
DA:109,0
DA:110,0
DA:111,0
DA:114,1
DA:115,0
DA:116,0
DA:117,0
DA:118,0
DA:119,0
DA:120,0
DA:121,0
DA:122,0
DA:127,1
DA:128,0
DA:129,0
DA:130,0
DA:131,0
DA:132,0
DA:133,0
DA:134,0
DA:135,0
DA:140,1
DA:141,0
DA:142,0
DA:143,0
DA:144,0
DA:145,0
DA:146,0
DA:147,0
DA:152,1
DA:153,0
DA:154,0
DA:155,0
DA:156,0
DA:157,0
DA:158,0
DA:159,0
DA:163,1
LF:92
LH:28
BRDA:45,0,0,0
BRDA:45,0,1,1
BRDA:45,1,0,0
BRDA:45,1,1,1
BRDA:45,2,0,1
BRDA:45,2,1,1
BRDA:45,3,0,0
BRDA:45,3,1,1
BRDA:45,4,0,1
BRDA:45,4,1,1
BRDA:83,5,0,0
BRDA:83,5,1,0
BRDA:84,6,0,0
BRDA:84,6,1,0
BRDA:88,7,0,0
BRDA:88,7,1,0
BRDA:88,8,0,0
BRDA:88,8,1,0
BRDA:89,9,0,0
BRDA:89,9,1,0
BRDA:89,10,0,0
BRDA:89,10,1,0
BRDA:89,11,0,0
BRDA:89,11,1,0
BRDA:94,12,0,0
BRDA:94,12,1,0
BRDA:99,13,0,0
BRDA:99,13,1,0
BRDA:99,14,0,0
BRDA:99,14,1,0
BRDA:99,15,0,0
BRDA:99,15,1,0
BRDA:100,16,0,0
BRDA:100,16,1,0
BRDA:105,17,0,0
BRDA:105,17,1,0
BRDA:105,18,0,0
BRDA:105,18,1,0
BRDA:105,19,0,0
BRDA:105,19,1,0
BRDA:106,20,0,0
BRDA:106,20,1,0
BRDA:106,21,0,0
BRDA:106,21,1,0
BRDA:106,22,0,0
BRDA:106,22,1,0
BRDA:107,23,0,0
BRDA:107,23,1,0
BRDA:115,24,0,0
BRDA:115,24,1,0
BRDA:115,25,0,0
BRDA:115,25,1,0
BRDA:115,26,0,0
BRDA:115,26,1,0
BRDA:116,27,0,0
BRDA:116,27,1,0
BRDA:120,28,0,0
BRDA:120,28,1,0
BRDA:120,29,0,0
BRDA:120,29,1,0
BRDA:120,30,0,0
BRDA:120,30,1,0
BRDA:129,31,0,0
BRDA:129,31,1,0
BRDA:129,32,0,0
BRDA:129,32,1,0
BRDA:129,33,0,0
BRDA:129,33,1,0
BRDA:130,34,0,0
BRDA:130,34,1,0
BRDA:134,35,0,0
BRDA:134,35,1,0
BRDA:141,36,0,0
BRDA:141,36,1,0
BRDA:145,37,0,0
BRDA:145,37,1,0
BRDA:145,38,0,0
BRDA:145,38,1,0
BRDA:146,39,0,0
BRDA:146,39,1,0
BRDA:146,40,0,0
BRDA:146,40,1,0
BRDA:146,41,0,0
BRDA:146,41,1,0
BRDA:153,42,0,0
BRDA:153,42,1,0
BRDA:157,43,0,0
BRDA:157,43,1,0
BRDA:157,44,0,0
BRDA:157,44,1,0
BRDA:158,45,0,0
BRDA:158,45,1,0
BRDA:158,46,0,0
BRDA:158,46,1,0
BRDA:158,47,0,0
BRDA:158,47,1,0
BRF:96
BRH:7
end_of_record
TN:
SF:src/models/Librarian.ts
FN:28,(anonymous_0)
FN:41,Librarian
FN:51,(anonymous_2)
FN:55,(anonymous_3)
FN:63,(anonymous_4)
FN:67,(anonymous_5)
FN:71,(anonymous_6)
FN:75,(anonymous_7)
FN:79,(anonymous_8)
FN:83,(anonymous_9)
FN:87,(anonymous_10)
FN:91,(anonymous_11)
FN:95,(anonymous_12)
FN:100,(anonymous_13)
FN:105,(anonymous_14)
FN:110,(anonymous_15)
FN:113,(anonymous_16)
FN:126,(anonymous_17)
FN:134,(anonymous_18)
FN:138,(anonymous_19)
FN:147,(anonymous_20)
FN:151,(anonymous_21)
FN:155,(anonymous_22)
FN:164,(anonymous_23)
FN:169,(anonymous_24)
FN:188,(anonymous_25)
FN:191,(anonymous_26)
FNF:27
FNH:17
FNDA:1,(anonymous_0)
FNDA:2,Librarian
FNDA:0,(anonymous_2)
FNDA:2,(anonymous_3)
FNDA:1,(anonymous_4)
FNDA:9,(anonymous_5)
FNDA:2,(anonymous_6)
FNDA:1,(anonymous_7)
FNDA:2,(anonymous_8)
FNDA:0,(anonymous_9)
FNDA:2,(anonymous_10)
FNDA:0,(anonymous_11)
FNDA:1,(anonymous_12)
FNDA:1,(anonymous_13)
FNDA:1,(anonymous_14)
FNDA:1,(anonymous_15)
FNDA:1,(anonymous_16)
FNDA:0,(anonymous_17)
FNDA:1,(anonymous_18)
FNDA:0,(anonymous_19)
FNDA:1,(anonymous_20)
FNDA:0,(anonymous_21)
FNDA:2,(anonymous_22)
FNDA:0,(anonymous_23)
FNDA:0,(anonymous_24)
FNDA:0,(anonymous_25)
FNDA:0,(anonymous_26)
DA:12,1
DA:13,1
DA:25,1
DA:26,1
DA:28,1
DA:41,2
DA:42,2
DA:43,2
DA:44,2
DA:45,2
DA:46,2
DA:47,2
DA:48,2
DA:51,1
DA:52,0
DA:55,1
DA:56,2
DA:57,1
DA:59,1
DA:63,1
DA:64,1
DA:67,1
DA:68,9
DA:71,1
DA:72,2
DA:75,1
DA:76,1
DA:79,1
DA:80,2
DA:83,1
DA:84,0
DA:87,1
DA:88,2
DA:91,1
DA:92,0
DA:95,1
DA:96,1
DA:97,1
DA:100,1
DA:101,1
DA:102,1
DA:105,1
DA:106,1
DA:107,1
DA:110,1
DA:111,1
DA:112,1
DA:113,1
DA:114,1
DA:115,1
DA:116,1
DA:117,1
DA:118,1
DA:119,1
DA:120,0
DA:121,0
DA:122,0
DA:126,1
DA:127,0
DA:128,0
DA:130,0
DA:134,1
DA:135,1
DA:138,1
DA:143,0
DA:144,0
DA:147,1
DA:148,1
DA:151,1
DA:152,0
DA:155,1
DA:156,2
DA:157,2
DA:158,2
DA:159,2
DA:160,2
DA:161,2
DA:164,1
DA:165,0
DA:166,0
DA:167,0
DA:168,0
DA:169,0
DA:170,0
DA:171,0
DA:172,0
DA:173,0
DA:176,0
DA:180,0
DA:184,0
DA:188,1
DA:189,0
DA:190,0
DA:191,0
DA:192,0
DA:193,0
DA:194,0
DA:195,0
DA:198,1
LF:99
LH:68
BRDA:56,0,0,1
BRDA:56,0,1,1
BRDA:96,1,0,0
BRDA:96,1,1,1
BRDA:101,2,0,0
BRDA:101,2,1,1
BRDA:101,3,0,1
BRDA:101,3,1,1
BRDA:106,4,0,0
BRDA:106,4,1,1
BRDA:111,5,0,0
BRDA:111,5,1,1
BRDA:114,6,0,0
BRDA:114,6,1,1
BRDA:118,7,0,0
BRDA:118,7,1,1
BRDA:119,8,0,1
BRDA:119,8,1,0
BRDA:127,9,0,0
BRDA:127,9,1,0
BRDA:143,10,0,0
BRDA:143,10,1,0
BRDA:156,11,0,1
BRDA:156,11,1,1
BRDA:156,12,0,1
BRDA:156,12,1,1
BRDA:156,13,0,2
BRDA:156,13,1,2
BRDA:156,14,0,1
BRDA:156,14,1,1
BRDA:156,15,0,2
BRDA:156,15,1,2
BRDA:165,16,0,0
BRDA:165,16,1,0
BRDA:165,17,0,0
BRDA:165,17,1,0
BRDA:166,18,0,0
BRDA:166,18,1,0
BRDA:170,19,0,0
BRDA:170,19,1,0
BRDA:172,20,0,0
BRDA:172,20,1,0
BRDA:172,21,0,0
BRDA:172,21,1,0
BRDA:172,21,2,0
BRDA:172,21,3,0
BRDA:176,22,0,0
BRDA:176,22,1,0
BRDA:177,23,0,0
BRDA:177,23,1,0
BRDA:177,23,2,0
BRDA:177,23,3,0
BRDA:189,24,0,0
BRDA:189,24,1,0
BRDA:193,25,0,0
BRDA:193,25,1,0
BRDA:193,26,0,0
BRDA:193,26,1,0
BRF:58
BRH:21
end_of_record
TN:
SF:src/models/Stopwatch.ts
FN:4,(anonymous_2)
FN:7,Stopwatch
FN:11,(anonymous_4)
FNF:3
FNH:2
FNDA:1,(anonymous_2)
FNDA:1,Stopwatch
FNDA:0,(anonymous_4)
DA:1,1
DA:4,1
DA:8,1
DA:11,1
DA:12,0
DA:13,0
DA:14,0
DA:15,0
DA:17,1
LF:9
LH:5
BRF:0
BRH:0
end_of_record
TN:
SF:src/models/Tallier.ts
FN:5,(anonymous_2)
FN:9,StreetTallier
FN:14,(anonymous_4)
FNF:3
FNH:2
FNDA:1,(anonymous_2)
FNDA:1,StreetTallier
FNDA:0,(anonymous_4)
DA:1,1
DA:2,1
DA:5,1
DA:10,1
DA:11,1
DA:14,1
DA:15,0
DA:16,0
DA:18,0
DA:19,0
DA:20,0
DA:23,1
LF:12
LH:7
BRDA:15,0,0,0
BRDA:15,0,1,0
BRF:2
BRH:0
end_of_record
TN:
SF:src/models/index.ts
FN:1,(anonymous_1)
FN:2,(anonymous_2)
FN:3,(anonymous_3)
FN:4,(anonymous_4)
FN:5,(anonymous_5)
FN:6,(anonymous_6)
FN:7,(anonymous_7)
FN:8,(anonymous_8)
FN:9,(anonymous_9)
FNF:9
FNH:9
FNDA:2,(anonymous_1)
FNDA:2,(anonymous_2)
FNDA:2,(anonymous_3)
FNDA:1,(anonymous_4)
FNDA:1,(anonymous_5)
FNDA:1,(anonymous_6)
FNDA:1,(anonymous_7)
FNDA:1,(anonymous_8)
FNDA:1,(anonymous_9)
DA:1,3
DA:2,3
DA:3,3
DA:4,2
DA:5,2
DA:6,2
DA:7,2
DA:8,2
DA:9,2
LF:9
LH:9
BRF:0
BRH:0
end_of_record
TN:
SF:src/models/mem-cache/MemCache.ts
FN:5,(anonymous_18)
FN:9,MemCache
FN:13,(anonymous_20)
FN:21,(anonymous_23)
FN:28,(anonymous_26)
FN:32,(anonymous_27)
FNF:6
FNH:3
FNDA:1,(anonymous_18)
FNDA:2,MemCache
FNDA:0,(anonymous_20)
FNDA:1,(anonymous_23)
FNDA:0,(anonymous_26)
FNDA:0,(anonymous_27)
DA:1,1
DA:2,1
DA:5,1
DA:9,2
DA:10,2
DA:11,2
DA:13,2
DA:14,0
DA:15,0
DA:18,2
DA:21,1
DA:22,1
DA:24,1
DA:28,1
DA:29,0
DA:32,1
DA:33,0
DA:35,1
LF:18
LH:14
BRDA:15,0,0,0
BRDA:15,0,1,0
BRDA:24,1,0,1
BRDA:24,1,1,0
BRF:4
BRH:1
end_of_record
TN:
SF:src/models/mem-cache/index.ts
FN:1,(anonymous_1)
FNF:1
FNH:1
FNDA:1,(anonymous_1)
DA:1,2
LF:1
LH:1
BRF:0
BRH:0
end_of_record
TN:
SF:src/models/position-map/PositionMap.ts
FN:5,(anonymous_1)
FN:8,PositionMap
FN:21,(anonymous_3)
FNF:3
FNH:3
FNDA:1,(anonymous_1)
FNDA:1,PositionMap
FNDA:1,(anonymous_3)
DA:1,1
DA:2,1
DA:3,1
DA:5,1
DA:9,1
DA:10,1
DA:11,1
DA:12,1
DA:13,9
DA:14,9
DA:15,2
DA:16,2
DA:18,1
DA:21,1
DA:22,1
DA:23,1
DA:24,1
DA:26,1
LF:18
LH:18
BRDA:9,0,0,0
BRDA:9,0,1,1
BRDA:9,1,0,1
BRDA:9,1,1,1
BRDA:14,2,0,7
BRDA:14,2,1,2
BRDA:23,3,0,0
BRDA:23,3,1,1
BRF:8
BRH:6
end_of_record
TN:
SF:src/models/position-map/index.ts
FN:1,(anonymous_1)
FNF:1
FNH:1
FNDA:1,(anonymous_1)
DA:1,2
LF:1
LH:1
BRF:0
BRH:0
end_of_record
TN:
SF:src/models/router/Router.ts
FN:15,(anonymous_5)
FN:23,(anonymous_6)
FN:26,Router
FN:30,(anonymous_8)
FN:40,(anonymous_9)
FN:44,(anonymous_10)
FNF:6
FNH:5
FNDA:20,(anonymous_5)
FNDA:1,(anonymous_6)
FNDA:1,Router
FNDA:20,(anonymous_8)
FNDA:0,(anonymous_9)
FNDA:1,(anonymous_10)
DA:1,1
DA:2,1
DA:3,1
DA:15,1
DA:16,40
DA:17,20
DA:19,0
DA:23,1
DA:26,1
DA:27,1
DA:30,1
DA:31,20
DA:32,1
DA:33,1
DA:35,19
DA:36,0
DA:37,19
DA:40,1
DA:41,0
DA:44,1
DA:46,1
DA:47,1
DA:48,1
DA:49,1
DA:52,1
DA:53,1
DA:58,1
LF:27
LH:24
BRDA:17,0,0,20
BRDA:17,0,1,0
BRDA:31,1,0,1
BRDA:31,1,1,19
BRDA:33,2,0,0
BRDA:33,2,1,1
BRDA:33,3,0,1
BRDA:33,3,1,1
BRDA:35,4,0,0
BRDA:35,4,1,19
BRDA:35,5,0,19
BRDA:35,5,1,19
BRDA:37,6,0,0
BRDA:37,6,1,19
BRDA:37,7,0,19
BRDA:37,7,1,19
BRDA:47,8,0,1
BRDA:47,8,1,0
BRDA:52,9,0,1
BRDA:52,9,1,0
BRF:20
BRH:14
end_of_record
TN:
SF:src/models/router/index.ts
FN:1,(anonymous_1)
FNF:1
FNH:1
FNDA:1,(anonymous_1)
DA:1,2
LF:1
LH:1
BRF:0
BRH:0
end_of_record
TN:
SF:src/models/wire/Wire.ts
FN:7,(anonymous_18)
FN:8,Wire
FN:14,(anonymous_20)
FN:23,(anonymous_23)
FN:31,(anonymous_26)
FN:35,(anonymous_29)
FN:39,(anonymous_32)
FNF:7
FNH:2
FNDA:1,(anonymous_18)
FNDA:1,Wire
FNDA:0,(anonymous_20)
FNDA:0,(anonymous_23)
FNDA:0,(anonymous_26)
FNDA:0,(anonymous_29)
FNDA:0,(anonymous_32)
DA:2,1
DA:4,1
DA:7,1
DA:9,1
DA:10,1
DA:11,1
DA:14,1
DA:15,0
DA:20,0
DA:23,1
DA:24,0
DA:28,0
DA:31,1
DA:32,0
DA:35,1
DA:36,0
DA:39,1
DA:40,0
DA:41,0
DA:45,1
LF:20
LH:12
BRDA:15,0,0,0
BRDA:24,1,0,0
BRDA:32,2,0,0
BRDA:36,3,0,0
BRDA:42,4,0,0
BRDA:42,4,1,0
BRF:6
BRH:0
end_of_record
TN:
SF:src/models/wire/index.ts
FN:1,(anonymous_1)
FNF:1
FNH:1
FNDA:2,(anonymous_1)
DA:1,3
LF:1
LH:1
BRF:0
BRH:0
end_of_record
TN:
SF:src/repositories/Action.ts
FN:6,(anonymous_0)
FN:7,ActionRepository
FN:9,(anonymous_2)
FNF:3
FNH:2
FNDA:1,(anonymous_0)
FNDA:1,ActionRepository
FNDA:0,(anonymous_2)
DA:1,1
DA:6,1
DA:7,1
DA:9,1
DA:10,0
DA:12,1
LF:6
LH:5
BRF:0
BRH:0
end_of_record
TN:
SF:src/repositories/Blind.ts
FN:6,(anonymous_0)
FN:7,BlindRepository
FN:9,(anonymous_2)
FNF:3
FNH:3
FNDA:1,(anonymous_0)
FNDA:1,BlindRepository
FNDA:2,(anonymous_2)
DA:1,1
DA:6,1
DA:7,1
DA:9,1
DA:10,2
DA:12,1
LF:6
LH:6
BRF:0
BRH:0
end_of_record
TN:
SF:src/repositories/Board.ts
FN:5,(anonymous_0)
FN:6,BoardRepository
FN:8,(anonymous_2)
FNF:3
FNH:3
FNDA:1,(anonymous_0)
FNDA:1,BoardRepository
FNDA:1,(anonymous_2)
DA:1,1
DA:5,1
DA:6,1
DA:8,1
DA:9,1
DA:11,1
LF:6
LH:6
BRF:0
BRH:0
end_of_record
TN:
SF:src/repositories/Casino.ts
FN:5,(anonymous_0)
FN:6,CasinoRepository
FN:8,(anonymous_2)
FNF:3
FNH:3
FNDA:1,(anonymous_0)
FNDA:1,CasinoRepository
FNDA:2,(anonymous_2)
DA:1,1
DA:5,1
DA:6,1
DA:8,1
DA:9,2
DA:11,1
LF:6
LH:6
BRF:0
BRH:0
end_of_record
TN:
SF:src/repositories/Game.ts
FN:5,(anonymous_0)
FN:6,GameRepository
FN:8,(anonymous_2)
FNF:3
FNH:3
FNDA:1,(anonymous_0)
FNDA:1,GameRepository
FNDA:1,(anonymous_2)
DA:1,1
DA:5,1
DA:6,1
DA:8,1
DA:9,1
DA:11,1
LF:6
LH:6
BRF:0
BRH:0
end_of_record
TN:
SF:src/repositories/Player.ts
FN:5,(anonymous_0)
FN:6,PlayerRepository
FN:8,(anonymous_2)
FNF:3
FNH:3
FNDA:1,(anonymous_0)
FNDA:1,PlayerRepository
FNDA:9,(anonymous_2)
DA:1,1
DA:5,1
DA:6,1
DA:8,1
DA:9,9
DA:10,9
DA:11,9
DA:13,1
LF:8
LH:8
BRDA:9,0,0,9
BRDA:9,0,1,0
BRF:2
BRH:1
end_of_record
TN:
SF:src/repositories/Pocket.ts
FN:6,(anonymous_0)
FN:7,PocketRepository
FN:9,(anonymous_2)
FNF:3
FNH:2
FNDA:1,(anonymous_0)
FNDA:1,PocketRepository
FNDA:0,(anonymous_2)
DA:1,1
DA:6,1
DA:7,1
DA:9,1
DA:10,0
DA:12,1
LF:6
LH:5
BRF:0
BRH:0
end_of_record
TN:
SF:src/repositories/Seat.ts
FN:5,(anonymous_0)
FN:6,SeatRepository
FN:8,(anonymous_2)
FNF:3
FNH:2
FNDA:1,(anonymous_0)
FNDA:1,SeatRepository
FNDA:0,(anonymous_2)
DA:1,1
DA:5,1
DA:6,1
DA:8,1
DA:9,0
DA:11,1
LF:6
LH:5
BRF:0
BRH:0
end_of_record
TN:
SF:src/repositories/Table.ts
FN:6,(anonymous_0)
FN:10,TableRepository
FN:12,(anonymous_2)
FNF:3
FNH:3
FNDA:1,(anonymous_0)
FNDA:1,TableRepository
FNDA:1,(anonymous_2)
DA:1,1
DA:6,1
DA:10,1
DA:12,1
DA:13,1
DA:15,1
LF:6
LH:6
BRF:0
BRH:0
end_of_record
TN:
SF:src/repositories/index.ts
FN:17,(anonymous_5)
FN:28,Repositories
FNF:2
FNH:2
FNDA:1,(anonymous_5)
FNDA:1,Repositories
DA:1,1
DA:2,1
DA:3,1
DA:4,1
DA:5,1
DA:6,1
DA:7,1
DA:8,1
DA:9,1
DA:10,1
DA:11,1
DA:12,1
DA:14,1
DA:17,1
DA:29,1
DA:30,1
DA:31,1
DA:32,1
DA:33,1
DA:34,1
DA:35,1
DA:36,1
DA:37,1
DA:39,1
LF:24
LH:24
BRF:0
BRH:0
end_of_record
TN:
SF:src/utils/index.ts
FN:1,(anonymous_1)
FNF:1
FNH:1
FNDA:22,(anonymous_1)
DA:1,23
LF:1
LH:1
BRF:0
BRH:0
end_of_record
TN:
SF:src/utils/seat-chart/SeatChart.ts
FN:4,(anonymous_7)
FN:7,SeatChart
FN:11,(anonymous_9)
FN:12,(anonymous_10)
FN:15,(anonymous_11)
FN:20,(anonymous_12)
FN:25,(anonymous_13)
FN:30,(anonymous_14)
FN:31,(anonymous_15)
FN:37,(anonymous_16)
FN:38,(anonymous_17)
FN:49,(anonymous_18)
FN:53,(anonymous_19)
FNF:13
FNH:6
FNDA:1,(anonymous_7)
FNDA:23,SeatChart
FNDA:0,(anonymous_9)
FNDA:0,(anonymous_10)
FNDA:0,(anonymous_11)
FNDA:12,(anonymous_12)
FNDA:15,(anonymous_13)
FNDA:0,(anonymous_14)
FNDA:0,(anonymous_15)
FNDA:0,(anonymous_16)
FNDA:0,(anonymous_17)
FNDA:1,(anonymous_18)
FNDA:1,(anonymous_19)
DA:1,1
DA:2,1
DA:4,1
DA:8,23
DA:11,1
DA:12,0
DA:15,1
DA:16,0
DA:17,0
DA:20,1
DA:21,12
DA:22,12
DA:25,1
DA:26,15
DA:27,15
DA:30,1
DA:31,0
DA:32,0
DA:33,0
DA:37,1
DA:38,0
DA:39,0
DA:40,0
DA:41,0
DA:43,0
DA:44,0
DA:49,1
DA:53,1
DA:54,1
DA:55,1
DA:56,0
DA:58,1
DA:62,1
LF:33
LH:20
BRDA:16,0,0,0
BRDA:16,0,1,0
BRDA:16,1,0,0
BRDA:16,1,1,0
BRDA:21,2,0,0
BRDA:21,2,1,12
BRDA:21,3,0,12
BRDA:21,3,1,12
BRDA:26,4,0,0
BRDA:26,4,1,15
BRDA:26,5,0,15
BRDA:26,5,1,15
BRDA:33,6,0,0
BRDA:33,6,1,0
BRDA:40,7,0,0
BRDA:40,7,1,0
BRDA:55,8,0,0
BRDA:55,8,1,1
BRF:18
BRH:7
end_of_record
TN:
SF:src/utils/seat-chart/index.ts
FN:1,(anonymous_1)
FNF:1
FNH:1
FNDA:23,(anonymous_1)
DA:1,24
LF:1
LH:1
BRF:0
BRH:0
end_of_record
TN:
SF:tests/baseTest.ts
FN:6,default_1
FN:14,(anonymous_15)
FN:15,(anonymous_16)
FN:17,(anonymous_19)
FN:20,(anonymous_20)
FN:34,(anonymous_21)
FN:49,(anonymous_22)
FN:64,(anonymous_23)
FN:79,(anonymous_24)
FN:94,(anonymous_25)
FN:109,(anonymous_26)
FN:138,(anonymous_27)
FN:167,(anonymous_28)
FN:196,(anonymous_29)
FN:225,(anonymous_30)
FN:250,(anonymous_31)
FN:267,(anonymous_32)
FN:284,(anonymous_33)
FNF:18
FNH:18
FNDA:1,default_1
FNDA:1,(anonymous_15)
FNDA:2,(anonymous_16)
FNDA:1,(anonymous_19)
FNDA:1,(anonymous_20)
FNDA:1,(anonymous_21)
FNDA:1,(anonymous_22)
FNDA:1,(anonymous_23)
FNDA:1,(anonymous_24)
FNDA:1,(anonymous_25)
FNDA:1,(anonymous_26)
FNDA:1,(anonymous_27)
FNDA:1,(anonymous_28)
FNDA:1,(anonymous_29)
FNDA:1,(anonymous_30)
FNDA:1,(anonymous_31)
FNDA:1,(anonymous_32)
FNDA:1,(anonymous_33)
DA:1,1
DA:2,1
DA:3,1
DA:6,2
DA:11,1
DA:12,1
DA:14,1
DA:15,1
DA:16,2
DA:17,1
DA:20,1
DA:21,1
DA:34,1
DA:35,1
DA:49,1
DA:50,1
DA:64,1
DA:65,1
DA:79,1
DA:80,1
DA:94,1
DA:95,1
DA:109,1
DA:110,1
DA:123,0
DA:138,1
DA:139,1
DA:152,0
DA:167,1
DA:168,1
DA:181,0
DA:196,1
DA:197,1
DA:210,0
DA:225,1
DA:226,1
DA:250,1
DA:251,1
DA:267,1
DA:268,1
DA:284,1
DA:285,1
LF:42
LH:38
BRDA:16,0,0,1
BRDA:41,1,0,0
BRDA:41,1,1,1
BRF:3
BRH:2
end_of_record
TN:
SF:tests/mockAxios.ts
FN:1,default_1
FN:12,(anonymous_1)
FN:24,(anonymous_2)
FNF:3
FNH:1
FNDA:1,default_1
FNDA:0,(anonymous_1)
FNDA:0,(anonymous_2)
DA:1,1
DA:2,1
DA:9,1
DA:10,1
DA:11,1
DA:12,1
DA:13,0
DA:14,0
DA:15,0
DA:16,0
DA:17,0
DA:18,0
DA:19,0
DA:20,0
DA:24,1
DA:25,0
DA:26,0
DA:27,0
DA:28,0
DA:29,0
DA:30,0
DA:31,0
DA:32,0
DA:33,0
DA:34,0
DA:35,0
DA:37,0
DA:41,1
LF:28
LH:8
BRDA:13,0,0,0
BRDA:13,0,1,0
BRDA:15,1,0,0
BRDA:15,1,1,0
BRDA:17,2,0,0
BRDA:17,2,1,0
BRDA:19,3,0,0
BRDA:19,3,1,0
BRDA:25,4,0,0
BRDA:25,4,1,0
BRDA:27,5,0,0
BRDA:27,5,1,0
BRDA:29,6,0,0
BRDA:29,6,1,0
BRDA:31,7,0,0
BRDA:31,7,1,0
BRDA:33,8,0,0
BRDA:33,8,1,0
BRDA:34,9,0,0
BRDA:34,9,1,0
BRF:20
BRH:0
end_of_record
TN:
SF:tests/mockContainer.ts
FN:5,(anonymous_1)
FN:15,(anonymous_2)
FN:23,(anonymous_3)
FNF:3
FNH:2
FNDA:1,(anonymous_1)
FNDA:0,(anonymous_2)
FNDA:1,(anonymous_3)
DA:2,1
DA:3,1
DA:5,1
DA:10,1
DA:12,1
DA:13,1
DA:15,0
DA:17,1
DA:18,1
DA:20,1
DA:23,1
DA:24,1
DA:27,1
LF:13
LH:12
BRF:0
BRH:0
end_of_record
TN:
SF:tests/bovada/sniffer.ts
FN:100,wsSniffer
FN:103,(anonymous_3)
FNF:2
FNH:2
FNDA:1,wsSniffer
FNDA:20,(anonymous_3)
DA:3,1
DA:100,1
DA:103,1
DA:104,20
LF:4
LH:4
BRF:0
BRH:0
end_of_record
